Exp: 1

Experiment Settings: seq_len-8-lr-0.1-d-32-hid_d-64-last_d-256-time_d-32-e_layers-2-comb_type-add-bs-1100
Experiment time: 2024-07-17 11:12:03.275800
+------------------------------+---------------+---------------+---------------+-------+
| Metric                       | Training      | Validation    | Test          | Epoch |
+------------------------------+---------------+---------------+---------------+-------+
| Train RMSE                   | 228.5837      | 405.3741      | 358.0662      | 9     |
| Val RMSE                     | 291.3882      | 402.8583      | 356.7565      | 4     |
| Test RMSE                    | 266.0282      | 430.8613      | 387.6756      | 7     |
| Best Train Custom Accuracy   | -74.4357      |               |               | 9     |
| Best Val Custom Accuracy     |               | -83.1275      |               | 4     |
| Best Test Custom Accuracy    |               |               | -27.3732      | 7     |
+------------------------------+---------------+---------------+---------------+-------+

Exp: 2

Experiment Settings: seq_len-8-lr-0.01-d-32-hid_d-64-last_d-32-time_d-32-e_layers-2-comb_type-add-bs-1100
Experiment time: 2024-07-17 11:12:38.546038
+------------------------------+---------------+---------------+---------------+-------+
| Metric                       | Training      | Validation    | Test          | Epoch |
+------------------------------+---------------+---------------+---------------+-------+
| Train RMSE                   | 181.7845      | 393.2242      | 349.7633      | 19    |
| Val RMSE                     | 212.1832      | 376.0139      | 369.8880      | 14    |
| Test RMSE                    | 267.5778      | 394.0522      | 362.9630      | 9     |
| Best Train Custom Accuracy   | 17.8875       |               |               | 19    |
| Best Val Custom Accuracy     |               | -56.9963      |               | 14    |
| Best Test Custom Accuracy    |               |               | -157.6247     | 9     |
+------------------------------+---------------+---------------+---------------+-------+

Exp: 3

Experiment Settings: seq_len-8-lr-0.2-d-32-hid_d-64-last_d-256-time_d-32-e_layers-2-comb_type-add-bs-1100
Experiment time: 2024-07-17 11:12:52.679197
+------------------------------+---------------+---------------+---------------+-------+
| Metric                       | Training      | Validation    | Test          | Epoch |
+------------------------------+---------------+---------------+---------------+-------+
| Train RMSE                   | 6045.1592     | 9955.1299     | 13083.9346    | 10    |
| Val RMSE                     | 247.5048      | 401.7052      | 378.2057      | 8     |
| Test RMSE                    | 6045.1592     | 9955.1299     | 13083.9346    | 10    |
| Best Train Custom Accuracy   | -7252.4082    |               |               | 10    |
| Best Val Custom Accuracy     |               | -97.8544      |               | 8     |
| Best Test Custom Accuracy    |               |               | -12344.5107   | 10    |
+------------------------------+---------------+---------------+---------------+-------+

Exp: 4

Experiment Settings: seq_len-8-lr-0.05-d-32-hid_d-64-last_d-32-time_d-32-e_layers-2-comb_type-add-bs-1100
Experiment time: 2024-07-17 11:13:43.279807
+------------------------------+---------------+---------------+---------------+-------+
| Metric                       | Training      | Validation    | Test          | Epoch |
+------------------------------+---------------+---------------+---------------+-------+
| Train RMSE                   | 187.6593      | 440.2934      | 395.7121      | 14    |
| Val RMSE                     | 236.1832      | 402.6836      | 336.3366      | 9     |
| Test RMSE                    | 219.1626      | 408.6113      | 356.6950      | 12    |
| Best Train Custom Accuracy   | -13.7678      |               |               | 14    |
| Best Val Custom Accuracy     |               | -88.3344      |               | 9     |
| Best Test Custom Accuracy    |               |               | -149.0201     | 12    |
+------------------------------+---------------+---------------+---------------+-------+

Exp: 5

Experiment Settings: seq_len-8-lr-0.01-d-32-hid_d-64-last_d-256-time_d-32-e_layers-8-comb_type-add-bs-1100
Experiment time: 2024-07-17 11:13:43.897618
+------------------------------+---------------+---------------+---------------+-------+
| Metric                       | Training      | Validation    | Test          | Epoch |
+------------------------------+---------------+---------------+---------------+-------+
| Train RMSE                   | 912.7593      | 1748.8772     | 2094.7231     | 10    |
| Val RMSE                     | 302.2166      | 476.1146      | 399.9630      | 7     |
| Test RMSE                    | 302.2166      | 476.1146      | 399.9630      | 7     |
| Best Train Custom Accuracy   | -1044.6094    |               |               | 10    |
| Best Val Custom Accuracy     |               | -1.7277       |               | 7     |
| Best Test Custom Accuracy    |               |               | -7.5337       | 7     |
+------------------------------+---------------+---------------+---------------+-------+

Exp: 6

Experiment Settings: seq_len-8-lr-0.05-d-32-hid_d-64-last_d-256-time_d-32-e_layers-8-comb_type-add-bs-1100
Experiment time: 2024-07-17 11:14:31.935839
+------------------------------+---------------+---------------+---------------+-------+
| Metric                       | Training      | Validation    | Test          | Epoch |
+------------------------------+---------------+---------------+---------------+-------+
| Train RMSE                   | 227.9709      | 494.9481      | 428.1487      | 12    |
| Val RMSE                     | 531.2392      | 528.2452      | 474.8288      | 7     |
| Test RMSE                    | 229.3444      | 419.6953      | 363.6200      | 6     |
| Best Train Custom Accuracy   | 18.6673       |               |               | 12    |
| Best Val Custom Accuracy     |               | -4.7239       |               | 7     |
| Best Test Custom Accuracy    |               |               | -140.5903     | 6     |
+------------------------------+---------------+---------------+---------------+-------+

Exp: 7

Experiment Settings: seq_len-8-lr-0.1-d-32-hid_d-64-last_d-32-time_d-32-e_layers-2-comb_type-add-bs-1100
Experiment time: 2024-07-17 11:14:43.793330
+------------------------------+---------------+---------------+---------------+-------+
| Metric                       | Training      | Validation    | Test          | Epoch |
+------------------------------+---------------+---------------+---------------+-------+
| Train RMSE                   | 310.2954      | 465.9975      | 433.1561      | 13    |
| Val RMSE                     | 244.8369      | 410.5183      | 335.2307      | 9     |
| Test RMSE                    | 250.6091      | 407.1598      | 348.9964      | 6     |
| Best Train Custom Accuracy   | -21.0404      |               |               | 13    |
| Best Val Custom Accuracy     |               | -103.4056     |               | 9     |
| Best Test Custom Accuracy    |               |               | -164.6304     | 6     |
+------------------------------+---------------+---------------+---------------+-------+

Exp: 8

Experiment Settings: seq_len-8-lr-0.1-d-32-hid_d-64-last_d-256-time_d-32-e_layers-8-comb_type-add-bs-1100
Experiment time: 2024-07-17 11:15:27.253615
+------------------------------+---------------+---------------+---------------+-------+
| Metric                       | Training      | Validation    | Test          | Epoch |
+------------------------------+---------------+---------------+---------------+-------+
| Train RMSE                   | 331.2148      | 493.6722      | 392.4877      | 10    |
| Val RMSE                     | 278.2934      | 443.9414      | 394.5482      | 7     |
| Test RMSE                    | 278.2934      | 443.9414      | 394.5482      | 7     |
| Best Train Custom Accuracy   | -5.6118       |               |               | 10    |
| Best Val Custom Accuracy     |               | -68.1605      |               | 7     |
| Best Test Custom Accuracy    |               |               | -55.0786      | 7     |
+------------------------------+---------------+---------------+---------------+-------+

Exp: 9

Experiment Settings: seq_len-8-lr-0.2-d-32-hid_d-64-last_d-32-time_d-32-e_layers-2-comb_type-add-bs-1100
Experiment time: 2024-07-17 11:15:44.219971
+------------------------------+---------------+---------------+---------------+-------+
| Metric                       | Training      | Validation    | Test          | Epoch |
+------------------------------+---------------+---------------+---------------+-------+
| Train RMSE                   | 370.9486      | 474.9182      | 427.6753      | 11    |
| Val RMSE                     | 247.9952      | 398.4682      | 379.8672      | 8     |
| Test RMSE                    | 329.5519      | 412.9596      | 365.7831      | 6     |
| Best Train Custom Accuracy   | -232.2610     |               |               | 11    |
| Best Val Custom Accuracy     |               | -62.6606      |               | 8     |
| Best Test Custom Accuracy    |               |               | -81.4790      | 6     |
+------------------------------+---------------+---------------+---------------+-------+

Exp: 10

Experiment Settings: seq_len-8-lr-0.2-d-32-hid_d-64-last_d-256-time_d-32-e_layers-8-comb_type-add-bs-1100
Experiment time: 2024-07-17 11:16:22.948405
+------------------------------+---------------+---------------+---------------+-------+
| Metric                       | Training      | Validation    | Test          | Epoch |
+------------------------------+---------------+---------------+---------------+-------+
| Train RMSE                   | 245.3951      | 410.6201      | 376.4412      | 8     |
| Val RMSE                     | 280.2436      | 447.3136      | 363.5708      | 9     |
| Test RMSE                    | 403.3694      | 446.8009      | 414.1201      | 10    |
| Best Train Custom Accuracy   | -37.7902      |               |               | 8     |
| Best Val Custom Accuracy     |               | -90.1570      |               | 9     |
| Best Test Custom Accuracy    |               |               | -95.9127      | 10    |
+------------------------------+---------------+---------------+---------------+-------+

Exp: 11

Experiment Settings: seq_len-8-lr-0.01-d-32-hid_d-64-last_d-32-time_d-32-e_layers-8-comb_type-add-bs-1100
Experiment time: 2024-07-17 11:17:01.988200
+------------------------------+---------------+---------------+---------------+-------+
| Metric                       | Training      | Validation    | Test          | Epoch |
+------------------------------+---------------+---------------+---------------+-------+
| Train RMSE                   | 153.7897      | 395.5663      | 399.6431      | 16    |
| Val RMSE                     | 230.2919      | 408.0552      | 408.7433      | 11    |
| Test RMSE                    | 218.5073      | 372.5433      | 356.7137      | 7     |
| Best Train Custom Accuracy   | 47.0357       |               |               | 16    |
| Best Val Custom Accuracy     |               | -165.5246     |               | 11    |
| Best Test Custom Accuracy    |               |               | -121.6089     | 7     |
+------------------------------+---------------+---------------+---------------+-------+

Exp: 12

Experiment Settings: seq_len-8-lr-0.01-d-32-hid_d-256-last_d-32-time_d-32-e_layers-2-comb_type-add-bs-1100
Experiment time: 2024-07-17 11:17:16.714303
+------------------------------+---------------+---------------+---------------+-------+
| Metric                       | Training      | Validation    | Test          | Epoch |
+------------------------------+---------------+---------------+---------------+-------+
| Train RMSE                   | 167.5146      | 410.8405      | 421.6647      | 11    |
| Val RMSE                     | 235.4603      | 386.1867      | 392.7066      | 6     |
| Test RMSE                    | 270.0773      | 384.0144      | 395.6554      | 4     |
| Best Train Custom Accuracy   | 2.3494        |               |               | 11    |
| Best Val Custom Accuracy     |               | -202.3864     |               | 6     |
| Best Test Custom Accuracy    |               |               | -256.7107     | 4     |
+------------------------------+---------------+---------------+---------------+-------+

Exp: 13

Experiment Settings: seq_len-8-lr-0.05-d-32-hid_d-64-last_d-32-time_d-32-e_layers-8-comb_type-add-bs-1100
Experiment time: 2024-07-17 11:18:00.181163
+------------------------------+---------------+---------------+---------------+-------+
| Metric                       | Training      | Validation    | Test          | Epoch |
+------------------------------+---------------+---------------+---------------+-------+
| Train RMSE                   | 300.6104      | 492.8513      | 401.3409      | 11    |
| Val RMSE                     | 388.0588      | 460.2036      | 389.1986      | 1     |
| Test RMSE                    | 454.7136      | 430.8303      | 366.6957      | 4     |
| Best Train Custom Accuracy   | 37.3376       |               |               | 11    |
| Best Val Custom Accuracy     |               | -256.5587     |               | 1     |
| Best Test Custom Accuracy    |               |               | -136.3777     | 4     |
+------------------------------+---------------+---------------+---------------+-------+

Exp: 14

Experiment Settings: seq_len-8-lr-0.05-d-32-hid_d-256-last_d-32-time_d-32-e_layers-2-comb_type-add-bs-1100
Experiment time: 2024-07-17 11:18:05.109833
+------------------------------+---------------+---------------+---------------+-------+
| Metric                       | Training      | Validation    | Test          | Epoch |
+------------------------------+---------------+---------------+---------------+-------+
| Train RMSE                   | 229.7378      | 427.7954      | 425.5837      | 9     |
| Val RMSE                     | 316.4175      | 406.0336      | 379.6886      | 4     |
| Test RMSE                    | 234.4126      | 416.5031      | 372.9541      | 7     |
| Best Train Custom Accuracy   | -18.2260      |               |               | 9     |
| Best Val Custom Accuracy     |               | -40.0860      |               | 4     |
| Best Test Custom Accuracy    |               |               | -144.6273     | 7     |
+------------------------------+---------------+---------------+---------------+-------+

Exp: 15

Experiment Settings: seq_len-8-lr-0.1-d-32-hid_d-256-last_d-32-time_d-32-e_layers-2-comb_type-add-bs-1100
Experiment time: 2024-07-17 11:18:53.372008
+------------------------------+---------------+---------------+---------------+-------+
| Metric                       | Training      | Validation    | Test          | Epoch |
+------------------------------+---------------+---------------+---------------+-------+
| Train RMSE                   | 219.4857      | 422.7198      | 395.1270      | 9     |
| Val RMSE                     | 322.9908      | 408.0231      | 378.2799      | 4     |
| Test RMSE                    | 265.2073      | 410.5318      | 366.9221      | 7     |
| Best Train Custom Accuracy   | -33.5445      |               |               | 9     |
| Best Val Custom Accuracy     |               | -79.1795      |               | 4     |
| Best Test Custom Accuracy    |               |               | -161.4522     | 7     |
+------------------------------+---------------+---------------+---------------+-------+

Exp: 16

Experiment Settings: seq_len-8-lr-0.1-d-32-hid_d-64-last_d-32-time_d-32-e_layers-8-comb_type-add-bs-1100
Experiment time: 2024-07-17 11:19:07.541234
+------------------------------+---------------+---------------+---------------+-------+
| Metric                       | Training      | Validation    | Test          | Epoch |
+------------------------------+---------------+---------------+---------------+-------+
| Train RMSE                   | 255.7478      | 633.4820      | 833.5367      | 13    |
| Val RMSE                     | 389.4778      | 463.8225      | 497.4374      | 1     |
| Test RMSE                    | 389.4778      | 463.8225      | 497.4374      | 1     |
| Best Train Custom Accuracy   | -110.8254     |               |               | 13    |
| Best Val Custom Accuracy     |               | -35.0459      |               | 1     |
| Best Test Custom Accuracy    |               |               | -12.2492      | 1     |
+------------------------------+---------------+---------------+---------------+-------+

Exp: 17

Experiment Settings: seq_len-8-lr-0.2-d-32-hid_d-256-last_d-32-time_d-32-e_layers-2-comb_type-add-bs-1100
Experiment time: 2024-07-17 11:19:52.859629
+------------------------------+---------------+---------------+---------------+-------+
| Metric                       | Training      | Validation    | Test          | Epoch |
+------------------------------+---------------+---------------+---------------+-------+
| Train RMSE                   | 489.8979      | 550.9993      | 482.1235      | 11    |
| Val RMSE                     | 263.0531      | 441.9692      | 382.2682      | 9     |
| Test RMSE                    | 263.0531      | 441.9692      | 382.2682      | 9     |
| Best Train Custom Accuracy   | -431.9563     |               |               | 11    |
| Best Val Custom Accuracy     |               | -42.5330      |               | 9     |
| Best Test Custom Accuracy    |               |               | -64.4488      | 9     |
+------------------------------+---------------+---------------+---------------+-------+

Exp: 18

Experiment Settings: seq_len-8-lr-0.2-d-32-hid_d-64-last_d-32-time_d-32-e_layers-8-comb_type-add-bs-1100
Experiment time: 2024-07-17 11:20:03.716100
+------------------------------+---------------+---------------+---------------+-------+
| Metric                       | Training      | Validation    | Test          | Epoch |
+------------------------------+---------------+---------------+---------------+-------+
| Train RMSE                   | 338.3467      | 564.0759      | 456.5229      | 11    |
| Val RMSE                     | 3987.4241     | 3313.4241     | 4233.8940     | 1     |
| Test RMSE                    | 3987.4241     | 3313.4241     | 4233.8940     | 1     |
| Best Train Custom Accuracy   | -8.4426       |               |               | 11    |
| Best Val Custom Accuracy     |               | -1931.0450    |               | 1     |
| Best Test Custom Accuracy    |               |               | -2417.0349    | 1     |
+------------------------------+---------------+---------------+---------------+-------+

Exp: 19

Experiment Settings: seq_len-8-lr-0.01-d-32-hid_d-256-last_d-32-time_d-32-e_layers-8-comb_type-add-bs-1100
Experiment time: 2024-07-17 11:20:43.549835
+------------------------------+---------------+---------------+---------------+-------+
| Metric                       | Training      | Validation    | Test          | Epoch |
+------------------------------+---------------+---------------+---------------+-------+
| Train RMSE                   | 228.2203      | 473.6079      | 397.9801      | 9     |
| Val RMSE                     | 342.8474      | 433.2794      | 421.1826      | 4     |
| Test RMSE                    | 224.1195      | 424.0517      | 381.5952      | 7     |
| Best Train Custom Accuracy   | 11.7741       |               |               | 9     |
| Best Val Custom Accuracy     |               | -206.6056     |               | 4     |
| Best Test Custom Accuracy    |               |               | -178.4854     | 7     |
+------------------------------+---------------+---------------+---------------+-------+

Exp: 20

Experiment Settings: seq_len-8-lr-0.01-d-32-hid_d-64-last_d-64-time_d-32-e_layers-2-comb_type-add-bs-1100
Experiment time: 2024-07-17 11:21:17.372580
+------------------------------+---------------+---------------+---------------+-------+
| Metric                       | Training      | Validation    | Test          | Epoch |
+------------------------------+---------------+---------------+---------------+-------+
| Train RMSE                   | 189.5636      | 398.6976      | 397.3681      | 16    |
| Val RMSE                     | 224.1254      | 399.5638      | 384.5256      | 11    |
| Test RMSE                    | 242.0014      | 393.4661      | 372.6884      | 9     |
| Best Train Custom Accuracy   | -5.1991       |               |               | 16    |
| Best Val Custom Accuracy     |               | -152.3956     |               | 11    |
| Best Test Custom Accuracy    |               |               | -177.2276     | 9     |
+------------------------------+---------------+---------------+---------------+-------+

Exp: 21

Experiment Settings: seq_len-8-lr-0.05-d-32-hid_d-256-last_d-32-time_d-32-e_layers-8-comb_type-add-bs-1100
Experiment time: 2024-07-17 11:22:41.343738
+------------------------------+---------------+---------------+---------------+-------+
| Metric                       | Training      | Validation    | Test          | Epoch |
+------------------------------+---------------+---------------+---------------+-------+
| Train RMSE                   | 124.4155      | 445.8201      | 372.4054      | 24    |
| Val RMSE                     | 159.2928      | 442.1345      | 375.5961      | 19    |
| Test RMSE                    | 339.2494      | 445.0913      | 354.8831      | 7     |
| Best Train Custom Accuracy   | 30.7773       |               |               | 24    |
| Best Val Custom Accuracy     |               | -176.0240     |               | 19    |
| Best Test Custom Accuracy    |               |               | -125.4863     | 7     |
+------------------------------+---------------+---------------+---------------+-------+

Exp: 22

Experiment Settings: seq_len-8-lr-0.05-d-32-hid_d-64-last_d-64-time_d-32-e_layers-2-comb_type-add-bs-1100
Experiment time: 2024-07-17 11:22:45.335153
+------------------------------+---------------+---------------+---------------+-------+
| Metric                       | Training      | Validation    | Test          | Epoch |
+------------------------------+---------------+---------------+---------------+-------+
| Train RMSE                   | 143.0024      | 395.0208      | 396.5565      | 21    |
| Val RMSE                     | 188.7868      | 380.1071      | 422.6455      | 16    |
| Test RMSE                    | 204.6876      | 395.1823      | 373.2878      | 10    |
| Best Train Custom Accuracy   | 32.8653       |               |               | 21    |
| Best Val Custom Accuracy     |               | -228.7131     |               | 16    |
| Best Test Custom Accuracy    |               |               | -124.4399     | 10    |
+------------------------------+---------------+---------------+---------------+-------+

Exp: 23

Experiment Settings: seq_len-8-lr-0.1-d-32-hid_d-64-last_d-64-time_d-32-e_layers-2-comb_type-add-bs-1100
Experiment time: 2024-07-17 11:23:32.997837
+------------------------------+---------------+---------------+---------------+-------+
| Metric                       | Training      | Validation    | Test          | Epoch |
+------------------------------+---------------+---------------+---------------+-------+
| Train RMSE                   | 224.8442      | 428.1588      | 372.6872      | 9     |
| Val RMSE                     | 298.9613      | 410.3557      | 359.2114      | 4     |
| Test RMSE                    | 240.6151      | 403.1201      | 346.9498      | 7     |
| Best Train Custom Accuracy   | -18.0110      |               |               | 9     |
| Best Val Custom Accuracy     |               | -17.6291      |               | 4     |
| Best Test Custom Accuracy    |               |               | -164.0062     | 7     |
+------------------------------+---------------+---------------+---------------+-------+

Exp: 24

Experiment Settings: seq_len-8-lr-0.1-d-32-hid_d-256-last_d-32-time_d-32-e_layers-8-comb_type-add-bs-1100
Experiment time: 2024-07-17 11:23:55.576333
+------------------------------+---------------+---------------+---------------+-------+
| Metric                       | Training      | Validation    | Test          | Epoch |
+------------------------------+---------------+---------------+---------------+-------+
| Train RMSE                   | 240.8689      | 538.4039      | 564.4097      | 14    |
| Val RMSE                     | 2394.4695     | 782.3978      | 610.7070      | 1     |
| Test RMSE                    | 217.9059      | 439.8252      | 401.1385      | 10    |
| Best Train Custom Accuracy   | -12.7065      |               |               | 14    |
| Best Val Custom Accuracy     |               | -290.7928     |               | 1     |
| Best Test Custom Accuracy    |               |               | -101.1775     | 10    |
+------------------------------+---------------+---------------+---------------+-------+

Exp: 25

Experiment Settings: seq_len-8-lr-0.2-d-32-hid_d-64-last_d-64-time_d-32-e_layers-2-comb_type-add-bs-1100
Experiment time: 2024-07-17 11:24:30.082707
+------------------------------+---------------+---------------+---------------+-------+
| Metric                       | Training      | Validation    | Test          | Epoch |
+------------------------------+---------------+---------------+---------------+-------+
| Train RMSE                   | 414.9528      | 480.6636      | 419.3071      | 11    |
| Val RMSE                     | 235.8484      | 393.1289      | 374.3931      | 8     |
| Test RMSE                    | 297.8445      | 418.1181      | 367.4231      | 5     |
| Best Train Custom Accuracy   | -55.0647      |               |               | 11    |
| Best Val Custom Accuracy     |               | -117.1082     |               | 8     |
| Best Test Custom Accuracy    |               |               | -39.1976      | 5     |
+------------------------------+---------------+---------------+---------------+-------+

Exp: 26

Experiment Settings: seq_len-8-lr-0.2-d-32-hid_d-256-last_d-32-time_d-32-e_layers-8-comb_type-add-bs-1100
Experiment time: 2024-07-17 11:25:10.079634
+------------------------------+---------------+---------------+---------------+-------+
| Metric                       | Training      | Validation    | Test          | Epoch |
+------------------------------+---------------+---------------+---------------+-------+
| Train RMSE                   | 325.4066      | 525.7231      | 509.6712      | 13    |
| Val RMSE                     | 8024.0415     | 7296.0830     | 11122.5498    | 1     |
| Test RMSE                    | 309.6211      | 510.7231      | 534.1487      | 12    |
| Best Train Custom Accuracy   | -27.6375      |               |               | 13    |
| Best Val Custom Accuracy     |               | -7033.5439    |               | 1     |
| Best Test Custom Accuracy    |               |               | -323.9577     | 12    |
+------------------------------+---------------+---------------+---------------+-------+

Exp: 27

Experiment Settings: seq_len-8-lr-0.01-d-32-hid_d-64-last_d-64-time_d-32-e_layers-8-comb_type-add-bs-1100
Experiment time: 2024-07-17 11:25:51.377043
+------------------------------+---------------+---------------+---------------+-------+
| Metric                       | Training      | Validation    | Test          | Epoch |
+------------------------------+---------------+---------------+---------------+-------+
| Train RMSE                   | 183.1906      | 436.1073      | 373.1818      | 15    |
| Val RMSE                     | 225.7240      | 396.5528      | 350.7747      | 10    |
| Test RMSE                    | 225.7240      | 396.5528      | 350.7747      | 10    |
| Best Train Custom Accuracy   | 0.4357        |               |               | 15    |
| Best Val Custom Accuracy     |               | -131.7419     |               | 10    |
| Best Test Custom Accuracy    |               |               | -160.0601     | 10    |
+------------------------------+---------------+---------------+---------------+-------+

Exp: 28

Experiment Settings: seq_len-8-lr-0.01-d-32-hid_d-256-last_d-64-time_d-32-e_layers-2-comb_type-add-bs-1100
Experiment time: 2024-07-17 11:26:04.454523
+------------------------------+---------------+---------------+---------------+-------+
| Metric                       | Training      | Validation    | Test          | Epoch |
+------------------------------+---------------+---------------+---------------+-------+
| Train RMSE                   | 206.1902      | 425.6752      | 413.8857      | 10    |
| Val RMSE                     | 258.6684      | 402.2597      | 361.8646      | 5     |
| Test RMSE                    | 245.2206      | 411.6641      | 397.5637      | 6     |
| Best Train Custom Accuracy   | -32.5718      |               |               | 10    |
| Best Val Custom Accuracy     |               | -238.9512     |               | 5     |
| Best Test Custom Accuracy    |               |               | -296.6480     | 6     |
+------------------------------+---------------+---------------+---------------+-------+

