
Experiment Settings: seq_len-8-lr-0.1-d-32-hid_d-64-last_d-32-time_d-32-e_layers-2-comb_type-add-bs-1100
Experiment time: 2024-07-16 18:09:14.047497
+------------------------------+---------------+---------------+---------------+-------+
| Metric                       | Training      | Validation    | Test          | Epoch |
+------------------------------+---------------+---------------+---------------+-------+
| Train RMSE                   | 141.0490      | 432.9248      | 231.6501      | 22    |
| Val RMSE                     | 244.8369      | 410.5183      | 286.6487      | 9     |
| Test RMSE                    | 158.1854      | 455.4085      | 248.7005      | 23    |
| Best Train Custom Accuracy   | -1.3432       |               |               | 22    |
| Best Val Custom Accuracy     |               | -103.4056     |               | 9     |
| Best Test Custom Accuracy    |               |               | -36.6071      | 23    |
+------------------------------+---------------+---------------+---------------+-------+
+------------------------------+---------------+---------------+---------------+-------+


Experiment Settings: seq_len-8-lr-0.05-d-32-hid_d-64-last_d-32-time_d-32-e_layers-2-comb_type-add-bs-1100
Experiment time: 2024-07-16 18:09:22.713232
+------------------------------+---------------+---------------+---------------+-------+
| Metric                       | Training      | Validation    | Test          | Epoch |
+------------------------------+---------------+---------------+---------------+-------+
| Train RMSE                   | 130.1957      | 466.2572      | 238.9357      | 23    |
| Val RMSE                     | 236.1832      | 402.6836      | 278.4009      | 9     |
| Test RMSE                    | 140.1970      | 431.6078      | 230.5404      | 21    |
| Best Train Custom Accuracy   | 13.2942       |               |               | 23    |
| Best Val Custom Accuracy     |               | -88.3344      |               | 9     |
| Best Test Custom Accuracy    |               |               | 3.0013        | 21    |
+------------------------------+---------------+---------------+---------------+-------+
+------------------------------+---------------+---------------+---------------+-------+


Experiment Settings: seq_len-8-lr-0.15-d-32-hid_d-64-last_d-32-time_d-32-e_layers-2-comb_type-add-bs-1100
Experiment time: 2024-07-16 18:10:36.163866
+------------------------------+---------------+---------------+---------------+-------+
| Metric                       | Training      | Validation    | Test          | Epoch |
+------------------------------+---------------+---------------+---------------+-------+
| Train RMSE                   | 3570.3274     | 1873.6924     | 3301.0330     | 17    |
| Val RMSE                     | 229.5818      | 409.3969      | 275.7834      | 10    |
| Test RMSE                    | 3570.3274     | 1873.6924     | 3301.0330     | 17    |
| Best Train Custom Accuracy   | -434.8672     |               |               | 17    |
| Best Val Custom Accuracy     |               | -122.2929     |               | 10    |
| Best Test Custom Accuracy    |               |               | -333.1248     | 17    |
+------------------------------+---------------+---------------+---------------+-------+
+------------------------------+---------------+---------------+---------------+-------+


Experiment Settings: seq_len-8-lr-0.2-d-32-hid_d-64-last_d-32-time_d-32-e_layers-2-comb_type-add-bs-1100
Experiment time: 2024-07-16 18:10:39.545670
+------------------------------+---------------+---------------+---------------+-------+
| Metric                       | Training      | Validation    | Test          | Epoch |
+------------------------------+---------------+---------------+---------------+-------+
| Train RMSE                   | 370.9486      | 474.9182      | 394.0356      | 11    |
| Val RMSE                     | 247.9952      | 398.4682      | 285.2890      | 8     |
| Test RMSE                    | 235.9474      | 452.0050      | 293.0844      | 10    |
| Best Train Custom Accuracy   | -232.2610     |               |               | 11    |
| Best Val Custom Accuracy     |               | -62.6606      |               | 8     |
| Best Test Custom Accuracy    |               |               | 16.3901       | 10    |
+------------------------------+---------------+---------------+---------------+-------+
+------------------------------+---------------+---------------+---------------+-------+


Experiment Settings: seq_len-8-lr-0.25-d-32-hid_d-64-last_d-32-time_d-32-e_layers-2-comb_type-add-bs-1100
Experiment time: 2024-07-16 18:11:48.801360
+------------------------------+---------------+---------------+---------------+-------+
| Metric                       | Training      | Validation    | Test          | Epoch |
+------------------------------+---------------+---------------+---------------+-------+
| Train RMSE                   | 331.1878      | 525.0476      | 378.6459      | 10    |
| Val RMSE                     | 230.8556      | 398.6930      | 273.3417      | 9     |
| Test RMSE                    | 230.8556      | 398.6930      | 273.3417      | 9     |
| Best Train Custom Accuracy   | 22.1280       |               |               | 10    |
| Best Val Custom Accuracy     |               | -172.6384     |               | 9     |
| Best Test Custom Accuracy    |               |               | -70.3684      | 9     |
+------------------------------+---------------+---------------+---------------+-------+
+------------------------------+---------------+---------------+---------------+-------+


Experiment Settings: seq_len-8-lr-0.3-d-32-hid_d-64-last_d-32-time_d-32-e_layers-2-comb_type-add-bs-1100
Experiment time: 2024-07-16 18:11:51.405385
+------------------------------+---------------+---------------+---------------+-------+
| Metric                       | Training      | Validation    | Test          | Epoch |
+------------------------------+---------------+---------------+---------------+-------+
| Train RMSE                   | 472.8424      | 524.5760      | 483.6023      | 10    |
| Val RMSE                     | 260.3297      | 421.9206      | 300.1242      | 9     |
| Test RMSE                    | 260.3297      | 421.9206      | 300.1242      | 9     |
| Best Train Custom Accuracy   | -383.5043     |               |               | 10    |
| Best Val Custom Accuracy     |               | -238.4206     |               | 9     |
| Best Test Custom Accuracy    |               |               | -97.8014      | 9     |
+------------------------------+---------------+---------------+---------------+-------+
+------------------------------+---------------+---------------+---------------+-------+

