[I 2024-08-17 00:30:58,204] Using an existing study with name '24-08-16-mlp_v3-test-skip-conv_mlp-farm_66' instead of creating a new one.
Creating study "24-08-16-mlp_v3-test-skip-conv_mlp-farm_66" with storage "sqlite:////data3/lsf/Pein/Power-Prediction/optuna_results/24-08-16-mlp_v3-test-skip-conv_mlp/24-08-16-mlp_v3-test-skip-conv_mlp-farm_66.db?mode=wal"...
Using sampler cma with seed 76289
Not using Pruner
  0%|          | 0/160 [00:00<?, ?it/s]/home/lsf/anaconda3/envs/Pein_310/lib/python3.10/site-packages/optuna/distributions.py:524: UserWarning: Choices for a categorical distribution should be a tuple of None, bool, int, float and str for persistent storage but contains {'conv': True, 'mha': True, 'mlp': True} which is of type dict.
  warnings.warn(message)
/home/lsf/anaconda3/envs/Pein_310/lib/python3.10/site-packages/optuna/distributions.py:524: UserWarning: Choices for a categorical distribution should be a tuple of None, bool, int, float and str for persistent storage but contains {'conv': True, 'mha': True, 'mlp': False} which is of type dict.
  warnings.warn(message)
/home/lsf/anaconda3/envs/Pein_310/lib/python3.10/site-packages/optuna/distributions.py:524: UserWarning: Choices for a categorical distribution should be a tuple of None, bool, int, float and str for persistent storage but contains {'conv': True, 'mha': False, 'mlp': True} which is of type dict.
  warnings.warn(message)
/home/lsf/anaconda3/envs/Pein_310/lib/python3.10/site-packages/optuna/distributions.py:524: UserWarning: Choices for a categorical distribution should be a tuple of None, bool, int, float and str for persistent storage but contains {'conv': True, 'mha': False, 'mlp': False} which is of type dict.
  warnings.warn(message)
/home/lsf/anaconda3/envs/Pein_310/lib/python3.10/site-packages/optuna/distributions.py:524: UserWarning: Choices for a categorical distribution should be a tuple of None, bool, int, float and str for persistent storage but contains {'conv': False, 'mha': True, 'mlp': True} which is of type dict.
  warnings.warn(message)
/home/lsf/anaconda3/envs/Pein_310/lib/python3.10/site-packages/optuna/distributions.py:524: UserWarning: Choices for a categorical distribution should be a tuple of None, bool, int, float and str for persistent storage but contains {'conv': False, 'mha': True, 'mlp': False} which is of type dict.
  warnings.warn(message)
/home/lsf/anaconda3/envs/Pein_310/lib/python3.10/site-packages/optuna/distributions.py:524: UserWarning: Choices for a categorical distribution should be a tuple of None, bool, int, float and str for persistent storage but contains {'conv': False, 'mha': False, 'mlp': True} which is of type dict.
  warnings.warn(message)
/home/lsf/anaconda3/envs/Pein_310/lib/python3.10/site-packages/optuna/distributions.py:524: UserWarning: Choices for a categorical distribution should be a tuple of None, bool, int, float and str for persistent storage but contains {'conv': False, 'mha': False, 'mlp': False} which is of type dict.
  warnings.warn(message)
/home/lsf/anaconda3/envs/Pein_310/lib/python3.10/site-packages/optuna/distributions.py:700: UserWarning: The distribution is specified by [32, 200] and step=32, but the range is not divisible by `step`. It will be replaced by [32, 192].
  warnings.warn(
                                         0%|          | 0/160 [00:01<?, ?it/s]                                         0%|          | 0/160 [00:01<?, ?it/s]Seed set to 17
/home/lsf/anaconda3/envs/Pein_310/lib/python3.10/site-packages/lightning_fabric/plugins/environments/slurm.py:204: The `srun` command is available on your system but is not used. HINT: If your intention is to run Lightning on SLURM, prepend your python command with `srun` like so: srun python /data3/lsf/Pein/Power-Prediction/run_scripts/run_opt ...
GPU available: True (cuda), used: True
TPU available: False, using: 0 TPU cores
HPU available: False, using: 0 HPUs
You are using a CUDA device ('NVIDIA RTX 6000 Ada Generation') that has Tensor Cores. To properly utilize them, you should set `torch.set_float32_matmul_precision('medium' | 'high')` which will trade-off precision for performance. For more details, read https://pytorch.org/docs/stable/generated/torch.set_float32_matmul_precision.html#torch.set_float32_matmul_precision
LOCAL_RANK: 0 - CUDA_VISIBLE_DEVICES: [0]

  | Name      | Type    | Params | Mode 
----------------------------------------------
0 | model     | Model   | 281 K  | train
1 | criterion | MSELoss | 0      | train
----------------------------------------------
281 K     Trainable params
0         Non-trainable params
281 K     Total params
1.128     Total estimated model params size (MB)
Metric Loss/val improved. New best score: 1.205
Metric Loss/val improved by 0.007 >= min_delta = 0.0. New best score: 1.198
Metric Loss/val improved by 0.031 >= min_delta = 0.0. New best score: 1.167
Metric Loss/val improved by 0.104 >= min_delta = 0.0. New best score: 1.063
Metric Loss/val improved by 0.196 >= min_delta = 0.0. New best score: 0.867
Metric Loss/val improved by 0.118 >= min_delta = 0.0. New best score: 0.749
