Exp: 1

Experiment Settings: vs-0.15-d-96-hd-64-ld-288-td-8-timed-64-pd-28-el-3-nh-4-cd-64-tck-7-fck-5-nt-layer-sm-none-up-False-sl-8-mlp-False-ep-40-bs-1024-lr-0.0009-dp-0.14-wd-0.0002
Experiment time: 2024-08-22 08:18:42.434574
+------------------------------+---------------+---------------+---------------+-------+
| Metric                       | Training      | Validation    | Test          | Epoch |
+------------------------------+---------------+---------------+---------------+-------+
| Train RMSE                   | 9030.9092     | 75484.0078    | 79974.2656    | 29    |
| Val RMSE                     | 16840.0977    | 71735.2188    | 80766.7969    | 16    |
| Test RMSE                    | 43740.8633    | 74440.1641    | 73151.1172    | 8     |
| Best Train Custom Accuracy   | 90.4314       | 37.5768       | 22.2430       | 29    |
| Best Val Custom Accuracy     | 80.5393       | 29.6290       | 0.8355        | 16    |
| Best Test Custom Accuracy    | 57.6720       | 26.8691       | 19.5710       | 8     |
+------------------------------+---------------+---------------+---------------+-------+

Exp: 2

Experiment Settings: vs-0.25-d-96-hd-64-ld-96-td-12-timed-24-pd-40-el-5-nh-4-cd-128-tck-7-fck-5-nt-layer-sm-none-up-True-sl-8-mlp-True-ep-40-bs-128-lr-0.0022-dp-0.12-wd-0.0021
Experiment time: 2024-08-22 08:18:48.209149
+------------------------------+---------------+---------------+---------------+-------+
| Metric                       | Training      | Validation    | Test          | Epoch |
+------------------------------+---------------+---------------+---------------+-------+
| Train RMSE                   | 14342.5166    | 79451.3125    | 79964.7812    | 17    |
| Val RMSE                     | 73795.7188    | 83139.4844    | 77544.3047    | 1     |
| Test RMSE                    | 38436.1211    | 88877.2422    | 73718.2422    | 2     |
| Best Train Custom Accuracy   | 84.9073       | 35.6144       | 33.6915       | 17    |
| Best Val Custom Accuracy     | 26.5542       | 6.1241        | 13.1839       | 1     |
| Best Test Custom Accuracy    | 53.9310       | 14.5204       | 24.4191       | 2     |
+------------------------------+---------------+---------------+---------------+-------+

Exp: 3

Experiment Settings: vs-0.1-d-96-hd-64-ld-352-td-12-timed-8-pd-20-el-3-nh-4-cd-256-tck-7-fck-11-nt-batch-sm-none-up-False-sl-8-mlp-False-ep-60-bs-512-lr-0.0036-dp-0.2-wd-0.0021
Experiment time: 2024-08-22 08:19:13.965395
+------------------------------+---------------+---------------+---------------+-------+
| Metric                       | Training      | Validation    | Test          | Epoch |
+------------------------------+---------------+---------------+---------------+-------+
| Train RMSE                   | 13244.5820    | 75153.5859    | 74941.7109    | 26    |
| Val RMSE                     | 23219.6777    | 71149.5156    | 76983.5938    | 18    |
| Test RMSE                    | 31617.5898    | 74970.7031    | 69032.4219    | 5     |
| Best Train Custom Accuracy   | 87.8454       | 28.5994       | 31.6337       | 26    |
| Best Val Custom Accuracy     | 79.1358       | 26.5823       | 26.7045       | 18    |
| Best Test Custom Accuracy    | 63.6051       | 42.2254       | 33.5908       | 5     |
+------------------------------+---------------+---------------+---------------+-------+

Exp: 4

Experiment Settings: vs-0.2-d-96-hd-64-ld-160-td-8-timed-36-pd-20-el-3-nh-4-cd-128-tck-11-fck-5-nt-batch-sm-none-up-True-sl-8-mlp-False-ep-60-bs-256-lr-0.0013-dp-0.12-wd-0.0054
Experiment time: 2024-08-22 08:19:17.154619
+------------------------------+---------------+---------------+---------------+-------+
| Metric                       | Training      | Validation    | Test          | Epoch |
+------------------------------+---------------+---------------+---------------+-------+
| Train RMSE                   | 9400.6973     | 87618.8047    | 70386.7188    | 29    |
| Val RMSE                     | 82024.8281    | 89673.6562    | 82522.6641    | 1     |
| Test RMSE                    | 21235.8418    | 103741.9453   | 70669.9531    | 11    |
| Best Train Custom Accuracy   | 90.3985       | 15.9558       | 25.7291       | 29    |
| Best Val Custom Accuracy     | 11.6729       | -14.1513      | -4.7248       | 1     |
| Best Test Custom Accuracy    | 76.1333       | 8.0756        | 23.9527       | 11    |
+------------------------------+---------------+---------------+---------------+-------+

Exp: 5

Experiment Settings: vs-0.15-d-96-hd-64-ld-352-td-8-timed-28-pd-20-el-5-nh-4-cd-256-tck-11-fck-5-nt-layer-sm-none-up-False-sl-8-mlp-True-ep-40-bs-512-lr-0.0024-dp-0.2-wd-0.0002
Experiment time: 2024-08-22 08:19:43.053467
+------------------------------+---------------+---------------+---------------+-------+
| Metric                       | Training      | Validation    | Test          | Epoch |
+------------------------------+---------------+---------------+---------------+-------+
| Train RMSE                   | 5236.2134     | 74181.3047    | 77573.5000    | 39    |
| Val RMSE                     | 8020.3599     | 72417.5625    | 76540.7422    | 29    |
| Test RMSE                    | 8344.4873     | 74639.6875    | 76100.5391    | 26    |
| Best Train Custom Accuracy   | 94.2950       | 37.4012       | 26.8553       | 39    |
| Best Val Custom Accuracy     | 90.1316       | 38.2232       | 25.8006       | 29    |
| Best Test Custom Accuracy    | 90.1647       | 35.8850       | 26.9348       | 26    |
+------------------------------+---------------+---------------+---------------+-------+

Exp: 6

Experiment Settings: vs-0.1-d-96-hd-64-ld-96-td-8-timed-40-pd-20-el-5-nh-4-cd-64-tck-9-fck-9-nt-batch-sm-none-up-True-sl-8-mlp-True-ep-40-bs-256-lr-0.002-dp-0.12-wd-0.0005
Experiment time: 2024-08-22 08:19:43.087971
+------------------------------+---------------+---------------+---------------+-------+
| Metric                       | Training      | Validation    | Test          | Epoch |
+------------------------------+---------------+---------------+---------------+-------+
| Train RMSE                   | 6449.6069     | 74416.4531    | 78632.3203    | 32    |
| Val RMSE                     | 82256.8750    | 88108.5234    | 80620.0625    | 1     |
| Test RMSE                    | 15778.7666    | 75559.1406    | 77374.1953    | 17    |
| Best Train Custom Accuracy   | 93.2466       | 28.4784       | 8.0675        | 32    |
| Best Val Custom Accuracy     | 18.1535       | -5.9680       | 3.6709        | 1     |
| Best Test Custom Accuracy    | 80.9382       | 19.5642       | 1.4657        | 17    |
+------------------------------+---------------+---------------+---------------+-------+

Exp: 7

Experiment Settings: vs-0.15-d-96-hd-64-ld-352-td-12-timed-52-pd-48-el-5-nh-4-cd-192-tck-5-fck-11-nt-batch-sm-none-up-True-sl-8-mlp-True-ep-40-bs-512-lr-0.0123-dp-0.12-wd-0.0034
Experiment time: 2024-08-22 08:19:44.266646
+------------------------------+---------------+---------------+---------------+-------+
| Metric                       | Training      | Validation    | Test          | Epoch |
+------------------------------+---------------+---------------+---------------+-------+
| Train RMSE                   | 8969.5332     | 75849.0391    | 79050.7969    | 32    |
| Val RMSE                     | 18941.2031    | 68620.8047    | 79646.2031    | 17    |
| Test RMSE                    | 11534.7949    | 76789.3828    | 78898.3125    | 27    |
| Best Train Custom Accuracy   | 89.7433       | 34.4477       | 22.7985       | 32    |
| Best Val Custom Accuracy     | 77.8182       | 34.8922       | 11.2503       | 17    |
| Best Test Custom Accuracy    | 87.1650       | 36.9226       | 22.7678       | 27    |
+------------------------------+---------------+---------------+---------------+-------+

Exp: 8

Experiment Settings: vs-0.15-d-96-hd-64-ld-416-td-8-timed-32-pd-56-el-5-nh-4-cd-64-tck-9-fck-11-nt-batch-sm-none-up-True-sl-8-mlp-True-ep-50-bs-512-lr-0.0036-dp-0.18-wd-0.002
Experiment time: 2024-08-22 08:19:51.936254
+------------------------------+---------------+---------------+---------------+-------+
| Metric                       | Training      | Validation    | Test          | Epoch |
+------------------------------+---------------+---------------+---------------+-------+
| Train RMSE                   | 7176.3804     | 76936.3906    | 74842.1953    | 35    |
| Val RMSE                     | 20892.7461    | 77817.5391    | 76808.6328    | 23    |
| Test RMSE                    | 11136.1973    | 78338.4609    | 73220.8594    | 30    |
| Best Train Custom Accuracy   | 92.2354       | 35.9519       | 13.8573       | 35    |
| Best Val Custom Accuracy     | 84.3192       | 34.9400       | 9.3354        | 23    |
| Best Test Custom Accuracy    | 89.8425       | 42.4495       | 26.0146       | 30    |
+------------------------------+---------------+---------------+---------------+-------+

Exp: 9

Experiment Settings: vs-0.25-d-96-hd-64-ld-480-td-8-timed-64-pd-36-el-6-nh-4-cd-256-tck-5-fck-11-nt-batch-sm-none-up-False-sl-8-mlp-False-ep-50-bs-128-lr-0.003-dp-0.1-wd-0.0016
Experiment time: 2024-08-22 08:20:19.124704
+------------------------------+---------------+---------------+---------------+-------+
| Metric                       | Training      | Validation    | Test          | Epoch |
+------------------------------+---------------+---------------+---------------+-------+
| Train RMSE                   | 13171.2734    | 77564.8594    | 76642.6016    | 23    |
| Val RMSE                     | 75220.4922    | 83538.2109    | 77710.4531    | 1     |
| Test RMSE                    | 15700.6572    | 76038.6562    | 73705.0391    | 26    |
| Best Train Custom Accuracy   | 88.2384       | 22.1599       | 15.1486       | 23    |
| Best Val Custom Accuracy     | 28.6218       | 4.8783        | 11.6409       | 1     |
| Best Test Custom Accuracy    | 83.9276       | 30.4401       | 29.1020       | 26    |
+------------------------------+---------------+---------------+---------------+-------+

Exp: 10

Experiment Settings: vs-0.2-d-96-hd-64-ld-224-td-12-timed-52-pd-32-el-4-nh-4-cd-192-tck-9-fck-5-nt-batch-sm-none-up-True-sl-8-mlp-True-ep-60-bs-1024-lr-0.003-dp-0.16-wd-0.0019
Experiment time: 2024-08-22 08:20:33.232415
+------------------------------+---------------+---------------+---------------+-------+
| Metric                       | Training      | Validation    | Test          | Epoch |
+------------------------------+---------------+---------------+---------------+-------+
| Train RMSE                   | 13741.4727    | 74309.5312    | 77767.1484    | 22    |
| Val RMSE                     | 23056.0664    | 72933.5078    | 89113.1953    | 9     |
| Test RMSE                    | 29338.3027    | 69051.9922    | 72783.5312    | 8     |
| Best Train Custom Accuracy   | 85.0060       | 21.8523       | 6.0425        | 22    |
| Best Val Custom Accuracy     | 76.6931       | 30.8791       | 30.1914       | 9     |
| Best Test Custom Accuracy    | 75.2257       | 39.3810       | 36.4246       | 8     |
+------------------------------+---------------+---------------+---------------+-------+

Exp: 11

Experiment Settings: vs-0.2-d-96-hd-64-ld-352-td-8-timed-56-pd-36-el-4-nh-4-cd-128-tck-7-fck-5-nt-batch-sm-none-up-True-sl-8-mlp-True-ep-40-bs-256-lr-0.0043-dp-0.12-wd-0.0007
Experiment time: 2024-08-22 08:20:35.942393
+------------------------------+---------------+---------------+---------------+-------+
| Metric                       | Training      | Validation    | Test          | Epoch |
+------------------------------+---------------+---------------+---------------+-------+
| Train RMSE                   | 5790.3047     | 74156.5469    | 78503.2031    | 39    |
| Val RMSE                     | 82158.6172    | 88385.3750    | 80963.2578    | 1     |
| Test RMSE                    | 22225.2695    | 77536.4531    | 73833.8906    | 17    |
| Best Train Custom Accuracy   | 93.9127       | 36.4032       | 14.8277       | 39    |
| Best Val Custom Accuracy     | 16.8596       | -7.6256       | 1.9714        | 1     |
| Best Test Custom Accuracy    | 82.9561       | 40.3694       | 28.2690       | 17    |
+------------------------------+---------------+---------------+---------------+-------+

Exp: 12

Experiment Settings: vs-0.15-d-96-hd-64-ld-288-td-12-timed-32-pd-16-el-4-nh-4-cd-128-tck-11-fck-9-nt-layer-sm-none-up-True-sl-8-mlp-False-ep-40-bs-128-lr-0.0009-dp-0.16-wd-0.0003
Experiment time: 2024-08-22 08:21:00.448448
+------------------------------+---------------+---------------+---------------+-------+
| Metric                       | Training      | Validation    | Test          | Epoch |
+------------------------------+---------------+---------------+---------------+-------+
| Train RMSE                   | 6296.1670     | 71193.5391    | 73907.3359    | 37    |
| Val RMSE                     | 75666.6484    | 84796.1875    | 76153.7891    | 1     |
| Test RMSE                    | 13189.1777    | 72271.1484    | 72305.4688    | 19    |
| Best Train Custom Accuracy   | 92.9225       | 35.5474       | 23.0143       | 37    |
| Best Val Custom Accuracy     | 33.0303       | 9.8756        | 20.7598       | 1     |
| Best Test Custom Accuracy    | 86.4509       | 34.1334       | 30.2515       | 19    |
+------------------------------+---------------+---------------+---------------+-------+

Exp: 13

Experiment Settings: vs-0.1-d-96-hd-64-ld-416-td-12-timed-12-pd-32-el-5-nh-4-cd-64-tck-11-fck-11-nt-batch-sm-none-up-False-sl-8-mlp-False-ep-40-bs-128-lr-0.0067-dp-0.12-wd-0.0003
Experiment time: 2024-08-22 08:21:14.082161
+------------------------------+---------------+---------------+---------------+-------+
| Metric                       | Training      | Validation    | Test          | Epoch |
+------------------------------+---------------+---------------+---------------+-------+
| Train RMSE                   | 8642.5557     | 76378.0312    | 77556.8906    | 37    |
| Val RMSE                     | 56883.6797    | 75926.6953    | 72398.7812    | 1     |
| Test RMSE                    | 30122.5547    | 79341.3203    | 71897.8828    | 12    |
| Best Train Custom Accuracy   | 91.2240       | 37.2858       | 23.1054       | 37    |
| Best Val Custom Accuracy     | 44.2926       | 23.1579       | 26.7829       | 1     |
| Best Test Custom Accuracy    | 66.5919       | 18.1158       | 16.6474       | 12    |
+------------------------------+---------------+---------------+---------------+-------+

Exp: 14

Experiment Settings: vs-0.25-d-96-hd-64-ld-224-td-12-timed-28-pd-36-el-5-nh-4-cd-192-tck-9-fck-5-nt-layer-sm-none-up-False-sl-8-mlp-False-ep-50-bs-1024-lr-0.0139-dp-0.12-wd-0.0037
Experiment time: 2024-08-22 08:21:27.256517
+------------------------------+---------------+---------------+---------------+-------+
| Metric                       | Training      | Validation    | Test          | Epoch |
+------------------------------+---------------+---------------+---------------+-------+
| Train RMSE                   | 11852.5762    | 68223.6172    | 71072.1562    | 33    |
| Val RMSE                     | 24341.8086    | 70895.7031    | 70197.9609    | 20    |
| Test RMSE                    | 18031.6172    | 72494.9531    | 68381.9453    | 32    |
| Best Train Custom Accuracy   | 85.0776       | 39.4657       | 32.9694       | 33    |
| Best Val Custom Accuracy     | 69.9246       | 33.0585       | 32.8335       | 20    |
| Best Test Custom Accuracy    | 78.8273       | 38.6258       | 40.6151       | 32    |
+------------------------------+---------------+---------------+---------------+-------+

Exp: 15

Experiment Settings: vs-0.1-d-96-hd-64-ld-224-td-12-timed-40-pd-40-el-4-nh-4-cd-128-tck-7-fck-9-nt-layer-sm-none-up-True-sl-8-mlp-True-ep-50-bs-1024-lr-0.0086-dp-0.14-wd-0.0014
Experiment time: 2024-08-22 08:21:29.877495
+------------------------------+---------------+---------------+---------------+-------+
| Metric                       | Training      | Validation    | Test          | Epoch |
+------------------------------+---------------+---------------+---------------+-------+
| Train RMSE                   | 18668.2852    | 80771.6094    | 75214.3359    | 16    |
| Val RMSE                     | 49709.5352    | 85960.3047    | 108438.3516   | 7     |
| Test RMSE                    | 18668.2852    | 80771.6094    | 75214.3359    | 16    |
| Best Train Custom Accuracy   | 82.1645       | 23.5608       | 27.0781       | 16    |
| Best Val Custom Accuracy     | 55.3683       | -0.8031       | -53.9035      | 7     |
| Best Test Custom Accuracy    | 82.1645       | 23.5608       | 27.0781       | 16    |
+------------------------------+---------------+---------------+---------------+-------+

Exp: 16

Experiment Settings: vs-0.25-d-96-hd-64-ld-224-td-12-timed-40-pd-36-el-4-nh-4-cd-192-tck-9-fck-5-nt-batch-sm-none-up-True-sl-8-mlp-True-ep-40-bs-1024-lr-0.0034-dp-0.16-wd-0.0023
Experiment time: 2024-08-22 08:21:33.713127
+------------------------------+---------------+---------------+---------------+-------+
| Metric                       | Training      | Validation    | Test          | Epoch |
+------------------------------+---------------+---------------+---------------+-------+
| Train RMSE                   | 10953.3809    | 76842.7734    | 74719.6172    | 22    |
| Val RMSE                     | 34588.6641    | 88864.4141    | 73867.4375    | 8     |
| Test RMSE                    | 15082.9277    | 76706.8359    | 73764.7109    | 18    |
| Best Train Custom Accuracy   | 88.3406       | 28.2385       | 19.4687       | 22    |
| Best Val Custom Accuracy     | 70.4659       | 22.5592       | 33.0378       | 8     |
| Best Test Custom Accuracy    | 85.5369       | 28.9388       | 17.9334       | 18    |
+------------------------------+---------------+---------------+---------------+-------+

Exp: 17

Experiment Settings: vs-0.25-d-96-hd-64-ld-352-td-8-timed-20-pd-48-el-4-nh-4-cd-192-tck-5-fck-5-nt-layer-sm-none-up-True-sl-8-mlp-False-ep-40-bs-1024-lr-0.0019-dp-0.14-wd-0.0015
Experiment time: 2024-08-22 08:22:43.251292
+------------------------------+---------------+---------------+---------------+-------+
| Metric                       | Training      | Validation    | Test          | Epoch |
+------------------------------+---------------+---------------+---------------+-------+
| Train RMSE                   | 7304.2539     | 78279.9375    | 76887.8594    | 36    |
| Val RMSE                     | 11352.2676    | 79680.4844    | 76110.7422    | 23    |
| Test RMSE                    | 15280.2012    | 82574.7734    | 75741.1406    | 17    |
| Best Train Custom Accuracy   | 92.2426       | 30.8252       | 22.6149       | 36    |
| Best Val Custom Accuracy     | 88.3672       | 28.8681       | 23.9169       | 23    |
| Best Test Custom Accuracy    | 84.8891       | 27.5749       | 21.7655       | 17    |
+------------------------------+---------------+---------------+---------------+-------+

Exp: 18

Experiment Settings: vs-0.2-d-96-hd-64-ld-288-td-8-timed-36-pd-48-el-4-nh-4-cd-128-tck-7-fck-5-nt-batch-sm-none-up-True-sl-8-mlp-False-ep-50-bs-1024-lr-0.0023-dp-0.14-wd-0.0031
Experiment time: 2024-08-22 08:22:49.035078
+------------------------------+---------------+---------------+---------------+-------+
| Metric                       | Training      | Validation    | Test          | Epoch |
+------------------------------+---------------+---------------+---------------+-------+
| Train RMSE                   | 5915.3027     | 70823.1953    | 77574.2500    | 46    |
| Val RMSE                     | 7266.7598     | 70424.8125    | 75920.8516    | 38    |
| Test RMSE                    | 21683.8242    | 77575.8281    | 75763.6797    | 17    |
| Best Train Custom Accuracy   | 93.5535       | 29.1705       | 5.2725        | 46    |
| Best Val Custom Accuracy     | 92.5856       | 31.8046       | 9.6474        | 38    |
| Best Test Custom Accuracy    | 76.6039       | 25.9110       | 20.1773       | 17    |
+------------------------------+---------------+---------------+---------------+-------+

Exp: 19

Experiment Settings: vs-0.25-d-96-hd-64-ld-224-td-12-timed-44-pd-32-el-5-nh-4-cd-192-tck-9-fck-9-nt-batch-sm-none-up-False-sl-8-mlp-True-ep-40-bs-512-lr-0.0028-dp-0.16-wd-0.0012
Experiment time: 2024-08-22 08:22:59.660534
+------------------------------+---------------+---------------+---------------+-------+
| Metric                       | Training      | Validation    | Test          | Epoch |
+------------------------------+---------------+---------------+---------------+-------+
| Train RMSE                   | 8808.7139     | 72454.7109    | 76222.9375    | 25    |
| Val RMSE                     | 22440.4883    | 71887.5625    | 80476.8672    | 12    |
| Test RMSE                    | 55026.6484    | 77195.0156    | 71463.1797    | 4     |
| Best Train Custom Accuracy   | 91.3079       | 42.4310       | 24.2077       | 25    |
| Best Val Custom Accuracy     | 76.0684       | 36.8598       | 8.8874        | 12    |
| Best Test Custom Accuracy    | 51.3148       | 16.9355       | 22.4549       | 4     |
+------------------------------+---------------+---------------+---------------+-------+

Exp: 20

Experiment Settings: vs-0.25-d-96-hd-64-ld-224-td-8-timed-40-pd-40-el-6-nh-4-cd-192-tck-9-fck-5-nt-layer-sm-none-up-False-sl-8-mlp-False-ep-60-bs-512-lr-0.0017-dp-0.16-wd-0.0032
Experiment time: 2024-08-22 08:23:05.554930
+------------------------------+---------------+---------------+---------------+-------+
| Metric                       | Training      | Validation    | Test          | Epoch |
+------------------------------+---------------+---------------+---------------+-------+
| Train RMSE                   | 6545.4185     | 78906.0391    | 70863.6875    | 44    |
| Val RMSE                     | 10283.2490    | 79910.9219    | 70623.5156    | 31    |
| Test RMSE                    | 10365.0000    | 81026.3125    | 69018.5156    | 32    |
| Best Train Custom Accuracy   | 93.6347       | 21.5955       | 23.4124       | 44    |
| Best Val Custom Accuracy     | 89.3540       | 19.3320       | 20.9729       | 31    |
| Best Test Custom Accuracy    | 90.8776       | 22.9964       | 27.7746       | 32    |
+------------------------------+---------------+---------------+---------------+-------+

Exp: 21

Experiment Settings: vs-0.2-d-96-hd-64-ld-352-td-8-timed-40-pd-48-el-4-nh-4-cd-192-tck-7-fck-5-nt-layer-sm-none-up-True-sl-8-mlp-True-ep-40-bs-1024-lr-0.008-dp-0.12-wd-0.001
Experiment time: 2024-08-22 08:23:12.033618
+------------------------------+---------------+---------------+---------------+-------+
| Metric                       | Training      | Validation    | Test          | Epoch |
+------------------------------+---------------+---------------+---------------+-------+
| Train RMSE                   | 6611.9072     | 77169.0469    | 80589.9219    | 38    |
| Val RMSE                     | 12208.6855    | 75628.4375    | 77471.1250    | 22    |
| Test RMSE                    | 12208.6855    | 75628.4375    | 77471.1250    | 22    |
| Best Train Custom Accuracy   | 93.0667       | 22.8492       | 10.7839       | 38    |
| Best Val Custom Accuracy     | 85.3842       | 25.2384       | 17.6397       | 22    |
| Best Test Custom Accuracy    | 85.3842       | 25.2384       | 17.6397       | 22    |
+------------------------------+---------------+---------------+---------------+-------+

Exp: 22

Experiment Settings: vs-0.1-d-96-hd-64-ld-160-td-12-timed-36-pd-32-el-4-nh-4-cd-64-tck-7-fck-11-nt-batch-sm-none-up-True-sl-8-mlp-True-ep-40-bs-512-lr-0.0038-dp-0.14-wd-0.0006
Experiment time: 2024-08-22 08:23:18.443599
+------------------------------+---------------+---------------+---------------+-------+
| Metric                       | Training      | Validation    | Test          | Epoch |
+------------------------------+---------------+---------------+---------------+-------+
| Train RMSE                   | 7356.2236     | 78195.4688    | 81299.5000    | 33    |
| Val RMSE                     | 9346.1455     | 77138.8438    | 80448.0312    | 29    |
| Test RMSE                    | 43959.1094    | 92225.6719    | 71345.3047    | 4     |
| Best Train Custom Accuracy   | 91.9992       | 31.8572       | 17.8166       | 33    |
| Best Val Custom Accuracy     | 89.2718       | 29.7149       | 14.4689       | 29    |
| Best Test Custom Accuracy    | 63.4789       | 29.6627       | 35.4794       | 4     |
+------------------------------+---------------+---------------+---------------+-------+

Exp: 23

Experiment Settings: vs-0.2-d-96-hd-64-ld-288-td-8-timed-20-pd-44-el-5-nh-4-cd-128-tck-9-fck-11-nt-batch-sm-none-up-False-sl-8-mlp-True-ep-60-bs-128-lr-0.0049-dp-0.16-wd-0.0018
Experiment time: 2024-08-22 08:23:27.295747
+------------------------------+---------------+---------------+---------------+-------+
| Metric                       | Training      | Validation    | Test          | Epoch |
+------------------------------+---------------+---------------+---------------+-------+
| Train RMSE                   | 20395.5684    | 79817.0703    | 72840.7656    | 17    |
| Val RMSE                     | 67786.4062    | 79272.1875    | 72824.4141    | 1     |
| Test RMSE                    | 32278.8965    | 78825.0000    | 72248.3594    | 3     |
| Best Train Custom Accuracy   | 75.3627       | 24.0500       | 22.4568       | 17    |
| Best Val Custom Accuracy     | 40.9395       | 26.2121       | 31.6114       | 1     |
| Best Test Custom Accuracy    | 65.3409       | 24.4905       | 29.1713       | 3     |
+------------------------------+---------------+---------------+---------------+-------+

Exp: 24

Experiment Settings: vs-0.1-d-96-hd-64-ld-352-td-8-timed-40-pd-40-el-3-nh-4-cd-128-tck-9-fck-9-nt-layer-sm-none-up-True-sl-8-mlp-False-ep-60-bs-128-lr-0.0054-dp-0.16-wd-0.0017
Experiment time: 2024-08-22 08:23:29.377595
+------------------------------+---------------+---------------+---------------+-------+
| Metric                       | Training      | Validation    | Test          | Epoch |
+------------------------------+---------------+---------------+---------------+-------+
| Train RMSE                   | 21051.0117    | 78829.1875    | 84179.4844    | 11    |
| Val RMSE                     | 53192.1875    | 76927.0469    | 73862.8672    | 1     |
| Test RMSE                    | 29602.5332    | 74412.3594    | 72927.3984    | 5     |
| Best Train Custom Accuracy   | 77.5147       | 36.9479       | 14.1702       | 11    |
| Best Val Custom Accuracy     | 48.6928       | 22.3093       | 25.0069       | 1     |
| Best Test Custom Accuracy    | 69.8713       | 23.3552       | 11.5135       | 5     |
+------------------------------+---------------+---------------+---------------+-------+

Exp: 25

Experiment Settings: vs-0.25-d-96-hd-64-ld-160-td-12-timed-52-pd-48-el-4-nh-4-cd-192-tck-9-fck-9-nt-layer-sm-none-up-False-sl-8-mlp-True-ep-40-bs-1024-lr-0.0057-dp-0.14-wd-0.0006
Experiment time: 2024-08-22 08:23:43.902664
+------------------------------+---------------+---------------+---------------+-------+
| Metric                       | Training      | Validation    | Test          | Epoch |
+------------------------------+---------------+---------------+---------------+-------+
| Train RMSE                   | 7641.1128     | 75135.0000    | 72653.3750    | 31    |
| Val RMSE                     | 22378.9102    | 78043.6797    | 76219.7422    | 17    |
| Test RMSE                    | 8033.2334     | 76126.3828    | 71543.0547    | 29    |
| Best Train Custom Accuracy   | 91.9028       | 36.1688       | 23.8154       | 31    |
| Best Val Custom Accuracy     | 71.1311       | 34.8176       | 29.3489       | 17    |
| Best Test Custom Accuracy    | 91.7944       | 39.0946       | 28.2278       | 29    |
+------------------------------+---------------+---------------+---------------+-------+

Exp: 26

Experiment Settings: vs-0.15-d-96-hd-64-ld-160-td-12-timed-28-pd-36-el-5-nh-4-cd-128-tck-9-fck-9-nt-layer-sm-none-up-True-sl-8-mlp-False-ep-50-bs-256-lr-0.0038-dp-0.16-wd-0.0005
Experiment time: 2024-08-22 08:24:24.263716
+------------------------------+---------------+---------------+---------------+-------+
| Metric                       | Training      | Validation    | Test          | Epoch |
+------------------------------+---------------+---------------+---------------+-------+
| Train RMSE                   | 10013.5859    | 71995.4844    | 74915.0312    | 33    |
| Val RMSE                     | 21911.6777    | 69897.2969    | 74495.5078    | 18    |
| Test RMSE                    | 10791.2959    | 74480.3594    | 72602.4453    | 32    |
| Best Train Custom Accuracy   | 87.9653       | 17.8932       | 6.5700        | 33    |
| Best Val Custom Accuracy     | 83.1620       | 23.2833       | 7.5739        | 18    |
| Best Test Custom Accuracy    | 88.4404       | 19.4986       | 17.5790       | 32    |
+------------------------------+---------------+---------------+---------------+-------+

Exp: 27

Experiment Settings: vs-0.15-d-96-hd-64-ld-160-td-12-timed-32-pd-44-el-5-nh-4-cd-128-tck-7-fck-11-nt-batch-sm-none-up-True-sl-8-mlp-False-ep-40-bs-128-lr-0.0022-dp-0.18-wd-0.0016
Experiment time: 2024-08-22 08:24:42.422097
+------------------------------+---------------+---------------+---------------+-------+
| Metric                       | Training      | Validation    | Test          | Epoch |
+------------------------------+---------------+---------------+---------------+-------+
| Train RMSE                   | 7264.5708     | 71826.7188    | 77314.1172    | 37    |
| Val RMSE                     | 75552.0547    | 83092.6406    | 77029.0156    | 1     |
| Test RMSE                    | 18611.0703    | 73660.2266    | 75523.9844    | 19    |
| Best Train Custom Accuracy   | 91.9994       | 25.8111       | 8.1021        | 37    |
| Best Val Custom Accuracy     | 30.0207       | 8.2332        | 16.0492       | 1     |
| Best Test Custom Accuracy    | 83.3558       | 29.0014       | 15.3022       | 19    |
+------------------------------+---------------+---------------+---------------+-------+

Exp: 28

Experiment Settings: vs-0.25-d-96-hd-64-ld-352-td-12-timed-32-pd-40-el-4-nh-4-cd-128-tck-7-fck-5-nt-layer-sm-none-up-True-sl-8-mlp-False-ep-40-bs-512-lr-0.0068-dp-0.14-wd-0.0007
Experiment time: 2024-08-22 08:24:49.628298
+------------------------------+---------------+---------------+---------------+-------+
| Metric                       | Training      | Validation    | Test          | Epoch |
+------------------------------+---------------+---------------+---------------+-------+
| Train RMSE                   | 14221.3789    | 81440.9688    | 76640.8047    | 22    |
| Val RMSE                     | 17285.9668    | 81172.2031    | 79076.4688    | 15    |
| Test RMSE                    | 14221.3789    | 81440.9688    | 76640.8047    | 22    |
| Best Train Custom Accuracy   | 86.4051       | 26.3539       | 16.3576       | 22    |
| Best Val Custom Accuracy     | 82.5677       | 22.6078       | 11.3185       | 15    |
| Best Test Custom Accuracy    | 86.4051       | 26.3539       | 16.3576       | 22    |
+------------------------------+---------------+---------------+---------------+-------+

Exp: 29

Experiment Settings: vs-0.15-d-96-hd-64-ld-416-td-12-timed-36-pd-44-el-5-nh-4-cd-192-tck-9-fck-5-nt-layer-sm-none-up-False-sl-8-mlp-True-ep-60-bs-1024-lr-0.0044-dp-0.14-wd-0.002
Experiment time: 2024-08-22 08:24:52.981909
+------------------------------+---------------+---------------+---------------+-------+
| Metric                       | Training      | Validation    | Test          | Epoch |
+------------------------------+---------------+---------------+---------------+-------+
| Train RMSE                   | 21626.9062    | 74616.6016    | 88206.6406    | 22    |
| Val RMSE                     | 37726.1367    | 73355.5000    | 90092.3438    | 8     |
| Test RMSE                    | 82046.4062    | 89840.6953    | 82715.6875    | 1     |
| Best Train Custom Accuracy   | 73.2379       | 27.5439       | -0.4748       | 22    |
| Best Val Custom Accuracy     | 65.5291       | 26.7226       | 21.9633       | 8     |
| Best Test Custom Accuracy    | 11.0925       | -14.8682      | -5.4577       | 1     |
+------------------------------+---------------+---------------+---------------+-------+

Exp: 30

Experiment Settings: vs-0.15-d-96-hd-64-ld-160-td-8-timed-48-pd-32-el-5-nh-4-cd-128-tck-7-fck-11-nt-layer-sm-none-up-True-sl-8-mlp-True-ep-40-bs-1024-lr-0.0051-dp-0.14-wd-0.001
Experiment time: 2024-08-22 08:24:54.109437
+------------------------------+---------------+---------------+---------------+-------+
| Metric                       | Training      | Validation    | Test          | Epoch |
+------------------------------+---------------+---------------+---------------+-------+
| Train RMSE                   | 6422.7388     | 73273.2188    | 73599.7500    | 40    |
| Val RMSE                     | 7400.5679     | 72433.6172    | 73745.9141    | 33    |
| Test RMSE                    | 10017.4941    | 75730.5938    | 73109.4219    | 27    |
| Best Train Custom Accuracy   | 93.0772       | 40.1038       | 20.0685       | 40    |
| Best Val Custom Accuracy     | 91.7771       | 39.7315       | 19.2200       | 33    |
| Best Test Custom Accuracy    | 89.9220       | 40.3459       | 25.0351       | 27    |
+------------------------------+---------------+---------------+---------------+-------+

Exp: 31

Experiment Settings: vs-0.25-d-96-hd-64-ld-224-td-12-timed-40-pd-32-el-4-nh-4-cd-192-tck-11-fck-5-nt-layer-sm-none-up-False-sl-8-mlp-False-ep-40-bs-128-lr-0.0143-dp-0.1-wd-0.0017
Experiment time: 2024-08-22 08:25:24.133941
+------------------------------+---------------+---------------+---------------+-------+
| Metric                       | Training      | Validation    | Test          | Epoch |
+------------------------------+---------------+---------------+---------------+-------+
| Train RMSE                   | 21170.1113    | 77911.3125    | 80248.3203    | 16    |
| Val RMSE                     | 38943.8008    | 72260.6562    | 71718.6719    | 1     |
| Test RMSE                    | 38943.8008    | 72260.6562    | 71718.6719    | 1     |
| Best Train Custom Accuracy   | 75.9373       | 24.7704       | 6.2217        | 16    |
| Best Val Custom Accuracy     | 57.3113       | 31.6945       | 15.6819       | 1     |
| Best Test Custom Accuracy    | 57.3113       | 31.6945       | 15.6819       | 1     |
+------------------------------+---------------+---------------+---------------+-------+

Exp: 32

Experiment Settings: vs-0.2-d-96-hd-64-ld-288-td-12-timed-28-pd-52-el-4-nh-4-cd-192-tck-9-fck-9-nt-batch-sm-none-up-False-sl-8-mlp-False-ep-50-bs-512-lr-0.0122-dp-0.12-wd-0.0057
Experiment time: 2024-08-22 08:26:29.047515
+------------------------------+---------------+---------------+---------------+-------+
| Metric                       | Training      | Validation    | Test          | Epoch |
+------------------------------+---------------+---------------+---------------+-------+
| Train RMSE                   | 21907.3906    | 78325.8203    | 74978.0234    | 19    |
| Val RMSE                     | 54015.3594    | 87071.7109    | 81151.7578    | 5     |
| Test RMSE                    | 37646.3789    | 74285.6406    | 72353.0781    | 4     |
| Best Train Custom Accuracy   | 82.0356       | 23.1717       | 29.7641       | 19    |
| Best Val Custom Accuracy     | 50.4058       | 1.6373        | 7.3585        | 5     |
| Best Test Custom Accuracy    | 61.0241       | 15.3489       | 20.7511       | 4     |
+------------------------------+---------------+---------------+---------------+-------+

Exp: 33

Experiment Settings: vs-0.1-d-96-hd-64-ld-352-td-8-timed-52-pd-44-el-5-nh-4-cd-128-tck-7-fck-5-nt-batch-sm-none-up-False-sl-8-mlp-True-ep-40-bs-256-lr-0.0031-dp-0.16-wd-0.0007
Experiment time: 2024-08-22 08:26:32.039876
+------------------------------+---------------+---------------+---------------+-------+
| Metric                       | Training      | Validation    | Test          | Epoch |
+------------------------------+---------------+---------------+---------------+-------+
| Train RMSE                   | 6334.2471     | 70050.0547    | 78362.4531    | 33    |
| Val RMSE                     | 18445.7480    | 70857.1016    | 77836.2969    | 21    |
| Test RMSE                    | 19508.6113    | 71800.6797    | 74039.0234    | 26    |
| Best Train Custom Accuracy   | 93.2906       | 40.5541       | 15.5076       | 33    |
| Best Val Custom Accuracy     | 82.0622       | 28.4645       | 4.9579        | 21    |
| Best Test Custom Accuracy    | 86.6694       | 38.6207       | 20.7245       | 26    |
+------------------------------+---------------+---------------+---------------+-------+

Exp: 34

Experiment Settings: vs-0.15-d-96-hd-64-ld-160-td-12-timed-32-pd-40-el-5-nh-4-cd-256-tck-7-fck-9-nt-batch-sm-none-up-True-sl-8-mlp-False-ep-60-bs-512-lr-0.0055-dp-0.12-wd-0.0009
Experiment time: 2024-08-22 08:26:32.463559
+------------------------------+---------------+---------------+---------------+-------+
| Metric                       | Training      | Validation    | Test          | Epoch |
+------------------------------+---------------+---------------+---------------+-------+
| Train RMSE                   | 17126.6992    | 82966.7891    | 78941.1016    | 16    |
| Val RMSE                     | 82196.2344    | 88274.5859    | 80825.6328    | 1     |
| Test RMSE                    | 18781.0645    | 82856.5781    | 76291.5312    | 17    |
| Best Train Custom Accuracy   | 81.7272       | 35.4657       | 28.3436       | 16    |
| Best Val Custom Accuracy     | 17.3696       | -6.9735       | 2.6415        | 1     |
| Best Test Custom Accuracy    | 83.6751       | 24.8095       | 24.7594       | 17    |
+------------------------------+---------------+---------------+---------------+-------+

Exp: 35

Experiment Settings: vs-0.15-d-96-hd-64-ld-224-td-12-timed-32-pd-36-el-5-nh-4-cd-128-tck-7-fck-11-nt-batch-sm-none-up-True-sl-8-mlp-False-ep-50-bs-512-lr-0.0036-dp-0.14-wd-0.0036
Experiment time: 2024-08-22 08:26:36.083356
+------------------------------+---------------+---------------+---------------+-------+
| Metric                       | Training      | Validation    | Test          | Epoch |
+------------------------------+---------------+---------------+---------------+-------+
| Train RMSE                   | 9179.0381     | 76066.4531    | 72198.8438    | 28    |
| Val RMSE                     | 37722.4492    | 75700.2812    | 82856.8516    | 5     |
| Test RMSE                    | 50295.0547    | 89052.6172    | 68918.0469    | 9     |
| Best Train Custom Accuracy   | 90.2238       | 32.3039       | 31.2117       | 28    |
| Best Val Custom Accuracy     | 63.5005       | 19.0014       | 20.8517       | 5     |
| Best Test Custom Accuracy    | 62.4228       | 13.9750       | 39.2797       | 9     |
+------------------------------+---------------+---------------+---------------+-------+

Exp: 36

Experiment Settings: vs-0.25-d-96-hd-64-ld-288-td-12-timed-36-pd-52-el-5-nh-4-cd-128-tck-9-fck-11-nt-layer-sm-none-up-True-sl-8-mlp-True-ep-50-bs-512-lr-0.0041-dp-0.16-wd-0.0002
Experiment time: 2024-08-22 08:26:39.986091
+------------------------------+---------------+---------------+---------------+-------+
| Metric                       | Training      | Validation    | Test          | Epoch |
+------------------------------+---------------+---------------+---------------+-------+
| Train RMSE                   | 6116.8931     | 74024.8359    | 78945.2891    | 45    |
| Val RMSE                     | 14788.7705    | 72577.6953    | 80197.0234    | 33    |
| Test RMSE                    | 17606.3457    | 76361.5859    | 75173.2500    | 23    |
| Best Train Custom Accuracy   | 93.4504       | 36.3332       | 6.2271        | 45    |
| Best Val Custom Accuracy     | 79.1523       | 26.4814       | -4.0710       | 33    |
| Best Test Custom Accuracy    | 80.6981       | 31.9099       | 12.5813       | 23    |
+------------------------------+---------------+---------------+---------------+-------+

Exp: 37

Experiment Settings: vs-0.1-d-96-hd-64-ld-224-td-8-timed-36-pd-36-el-5-nh-4-cd-192-tck-7-fck-5-nt-layer-sm-none-up-True-sl-8-mlp-False-ep-50-bs-256-lr-0.002-dp-0.16-wd-0.0009
Experiment time: 2024-08-22 08:26:40.731618
+------------------------------+---------------+---------------+---------------+-------+
| Metric                       | Training      | Validation    | Test          | Epoch |
+------------------------------+---------------+---------------+---------------+-------+
| Train RMSE                   | 5814.2500     | 71517.0391    | 72973.9297    | 40    |
| Val RMSE                     | 82166.0703    | 88372.0312    | 80945.6562    | 1     |
| Test RMSE                    | 9409.1348     | 73942.6875    | 71946.9531    | 30    |
| Best Train Custom Accuracy   | 93.8039       | 39.8239       | 22.5330       | 40    |
| Best Val Custom Accuracy     | 16.9241       | -7.5424       | 2.0585        | 1     |
| Best Test Custom Accuracy    | 90.3241       | 40.7378       | 28.4571       | 30    |
+------------------------------+---------------+---------------+---------------+-------+

Exp: 38

Experiment Settings: vs-0.1-d-96-hd-64-ld-288-td-12-timed-32-pd-36-el-4-nh-4-cd-128-tck-9-fck-5-nt-batch-sm-none-up-False-sl-8-mlp-True-ep-40-bs-128-lr-0.0091-dp-0.14-wd-0.0007
Experiment time: 2024-08-22 08:26:59.969828
+------------------------------+---------------+---------------+---------------+-------+
| Metric                       | Training      | Validation    | Test          | Epoch |
+------------------------------+---------------+---------------+---------------+-------+
| Train RMSE                   | 9809.9658     | 86238.4297    | 76623.6250    | 30    |
| Val RMSE                     | 39709.1992    | 138148.5625   | 71971.4688    | 1     |
| Test RMSE                    | 27732.9785    | 87994.2344    | 71866.7500    | 11    |
| Best Train Custom Accuracy   | 88.9492       | 11.1532       | 14.8684       | 30    |
| Best Val Custom Accuracy     | 60.0891       | -31.7590      | 24.2633       | 1     |
| Best Test Custom Accuracy    | 74.0854       | 16.5050       | 13.7514       | 11    |
+------------------------------+---------------+---------------+---------------+-------+

Exp: 39

Experiment Settings: vs-0.15-d-96-hd-64-ld-352-td-12-timed-24-pd-36-el-5-nh-4-cd-192-tck-7-fck-5-nt-batch-sm-none-up-True-sl-8-mlp-True-ep-50-bs-512-lr-0.0032-dp-0.16-wd-0.0066
Experiment time: 2024-08-22 08:28:55.000065
+------------------------------+---------------+---------------+---------------+-------+
| Metric                       | Training      | Validation    | Test          | Epoch |
+------------------------------+---------------+---------------+---------------+-------+
| Train RMSE                   | 14285.7900    | 84600.8906    | 83693.9922    | 20    |
| Val RMSE                     | 82031.0469    | 89490.0156    | 82298.2422    | 1     |
| Test RMSE                    | 37967.6914    | 81007.2109    | 74686.6719    | 5     |
| Best Train Custom Accuracy   | 86.2263       | 23.6918       | 15.6812       | 20    |
| Best Val Custom Accuracy     | 12.3694       | -13.2820      | -3.8285       | 1     |
| Best Test Custom Accuracy    | 55.1044       | 28.5388       | 3.9610        | 5     |
+------------------------------+---------------+---------------+---------------+-------+

Exp: 40

Experiment Settings: vs-0.25-d-96-hd-64-ld-352-td-12-timed-36-pd-32-el-5-nh-4-cd-192-tck-9-fck-9-nt-layer-sm-none-up-True-sl-8-mlp-False-ep-40-bs-256-lr-0.002-dp-0.16-wd-0.0005
Experiment time: 2024-08-22 08:29:07.746744
+------------------------------+---------------+---------------+---------------+-------+
| Metric                       | Training      | Validation    | Test          | Epoch |
+------------------------------+---------------+---------------+---------------+-------+
| Train RMSE                   | 11948.7236    | 79327.7188    | 75075.3594    | 21    |
| Val RMSE                     | 82030.5781    | 89437.5547    | 82235.6172    | 1     |
| Test RMSE                    | 19792.5352    | 78459.0000    | 73621.5938    | 17    |
| Best Train Custom Accuracy   | 87.0667       | 33.2940       | 27.4612       | 21    |
| Best Val Custom Accuracy     | 12.5651       | -13.0380      | -3.5780       | 1     |
| Best Test Custom Accuracy    | 80.7238       | 41.9023       | 31.0404       | 17    |
+------------------------------+---------------+---------------+---------------+-------+

Exp: 41

Experiment Settings: vs-0.15-d-96-hd-64-ld-160-td-12-timed-36-pd-60-el-5-nh-4-cd-64-tck-7-fck-9-nt-batch-sm-none-up-True-sl-8-mlp-True-ep-50-bs-1024-lr-0.002-dp-0.16-wd-0.0015
Experiment time: 2024-08-22 08:29:12.959889
+------------------------------+---------------+---------------+---------------+-------+
| Metric                       | Training      | Validation    | Test          | Epoch |
+------------------------------+---------------+---------------+---------------+-------+
| Train RMSE                   | 14131.3379    | 80303.9766    | 74861.2266    | 20    |
| Val RMSE                     | 82112.2344    | 88587.9297    | 81210.0859    | 1     |
| Test RMSE                    | 34881.2734    | 77163.3984    | 79815.4766    | 8     |
| Best Train Custom Accuracy   | 85.3512       | 33.7253       | 16.6975       | 20    |
| Best Val Custom Accuracy     | 15.9711       | -8.7543       | 0.8159        | 1     |
| Best Test Custom Accuracy    | 60.1839       | 35.7063       | 10.2601       | 8     |
+------------------------------+---------------+---------------+---------------+-------+

Exp: 42

Experiment Settings: vs-0.15-d-96-hd-64-ld-224-td-12-timed-44-pd-52-el-4-nh-4-cd-128-tck-9-fck-9-nt-batch-sm-none-up-False-sl-8-mlp-True-ep-60-bs-512-lr-0.0035-dp-0.16-wd-0.0022
Experiment time: 2024-08-22 08:29:15.416955
+------------------------------+---------------+---------------+---------------+-------+
| Metric                       | Training      | Validation    | Test          | Epoch |
+------------------------------+---------------+---------------+---------------+-------+
| Train RMSE                   | 10509.2529    | 74080.7031    | 77075.1172    | 25    |
| Val RMSE                     | 27596.5977    | 74524.6094    | 73096.4609    | 11    |
| Test RMSE                    | 27596.5977    | 74524.6094    | 73096.4609    | 11    |
| Best Train Custom Accuracy   | 88.6566       | 29.0252       | 18.3282       | 25    |
| Best Val Custom Accuracy     | 73.7572       | 27.6990       | 33.3082       | 11    |
| Best Test Custom Accuracy    | 73.7572       | 27.6990       | 33.3082       | 11    |
+------------------------------+---------------+---------------+---------------+-------+

Exp: 43

Experiment Settings: vs-0.15-d-96-hd-64-ld-224-td-8-timed-32-pd-52-el-4-nh-4-cd-128-tck-7-fck-9-nt-batch-sm-none-up-False-sl-8-mlp-False-ep-60-bs-128-lr-0.0103-dp-0.14-wd-0.0024
Experiment time: 2024-08-22 08:29:28.118742
+------------------------------+---------------+---------------+---------------+-------+
| Metric                       | Training      | Validation    | Test          | Epoch |
+------------------------------+---------------+---------------+---------------+-------+
| Train RMSE                   | 18858.7305    | 88522.2656    | 77629.8906    | 24    |
| Val RMSE                     | 38937.1914    | 90300.3516    | 73373.5547    | 1     |
| Test RMSE                    | 32036.4609    | 74306.8281    | 73092.4062    | 4     |
| Best Train Custom Accuracy   | 80.5511       | 9.8690        | 23.7157       | 24    |
| Best Val Custom Accuracy     | 59.9562       | 9.7882        | 38.4689       | 1     |
| Best Test Custom Accuracy    | 67.9647       | 29.7145       | 15.0668       | 4     |
+------------------------------+---------------+---------------+---------------+-------+

Exp: 44

Experiment Settings: vs-0.15-d-96-hd-64-ld-288-td-12-timed-44-pd-40-el-4-nh-4-cd-192-tck-9-fck-5-nt-batch-sm-none-up-False-sl-8-mlp-False-ep-60-bs-512-lr-0.0061-dp-0.14-wd-0.0013
Experiment time: 2024-08-22 08:29:33.852444
+------------------------------+---------------+---------------+---------------+-------+
| Metric                       | Training      | Validation    | Test          | Epoch |
+------------------------------+---------------+---------------+---------------+-------+
| Train RMSE                   | 11151.9316    | 73946.5859    | 75019.1797    | 29    |
| Val RMSE                     | 29040.7715    | 71556.6641    | 77714.7656    | 5     |
| Test RMSE                    | 44864.9375    | 72234.1328    | 71468.9453    | 4     |
| Best Train Custom Accuracy   | 87.3645       | 23.3078       | 8.3628        | 29    |
| Best Val Custom Accuracy     | 69.7600       | 35.3715       | 17.2026       | 5     |
| Best Test Custom Accuracy    | 56.2642       | 27.5855       | 27.6678       | 4     |
+------------------------------+---------------+---------------+---------------+-------+

Exp: 45

Experiment Settings: vs-0.15-d-96-hd-64-ld-160-td-8-timed-32-pd-44-el-6-nh-4-cd-192-tck-7-fck-5-nt-layer-sm-none-up-True-sl-8-mlp-True-ep-60-bs-128-lr-0.0049-dp-0.12-wd-0.0022
Experiment time: 2024-08-22 08:29:49.006250
+------------------------------+---------------+---------------+---------------+-------+
| Metric                       | Training      | Validation    | Test          | Epoch |
+------------------------------+---------------+---------------+---------------+-------+
| Train RMSE                   | 21568.2031    | 77591.3281    | 73778.5156    | 11    |
| Val RMSE                     | 71218.5156    | 79762.7734    | 76492.2812    | 1     |
| Test RMSE                    | 24332.4473    | 79542.7344    | 72873.1406    | 13    |
| Best Train Custom Accuracy   | 79.6250       | 41.3673       | 33.4224       | 11    |
| Best Val Custom Accuracy     | 33.0171       | 14.9354       | 19.3371       | 1     |
| Best Test Custom Accuracy    | 77.0310       | 33.7187       | 42.4143       | 13    |
+------------------------------+---------------+---------------+---------------+-------+

Exp: 46

Experiment Settings: vs-0.25-d-96-hd-64-ld-288-td-8-timed-40-pd-36-el-5-nh-4-cd-128-tck-7-fck-9-nt-batch-sm-none-up-True-sl-8-mlp-False-ep-40-bs-1024-lr-0.0018-dp-0.2-wd-0.009
Experiment time: 2024-08-22 08:30:10.910871
+------------------------------+---------------+---------------+---------------+-------+
| Metric                       | Training      | Validation    | Test          | Epoch |
+------------------------------+---------------+---------------+---------------+-------+
| Train RMSE                   | 6745.7627     | 70640.3125    | 75583.8438    | 40    |
| Val RMSE                     | 10045.1416    | 71325.1953    | 75690.4766    | 26    |
| Test RMSE                    | 13273.1348    | 70661.9531    | 76287.8203    | 18    |
| Best Train Custom Accuracy   | 92.8450       | 29.7646       | 18.8390       | 40    |
| Best Val Custom Accuracy     | 88.4432       | 27.1931       | 13.7631       | 26    |
| Best Test Custom Accuracy    | 84.3074       | 29.9796       | 18.7090       | 18    |
+------------------------------+---------------+---------------+---------------+-------+

Exp: 47

Experiment Settings: vs-0.1-d-96-hd-64-ld-224-td-12-timed-28-pd-40-el-6-nh-4-cd-192-tck-9-fck-5-nt-batch-sm-none-up-True-sl-8-mlp-False-ep-60-bs-1024-lr-0.0081-dp-0.1-wd-0.0016
Experiment time: 2024-08-22 08:30:32.183595
+------------------------------+---------------+---------------+---------------+-------+
| Metric                       | Training      | Validation    | Test          | Epoch |
+------------------------------+---------------+---------------+---------------+-------+
| Train RMSE                   | 8678.2012     | 71374.6172    | 73590.7266    | 41    |
| Val RMSE                     | 13514.7539    | 69886.2500    | 72285.9375    | 29    |
| Test RMSE                    | 9679.8467     | 71596.1328    | 71863.3906    | 44    |
| Best Train Custom Accuracy   | 90.9040       | 32.4027       | 22.2307       | 41    |
| Best Val Custom Accuracy     | 87.0076       | 35.6607       | 26.0199       | 29    |
| Best Test Custom Accuracy    | 89.0169       | 33.3491       | 23.8610       | 44    |
+------------------------------+---------------+---------------+---------------+-------+

Exp: 48

Experiment Settings: vs-0.15-d-96-hd-64-ld-160-td-12-timed-44-pd-44-el-5-nh-4-cd-128-tck-7-fck-11-nt-layer-sm-none-up-True-sl-8-mlp-True-ep-60-bs-128-lr-0.0085-dp-0.16-wd-0.0061
Experiment time: 2024-08-22 08:31:34.570855
+------------------------------+---------------+---------------+---------------+-------+
| Metric                       | Training      | Validation    | Test          | Epoch |
+------------------------------+---------------+---------------+---------------+-------+
| Train RMSE                   | 21983.3633    | 82821.2344    | 70834.9609    | 16    |
| Val RMSE                     | 39847.5664    | 71539.0547    | 71872.9219    | 1     |
| Test RMSE                    | 21983.3633    | 82821.2344    | 70834.9609    | 16    |
| Best Train Custom Accuracy   | 73.9527       | 21.1504       | 16.8360       | 16    |
| Best Val Custom Accuracy     | 56.6901       | 45.0859       | 40.8419       | 1     |
| Best Test Custom Accuracy    | 73.9527       | 21.1504       | 16.8360       | 16    |
+------------------------------+---------------+---------------+---------------+-------+

Exp: 49

Experiment Settings: vs-0.1-d-96-hd-64-ld-224-td-12-timed-40-pd-48-el-5-nh-4-cd-192-tck-5-fck-5-nt-layer-sm-none-up-True-sl-8-mlp-False-ep-40-bs-128-lr-0.006-dp-0.14-wd-0.0017
Experiment time: 2024-08-22 08:31:59.004733
+------------------------------+---------------+---------------+---------------+-------+
| Metric                       | Training      | Validation    | Test          | Epoch |
+------------------------------+---------------+---------------+---------------+-------+
| Train RMSE                   | 17145.4121    | 90081.5156    | 78804.7500    | 17    |
| Val RMSE                     | 60685.9258    | 77608.3828    | 77259.2344    | 1     |
| Test RMSE                    | 21896.0918    | 78306.2266    | 77038.1250    | 22    |
| Best Train Custom Accuracy   | 82.8419       | 17.2565       | 18.7268       | 17    |
| Best Val Custom Accuracy     | 49.6094       | 40.7768       | 41.7658       | 1     |
| Best Test Custom Accuracy    | 85.1988       | 27.4538       | 19.1249       | 22    |
+------------------------------+---------------+---------------+---------------+-------+

Exp: 50

Experiment Settings: vs-0.25-d-96-hd-64-ld-224-td-12-timed-44-pd-44-el-5-nh-4-cd-128-tck-11-fck-9-nt-batch-sm-none-up-True-sl-8-mlp-False-ep-60-bs-256-lr-0.0017-dp-0.14-wd-0.0009
Experiment time: 2024-08-22 08:32:02.025165
+------------------------------+---------------+---------------+---------------+-------+
| Metric                       | Training      | Validation    | Test          | Epoch |
+------------------------------+---------------+---------------+---------------+-------+
| Train RMSE                   | 11048.8340    | 75217.9219    | 74637.0312    | 23    |
| Val RMSE                     | 82044.3594    | 89065.3828    | 81788.9141    | 1     |
| Test RMSE                    | 25461.9922    | 124503.2812   | 68708.9375    | 3     |
| Best Train Custom Accuracy   | 87.5894       | 28.8066       | 16.7953       | 23    |
| Best Val Custom Accuracy     | 13.9994       | -11.2425      | -1.7360       | 1     |
| Best Test Custom Accuracy    | 74.3469       | -26.8474      | 26.6897       | 3     |
+------------------------------+---------------+---------------+---------------+-------+

Exp: 51

Experiment Settings: vs-0.1-d-96-hd-64-ld-224-td-12-timed-44-pd-44-el-4-nh-4-cd-128-tck-9-fck-9-nt-layer-sm-none-up-True-sl-8-mlp-False-ep-50-bs-256-lr-0.0024-dp-0.18-wd-0.0012
Experiment time: 2024-08-22 08:32:04.545845
+------------------------------+---------------+---------------+---------------+-------+
| Metric                       | Training      | Validation    | Test          | Epoch |
+------------------------------+---------------+---------------+---------------+-------+
| Train RMSE                   | 12156.4570    | 75275.4609    | 76985.1562    | 26    |
| Val RMSE                     | 24843.1641    | 77795.0625    | 82873.7578    | 13    |
| Test RMSE                    | 13676.3320    | 79550.8594    | 75305.8672    | 23    |
| Best Train Custom Accuracy   | 88.7569       | 25.2161       | 11.9184       | 26    |
| Best Val Custom Accuracy     | 74.6435       | 13.2695       | -6.3477       | 13    |
| Best Test Custom Accuracy    | 84.7360       | 19.6909       | 11.7019       | 23    |
+------------------------------+---------------+---------------+---------------+-------+

Exp: 52

Experiment Settings: vs-0.15-d-96-hd-64-ld-288-td-12-timed-48-pd-48-el-5-nh-4-cd-256-tck-11-fck-11-nt-layer-sm-none-up-True-sl-8-mlp-False-ep-50-bs-128-lr-0.0052-dp-0.14-wd-0.0004
Experiment time: 2024-08-22 08:32:15.373031
+------------------------------+---------------+---------------+---------------+-------+
| Metric                       | Training      | Validation    | Test          | Epoch |
+------------------------------+---------------+---------------+---------------+-------+
| Train RMSE                   | 14356.0566    | 84044.2031    | 79440.6875    | 20    |
| Val RMSE                     | 62526.4414    | 76944.7969    | 74767.8984    | 1     |
| Test RMSE                    | 25915.7148    | 69937.5781    | 74618.2344    | 6     |
| Best Train Custom Accuracy   | 83.8513       | 12.7614       | 10.4621       | 20    |
| Best Val Custom Accuracy     | 38.7066       | 19.8080       | 18.7172       | 1     |
| Best Test Custom Accuracy    | 70.6352       | 40.9642       | 18.4656       | 6     |
+------------------------------+---------------+---------------+---------------+-------+

Exp: 53

Experiment Settings: vs-0.15-d-96-hd-64-ld-352-td-12-timed-36-pd-24-el-4-nh-4-cd-128-tck-7-fck-11-nt-batch-sm-none-up-True-sl-8-mlp-True-ep-60-bs-1024-lr-0.0022-dp-0.14-wd-0.0023
Experiment time: 2024-08-22 08:32:21.458920
+------------------------------+---------------+---------------+---------------+-------+
| Metric                       | Training      | Validation    | Test          | Epoch |
+------------------------------+---------------+---------------+---------------+-------+
| Train RMSE                   | 7818.9619     | 77838.9297    | 84493.8516    | 37    |
| Val RMSE                     | 17890.6250    | 77342.1953    | 86068.3125    | 24    |
| Test RMSE                    | 23434.0547    | 81232.6094    | 80644.8672    | 9     |
| Best Train Custom Accuracy   | 91.4030       | 28.6266       | -8.4424       | 37    |
| Best Val Custom Accuracy     | 85.5388       | 26.6620       | -4.2136       | 24    |
| Best Test Custom Accuracy    | 77.0323       | 36.2442       | 3.2139        | 9     |
+------------------------------+---------------+---------------+---------------+-------+

Exp: 54

Experiment Settings: vs-0.2-d-96-hd-64-ld-160-td-12-timed-20-pd-40-el-5-nh-4-cd-192-tck-7-fck-9-nt-batch-sm-none-up-False-sl-8-mlp-False-ep-60-bs-128-lr-0.0063-dp-0.16-wd-0.0015
Experiment time: 2024-08-22 08:32:29.624811
+------------------------------+---------------+---------------+---------------+-------+
| Metric                       | Training      | Validation    | Test          | Epoch |
+------------------------------+---------------+---------------+---------------+-------+
| Train RMSE                   | 18350.5840    | 86418.4453    | 76480.6328    | 23    |
| Val RMSE                     | 59175.1328    | 78503.7109    | 75313.2969    | 1     |
| Test RMSE                    | 32666.9414    | 73347.5312    | 71878.8594    | 4     |
| Best Train Custom Accuracy   | 83.5861       | 12.9113       | 25.1290       | 23    |
| Best Val Custom Accuracy     | 42.4684       | 26.6896       | 31.6636       | 1     |
| Best Test Custom Accuracy    | 63.1312       | 32.3421       | 42.6572       | 4     |
+------------------------------+---------------+---------------+---------------+-------+

Exp: 55

Experiment Settings: vs-0.15-d-96-hd-64-ld-416-td-12-timed-36-pd-40-el-4-nh-4-cd-128-tck-9-fck-9-nt-layer-sm-none-up-False-sl-8-mlp-True-ep-40-bs-256-lr-0.0037-dp-0.14-wd-0.002
Experiment time: 2024-08-22 08:33:10.191305
+------------------------------+---------------+---------------+---------------+-------+
| Metric                       | Training      | Validation    | Test          | Epoch |
+------------------------------+---------------+---------------+---------------+-------+
| Train RMSE                   | 6087.4453     | 73481.0234    | 76672.0469    | 39    |
| Val RMSE                     | 82160.1875    | 88379.3281    | 80956.6719    | 1     |
| Test RMSE                    | 62229.0000    | 78913.5625    | 74785.1094    | 2     |
| Best Train Custom Accuracy   | 93.6130       | 33.2855       | 9.8683        | 39    |
| Best Val Custom Accuracy     | 16.8819       | -7.5948       | 2.0028        | 1     |
| Best Test Custom Accuracy    | 44.3846       | 12.8249       | 12.6365       | 2     |
+------------------------------+---------------+---------------+---------------+-------+

Exp: 56

Experiment Settings: vs-0.15-d-96-hd-64-ld-288-td-8-timed-16-pd-48-el-4-nh-4-cd-256-tck-7-fck-11-nt-batch-sm-none-up-True-sl-8-mlp-True-ep-50-bs-128-lr-0.0044-dp-0.14-wd-0.0016
Experiment time: 2024-08-22 08:33:24.764877
+------------------------------+---------------+---------------+---------------+-------+
| Metric                       | Training      | Validation    | Test          | Epoch |
+------------------------------+---------------+---------------+---------------+-------+
| Train RMSE                   | 11183.2227    | 81455.9219    | 74545.0078    | 32    |
| Val RMSE                     | 64095.0312    | 78079.7500    | 73256.8516    | 1     |
| Test RMSE                    | 34765.6641    | 90811.8906    | 72348.3828    | 5     |
| Best Train Custom Accuracy   | 89.1000       | 27.4582       | 30.3127       | 32    |
| Best Val Custom Accuracy     | 44.2782       | 28.2639       | 30.7710       | 1     |
| Best Test Custom Accuracy    | 67.8754       | 8.9951        | 24.0538       | 5     |
+------------------------------+---------------+---------------+---------------+-------+

Exp: 57

Experiment Settings: vs-0.15-d-96-hd-64-ld-160-td-12-timed-36-pd-36-el-3-nh-4-cd-128-tck-11-fck-9-nt-layer-sm-none-up-True-sl-8-mlp-True-ep-60-bs-128-lr-0.0026-dp-0.16-wd-0.0026
Experiment time: 2024-08-22 08:33:30.389599
+------------------------------+---------------+---------------+---------------+-------+
| Metric                       | Training      | Validation    | Test          | Epoch |
+------------------------------+---------------+---------------+---------------+-------+
| Train RMSE                   | 13781.7607    | 81387.8281    | 80839.8828    | 28    |
| Val RMSE                     | 67256.8906    | 80670.8594    | 75574.6484    | 1     |
| Test RMSE                    | 30459.0078    | 85133.5156    | 69454.4062    | 3     |
| Best Train Custom Accuracy   | 88.1368       | 41.1502       | 21.0433       | 28    |
| Best Val Custom Accuracy     | 33.7034       | 11.3257       | 18.5846       | 1     |
| Best Test Custom Accuracy    | 67.1633       | 35.8475       | 44.2368       | 3     |
+------------------------------+---------------+---------------+---------------+-------+

Exp: 58

Experiment Settings: vs-0.15-d-96-hd-64-ld-160-td-12-timed-56-pd-44-el-5-nh-4-cd-192-tck-7-fck-9-nt-batch-sm-none-up-False-sl-8-mlp-True-ep-60-bs-1024-lr-0.0037-dp-0.14-wd-0.0008
Experiment time: 2024-08-22 08:33:45.239025
+------------------------------+---------------+---------------+---------------+-------+
| Metric                       | Training      | Validation    | Test          | Epoch |
+------------------------------+---------------+---------------+---------------+-------+
| Train RMSE                   | 17969.7676    | 75062.2031    | 77269.1797    | 21    |
| Val RMSE                     | 56914.4844    | 89019.9922    | 101644.6562   | 8     |
| Test RMSE                    | 18234.4727    | 78237.5312    | 79935.8750    | 22    |
| Best Train Custom Accuracy   | 85.1380       | 39.9691       | 24.2059       | 21    |
| Best Val Custom Accuracy     | 51.5249       | 26.1810       | 15.8098       | 8     |
| Best Test Custom Accuracy    | 80.6512       | 26.8735       | 13.6623       | 22    |
+------------------------------+---------------+---------------+---------------+-------+

