Exp: 1

Experiment Settings: seq_len-8-lr-0.001-d-256-hid_d-512-last_d-1024-time_d-64-e_layers-12-token_emb_kernel_size-9-dropout-0.1-comb_type-concat-bs-256
Experiment time: 2024-08-07 21:02:55.755395
+------------------------------+---------------+---------------+---------------+-------+
| Metric                       | Training      | Validation    | Test          | Epoch |
+------------------------------+---------------+---------------+---------------+-------+
| Train RMSE                   | 87.9778       | 380.2315      | 435.5514      | 19    |
| Val RMSE                     | 267.2836      | 437.0865      | 369.8569      | 1     |
| Test RMSE                    | 237.6921      | 502.3966      | 367.5853      | 2     |
| Best Train Custom Accuracy   | 82.3867       | 48.5721       | 39.1854       | 19    |
| Best Val Custom Accuracy     | 47.1552       | 35.6125       | 33.7166       | 1     |
| Best Test Custom Accuracy    | 53.1526       | 32.8502       | 39.1947       | 2     |
+------------------------------+---------------+---------------+---------------+-------+

Exp: 2

Experiment Settings: seq_len-8-lr-0.001-d-256-hid_d-512-last_d-1024-time_d-64-e_layers-12-token_emb_kernel_size-9-dropout-0.1-comb_type-add-bs-256
Experiment time: 2024-08-07 21:04:47.202672
+------------------------------+---------------+---------------+---------------+-------+
| Metric                       | Training      | Validation    | Test          | Epoch |
+------------------------------+---------------+---------------+---------------+-------+
| Train RMSE                   | 49.3428       | 380.0383      | 405.9352      | 39    |
| Val RMSE                     | 84.0981       | 353.8402      | 426.3566      | 24    |
| Test RMSE                    | 286.0833      | 377.4136      | 375.5305      | 1     |
| Best Train Custom Accuracy   | 90.2965       | 45.2757       | 30.0202       | 39    |
| Best Val Custom Accuracy     | 83.3443       | 43.7683       | 19.6082       | 24    |
| Best Test Custom Accuracy    | 46.6842       | 43.2627       | 33.8192       | 1     |
+------------------------------+---------------+---------------+---------------+-------+

Exp: 3

Experiment Settings: seq_len-8-lr-0.001-d-256-hid_d-512-last_d-1024-time_d-64-e_layers-12-token_emb_kernel_size-9-dropout-0.4-comb_type-add-bs-256
Experiment time: 2024-08-07 21:05:06.454501
+------------------------------+---------------+---------------+---------------+-------+
| Metric                       | Training      | Validation    | Test          | Epoch |
+------------------------------+---------------+---------------+---------------+-------+
| Train RMSE                   | 149.9774      | 527.6656      | 446.7053      | 19    |
| Val RMSE                     | 293.3148      | 393.1876      | 375.0574      | 2     |
| Test RMSE                    | 293.3148      | 393.1876      | 375.0574      | 2     |
| Best Train Custom Accuracy   | 73.1301       | 32.2148       | 24.0805       | 19    |
| Best Val Custom Accuracy     | 45.8492       | 47.4912       | 40.4477       | 2     |
| Best Test Custom Accuracy    | 45.8492       | 47.4912       | 40.4477       | 2     |
+------------------------------+---------------+---------------+---------------+-------+

Exp: 4

Experiment Settings: seq_len-8-lr-0.001-d-256-hid_d-512-last_d-1024-time_d-64-e_layers-12-token_emb_kernel_size-9-dropout-0.4-comb_type-concat-bs-256
Experiment time: 2024-08-07 21:06:36.487065
+------------------------------+---------------+---------------+---------------+-------+
| Metric                       | Training      | Validation    | Test          | Epoch |
+------------------------------+---------------+---------------+---------------+-------+
| Train RMSE                   | 146.6374      | 432.4270      | 405.5653      | 13    |
| Val RMSE                     | 312.8498      | 409.4612      | 381.7707      | 1     |
| Test RMSE                    | 281.3503      | 408.7509      | 369.0556      | 2     |
| Best Train Custom Accuracy   | 70.5354       | 41.6426       | 41.5761       | 13    |
| Best Val Custom Accuracy     | 43.9713       | 29.0274       | 24.4602       | 1     |
| Best Test Custom Accuracy    | 46.5224       | 42.7832       | 39.0933       | 2     |
+------------------------------+---------------+---------------+---------------+-------+

Exp: 5

Experiment Settings: seq_len-8-lr-0.001-d-256-hid_d-512-last_d-1024-time_d-64-e_layers-12-token_emb_kernel_size-9-dropout-0.4-comb_type-concat-bs-256
Experiment time: 2024-08-07 21:06:55.121851
+------------------------------+---------------+---------------+---------------+-------+
| Metric                       | Training      | Validation    | Test          | Epoch |
+------------------------------+---------------+---------------+---------------+-------+
| Train RMSE                   | 146.6374      | 432.4270      | 405.5653      | 13    |
| Val RMSE                     | 312.8498      | 409.4612      | 381.7707      | 1     |
| Test RMSE                    | 281.3503      | 408.7509      | 369.0556      | 2     |
| Best Train Custom Accuracy   | 70.5354       | 41.6426       | 41.5761       | 13    |
| Best Val Custom Accuracy     | 43.9713       | 29.0274       | 24.4602       | 1     |
| Best Test Custom Accuracy    | 46.5224       | 42.7832       | 39.0933       | 2     |
+------------------------------+---------------+---------------+---------------+-------+

Exp: 6

Experiment Settings: seq_len-8-lr-0.001-d-256-hid_d-512-last_d-1024-time_d-64-e_layers-12-token_emb_kernel_size-9-dropout-0.1-comb_type-concat-bs-256
Experiment time: 2024-08-07 21:13:03.970803
+------------------------------+---------------+---------------+---------------+-------+
| Metric                       | Training      | Validation    | Test          | Epoch |
+------------------------------+---------------+---------------+---------------+-------+
| Train RMSE                   | 87.9778       | 380.2315      | 435.5514      | 19    |
| Val RMSE                     | 267.2836      | 437.0865      | 369.8569      | 1     |
| Test RMSE                    | 237.6921      | 502.3966      | 367.5853      | 2     |
| Best Train Custom Accuracy   | 82.3867       | 48.5721       | 39.1854       | 19    |
| Best Val Custom Accuracy     | 47.1552       | 35.6125       | 33.7166       | 1     |
| Best Test Custom Accuracy    | 53.1526       | 32.8502       | 39.1947       | 2     |
+------------------------------+---------------+---------------+---------------+-------+

Exp: 7

Experiment Settings: seq_len-8-lr-0.001-d-256-hid_d-512-last_d-1024-time_d-64-e_layers-12-token_emb_kernel_size-9-dropout-0.1-comb_type-add-bs-256
Experiment time: 2024-08-07 21:14:54.447441
+------------------------------+---------------+---------------+---------------+-------+
| Metric                       | Training      | Validation    | Test          | Epoch |
+------------------------------+---------------+---------------+---------------+-------+
| Train RMSE                   | 49.3428       | 380.0383      | 405.9352      | 39    |
| Val RMSE                     | 84.0981       | 353.8402      | 426.3566      | 24    |
| Test RMSE                    | 286.0833      | 377.4136      | 375.5305      | 1     |
| Best Train Custom Accuracy   | 90.2965       | 45.2757       | 30.0202       | 39    |
| Best Val Custom Accuracy     | 83.3443       | 43.7683       | 19.6082       | 24    |
| Best Test Custom Accuracy    | 46.6842       | 43.2627       | 33.8192       | 1     |
+------------------------------+---------------+---------------+---------------+-------+

Exp: 8

Experiment Settings: seq_len-8-lr-0.001-d-256-hid_d-512-last_d-1024-time_d-64-e_layers-12-token_emb_kernel_size-9-dropout-0.2-comb_type-add-bs-256
Experiment time: 2024-08-07 21:15:55.198674
+------------------------------+---------------+---------------+---------------+-------+
| Metric                       | Training      | Validation    | Test          | Epoch |
+------------------------------+---------------+---------------+---------------+-------+
| Train RMSE                   | 83.7340       | 396.8102      | 418.2328      | 24    |
| Val RMSE                     | 273.5207      | 381.9034      | 374.4781      | 2     |
| Test RMSE                    | 273.5207      | 381.9034      | 374.4781      | 2     |
| Best Train Custom Accuracy   | 83.4734       | 32.2159       | 9.3305        | 24    |
| Best Val Custom Accuracy     | 49.3001       | 47.8876       | 41.7216       | 2     |
| Best Test Custom Accuracy    | 49.3001       | 47.8876       | 41.7216       | 2     |
+------------------------------+---------------+---------------+---------------+-------+

Exp: 9

Experiment Settings: seq_len-8-lr-0.001-d-256-hid_d-512-last_d-1024-time_d-64-e_layers-12-token_emb_kernel_size-9-dropout-0.2-comb_type-concat-bs-256
Experiment time: 2024-08-07 21:18:04.588033
+------------------------------+---------------+---------------+---------------+-------+
| Metric                       | Training      | Validation    | Test          | Epoch |
+------------------------------+---------------+---------------+---------------+-------+
| Train RMSE                   | 76.5157       | 423.8637      | 403.8159      | 27    |
| Val RMSE                     | 278.9208      | 425.8273      | 377.3866      | 1     |
| Test RMSE                    | 253.4140      | 445.5255      | 372.2101      | 2     |
| Best Train Custom Accuracy   | 84.8009       | 43.9921       | 31.8067       | 27    |
| Best Val Custom Accuracy     | 46.8072       | 35.6694       | 35.0114       | 1     |
| Best Test Custom Accuracy    | 53.1450       | 38.4087       | 42.6383       | 2     |
+------------------------------+---------------+---------------+---------------+-------+

Exp: 10

Experiment Settings: seq_len-8-lr-0.001-d-128-hid_d-512-last_d-1024-time_d-32-e_layers-12-token_emb_kernel_size-9-dropout-0.1-comb_type-add-bs-256
Experiment time: 2024-08-07 21:20:52.143361
+------------------------------+---------------+---------------+---------------+-------+
| Metric                       | Training      | Validation    | Test          | Epoch |
+------------------------------+---------------+---------------+---------------+-------+
| Train RMSE                   | 101.7487      | 425.9562      | 425.4345      | 14    |
| Val RMSE                     | 283.7314      | 413.2450      | 381.4596      | 1     |
| Test RMSE                    | 256.0271      | 402.3091      | 370.1780      | 2     |
| Best Train Custom Accuracy   | 78.7949       | 45.0560       | 47.9878       | 14    |
| Best Val Custom Accuracy     | 46.0680       | 40.6925       | 39.2320       | 1     |
| Best Test Custom Accuracy    | 48.9035       | 33.5854       | 33.0672       | 2     |
+------------------------------+---------------+---------------+---------------+-------+

Exp: 11

Experiment Settings: seq_len-8-lr-0.001-d-128-hid_d-512-last_d-1024-time_d-32-e_layers-12-token_emb_kernel_size-9-dropout-0.1-comb_type-concat-bs-256
Experiment time: 2024-08-07 21:23:08.416523
+------------------------------+---------------+---------------+---------------+-------+
| Metric                       | Training      | Validation    | Test          | Epoch |
+------------------------------+---------------+---------------+---------------+-------+
| Train RMSE                   | 47.2015       | 455.5013      | 387.9556      | 38    |
| Val RMSE                     | 262.2676      | 704.8539      | 380.0948      | 1     |
| Test RMSE                    | 59.6380       | 418.2021      | 378.9554      | 32    |
| Best Train Custom Accuracy   | 90.7231       | 30.9688       | 30.8004       | 38    |
| Best Val Custom Accuracy     | 51.4234       | 14.5611       | 37.6245       | 1     |
| Best Test Custom Accuracy    | 88.9051       | 34.1073       | 34.9732       | 32    |
+------------------------------+---------------+---------------+---------------+-------+

Exp: 12

Experiment Settings: seq_len-8-lr-0.001-d-128-hid_d-512-last_d-1024-time_d-32-e_layers-12-token_emb_kernel_size-9-dropout-0.2-comb_type-add-bs-256
Experiment time: 2024-08-07 21:23:21.125906
+------------------------------+---------------+---------------+---------------+-------+
| Metric                       | Training      | Validation    | Test          | Epoch |
+------------------------------+---------------+---------------+---------------+-------+
| Train RMSE                   | 98.6199       | 436.4965      | 430.8111      | 20    |
| Val RMSE                     | 309.0476      | 419.2070      | 379.9363      | 1     |
| Test RMSE                    | 309.0476      | 419.2070      | 379.9363      | 1     |
| Best Train Custom Accuracy   | 79.4767       | 46.3442       | 46.9645       | 20    |
| Best Val Custom Accuracy     | 44.3599       | 42.3536       | 42.0008       | 1     |
| Best Test Custom Accuracy    | 44.3599       | 42.3536       | 42.0008       | 1     |
+------------------------------+---------------+---------------+---------------+-------+

Exp: 13

Experiment Settings: seq_len-8-lr-0.001-d-128-hid_d-512-last_d-1024-time_d-32-e_layers-12-token_emb_kernel_size-9-dropout-0.2-comb_type-concat-bs-256
Experiment time: 2024-08-07 21:25:49.140660
+------------------------------+---------------+---------------+---------------+-------+
| Metric                       | Training      | Validation    | Test          | Epoch |
+------------------------------+---------------+---------------+---------------+-------+
| Train RMSE                   | 96.9463       | 552.7457      | 397.7534      | 23    |
| Val RMSE                     | 282.6753      | 498.1917      | 390.3018      | 1     |
| Test RMSE                    | 282.6753      | 498.1917      | 390.3018      | 1     |
| Best Train Custom Accuracy   | 80.1222       | 17.9025       | 27.0214       | 23    |
| Best Val Custom Accuracy     | 53.5588       | 39.8706       | 51.1198       | 1     |
| Best Test Custom Accuracy    | 53.5588       | 39.8706       | 51.1198       | 1     |
+------------------------------+---------------+---------------+---------------+-------+

