Exp: 1

Experiment Settings: seq_len-16-lr-0.01-d-256-hid_d-512-last_d-1024-time_d-64-e_layers-8-token_conv_kernel-11-dropout-0.4-comb_type-add-bs-256
Experiment time: 2024-08-06 22:31:55.010925
+------------------------------+---------------+---------------+---------------+-------+
| Metric                       | Training      | Validation    | Test          | Epoch |
+------------------------------+---------------+---------------+---------------+-------+
| Train RMSE                   | 45.4309       | 401.6037      | 437.7604      | 30    |
| Val RMSE                     | 50.9588       | 398.5770      | 438.9366      | 22    |
| Test RMSE                    | 337.2632      | 419.6075      | 414.8932      | 1     |
| Best Train Custom Accuracy   | 91.4788       | 45.1619       | 45.2230       | 30    |
| Best Val Custom Accuracy     | 90.0945       | 44.7932       | 43.0987       | 22    |
| Best Test Custom Accuracy    | 37.0545       | 32.5655       | 29.3582       | 1     |
+------------------------------+---------------+---------------+---------------+-------+

Exp: 2

Experiment Settings: seq_len-16-lr-0.01-d-256-hid_d-512-last_d-1024-time_d-64-e_layers-16-token_conv_kernel-11-dropout-0.2-comb_type-add-bs-256
Experiment time: 2024-08-06 22:32:22.780984
+------------------------------+---------------+---------------+---------------+-------+
| Metric                       | Training      | Validation    | Test          | Epoch |
+------------------------------+---------------+---------------+---------------+-------+
| Train RMSE                   | 54.4003       | 404.0128      | 450.9344      | 28    |
| Val RMSE                     | 79.9117       | 372.5028      | 399.8346      | 15    |
| Test RMSE                    | 77.1653       | 392.3181      | 398.2858      | 17    |
| Best Train Custom Accuracy   | 89.6661       | 21.5932       | -12.8583      | 28    |
| Best Val Custom Accuracy     | 85.0071       | 39.6199       | 27.8550       | 15    |
| Best Test Custom Accuracy    | 84.9329       | 41.2932       | 33.7483       | 17    |
+------------------------------+---------------+---------------+---------------+-------+

Exp: 3

Experiment Settings: seq_len-16-lr-0.01-d-256-hid_d-512-last_d-1024-time_d-64-e_layers-8-token_conv_kernel-11-dropout-0.4-comb_type-add-bs-256
Experiment time: 2024-08-06 22:35:04.738309
+------------------------------+---------------+---------------+---------------+-------+
| Metric                       | Training      | Validation    | Test          | Epoch |
+------------------------------+---------------+---------------+---------------+-------+
| Train RMSE                   | 125.5126      | 467.5757      | 582.3118      | 16    |
| Val RMSE                     | 328.2434      | 419.5030      | 415.2194      | 1     |
| Test RMSE                    | 328.2434      | 419.5030      | 415.2194      | 1     |
| Best Train Custom Accuracy   | 81.0550       | 43.2223       | 29.1477       | 16    |
| Best Val Custom Accuracy     | 38.1244       | 34.4043       | 32.0509       | 1     |
| Best Test Custom Accuracy    | 38.1244       | 34.4043       | 32.0509       | 1     |
+------------------------------+---------------+---------------+---------------+-------+

Exp: 4

Experiment Settings: seq_len-16-lr-0.01-d-256-hid_d-512-last_d-1024-time_d-64-e_layers-16-token_conv_kernel-11-dropout-0.2-comb_type-add-bs-256
Experiment time: 2024-08-06 22:35:18.226293
+------------------------------+---------------+---------------+---------------+-------+
| Metric                       | Training      | Validation    | Test          | Epoch |
+------------------------------+---------------+---------------+---------------+-------+
| Train RMSE                   | 55.3613       | 389.8033      | 439.3354      | 30    |
| Val RMSE                     | 103.0073      | 396.1622      | 442.3364      | 16    |
| Test RMSE                    | 143.0009      | 422.3347      | 401.6626      | 10    |
| Best Train Custom Accuracy   | 89.4661       | 26.8126       | 3.6342        | 30    |
| Best Val Custom Accuracy     | 76.9537       | 47.2860       | 49.1529       | 16    |
| Best Test Custom Accuracy    | 74.1641       | 29.2096       | 11.5209       | 10    |
+------------------------------+---------------+---------------+---------------+-------+



# ConvExp: 5

Experiment Settings: seq_len-16-lr-0.005-d-256-hid_d-512-last_d-1024-time_d-64-e_layers-4-token_conv_kernel-11-dropout-0.2-comb_type-add-bs-256
Experiment time: 2024-08-06 22:41:36.634541
+------------------------------+---------------+---------------+---------------+-------+
| Metric                       | Training      | Validation    | Test          | Epoch |
+------------------------------+---------------+---------------+---------------+-------+
| Train RMSE                   | 41.6825       | 446.3420      | 512.2538      | 28    |
| Val RMSE                     | 153.6107      | 461.4256      | 617.6207      | 8     |
| Test RMSE                    | 116.7193      | 382.3472      | 428.3028      | 15    |
| Best Train Custom Accuracy   | 91.8633       | 47.9304       | 44.3692       | 28    |
| Best Val Custom Accuracy     | 60.4442       | -4.7857       | -74.3159      | 8     |
| Best Test Custom Accuracy    | 73.1407       | 37.7185       | 22.6485       | 15    |
+------------------------------+---------------+---------------+---------------+-------+

Exp: 5

Experiment Settings: seq_len-16-lr-0.005-d-256-hid_d-512-last_d-1024-time_d-64-e_layers-4-token_conv_kernel-11-dropout-0.4-comb_type-add-bs-256
Experiment time: 2024-08-06 22:41:43.873856
+------------------------------+---------------+---------------+---------------+-------+
| Metric                       | Training      | Validation    | Test          | Epoch |
+------------------------------+---------------+---------------+---------------+-------+
| Train RMSE                   | 59.8962       | 517.5933      | 600.7597      | 28    |
| Val RMSE                     | 137.3715      | 398.3886      | 443.7832      | 13    |
| Test RMSE                    | 107.4386      | 421.1686      | 497.7556      | 18    |
| Best Train Custom Accuracy   | 88.1324       | 40.1833       | 24.8013       | 28    |
| Best Val Custom Accuracy     | 64.9353       | 19.7419       | -2.5796       | 13    |
| Best Test Custom Accuracy    | 72.2984       | 50.4814       | 49.1645       | 18    |
+------------------------------+---------------+---------------+---------------+-------+

Exp: 6

Experiment Settings: seq_len-16-lr-0.01-d-256-hid_d-512-last_d-1024-time_d-64-e_layers-4-token_conv_kernel-11-dropout-0.2-comb_type-add-bs-256
Experiment time: 2024-08-06 22:44:10.047795
+------------------------------+---------------+---------------+---------------+-------+
| Metric                       | Training      | Validation    | Test          | Epoch |
+------------------------------+---------------+---------------+---------------+-------+
| Train RMSE                   | 56.8437       | 453.1338      | 540.8845      | 29    |
| Val RMSE                     | 64.1337       | 444.8379      | 535.2516      | 21    |
| Test RMSE                    | 62.5919       | 453.9105      | 557.3116      | 22    |
| Best Train Custom Accuracy   | 89.6340       | 47.1422       | 38.4168       | 29    |
| Best Val Custom Accuracy     | 87.9030       | 47.0684       | 39.3949       | 21    |
| Best Test Custom Accuracy    | 88.2584       | 47.3970       | 35.7809       | 22    |
+------------------------------+---------------+---------------+---------------+-------+

Exp: 7

Experiment Settings: seq_len-16-lr-0.005-d-256-hid_d-512-last_d-1024-time_d-64-e_layers-4-token_conv_kernel-11-dropout-0.2-comb_type-add-bs-256
Experiment time: 2024-08-06 22:44:18.464421
+------------------------------+---------------+---------------+---------------+-------+
| Metric                       | Training      | Validation    | Test          | Epoch |
+------------------------------+---------------+---------------+---------------+-------+
| Train RMSE                   | 50.8681       | 477.6510      | 591.0111      | 29    |
| Val RMSE                     | 121.5662      | 392.6845      | 416.9477      | 17    |
| Test RMSE                    | 121.5662      | 392.6845      | 416.9477      | 17    |
| Best Train Custom Accuracy   | 90.1302       | 45.3278       | 28.3728       | 29    |
| Best Val Custom Accuracy     | 67.8658       | 27.0790       | 9.7523        | 17    |
| Best Test Custom Accuracy    | 67.8658       | 27.0790       | 9.7523        | 17    |
+------------------------------+---------------+---------------+---------------+-------+

Exp: 8

Experiment Settings: seq_len-16-lr-0.005-d-256-hid_d-512-last_d-1024-time_d-64-e_layers-4-token_conv_kernel-11-dropout-0.4-comb_type-add-bs-256
Experiment time: 2024-08-06 22:47:35.646647
+------------------------------+---------------+---------------+---------------+-------+
| Metric                       | Training      | Validation    | Test          | Epoch |
+------------------------------+---------------+---------------+---------------+-------+
| Train RMSE                   | 50.1530       | 457.2591      | 555.0883      | 30    |
| Val RMSE                     | 87.9023       | 450.6417      | 561.7208      | 16    |
| Test RMSE                    | 269.3910      | 464.0574      | 529.4418      | 1     |
| Best Train Custom Accuracy   | 90.4974       | 46.4783       | 37.9563       | 30    |
| Best Val Custom Accuracy     | 82.7962       | 46.0281       | 37.3074       | 16    |
| Best Test Custom Accuracy    | 45.7062       | 42.5576       | 37.5669       | 1     |
+------------------------------+---------------+---------------+---------------+-------+


### Conv grid searchExp: 9

Experiment Settings: seq_len-16-lr-0.01-d-512-hid_d-512-last_d-1024-time_d-64-e_layers-4-token_conv_kernel-13-dropout-0.4-comb_type-add-bs-1024
Experiment time: 2024-08-06 22:58:36.838953
+------------------------------+---------------+---------------+---------------+-------+
| Metric                       | Training      | Validation    | Test          | Epoch |
+------------------------------+---------------+---------------+---------------+-------+
| Train RMSE                   | 110.7488      | 483.3777      | 550.6685      | 29    |
| Val RMSE                     | 913.1753      | 600.1157      | 600.7597      | 1     |
| Test RMSE                    | 913.1753      | 600.1157      | 600.7597      | 1     |
| Best Train Custom Accuracy   | 77.0903       | 44.8273       | 39.3223       | 29    |
| Best Val Custom Accuracy     | -22.3972      | 25.6896       | 24.8013       | 1     |
| Best Test Custom Accuracy    | -22.3972      | 25.6896       | 24.8013       | 1     |
+------------------------------+---------------+---------------+---------------+-------+

Exp: 9

Experiment Settings: seq_len-16-lr-0.001-d-512-hid_d-2048-last_d-2048-time_d-64-e_layers-4-token_conv_kernel-11-dropout-0.1-comb_type-add-bs-256
Experiment time: 2024-08-06 22:59:06.451563
+------------------------------+---------------+---------------+---------------+-------+
| Metric                       | Training      | Validation    | Test          | Epoch |
+------------------------------+---------------+---------------+---------------+-------+
| Train RMSE                   | 64.2183       | 484.4284      | 590.8068      | 30    |
| Val RMSE                     | 233.5173      | 411.3354      | 460.9014      | 17    |
| Test RMSE                    | 300.9453      | 413.7664      | 434.7783      | 1     |
| Best Train Custom Accuracy   | 88.8068       | 44.1787       | 28.7130       | 30    |
| Best Val Custom Accuracy     | 57.6983       | 42.9203       | 44.6162       | 17    |
| Best Test Custom Accuracy    | 30.9276       | 31.5502       | 36.5036       | 1     |
+------------------------------+---------------+---------------+---------------+-------+

Exp: 10

Experiment Settings: seq_len-16-lr-0.02-d-256-hid_d-1024-last_d-512-time_d-64-e_layers-4-token_conv_kernel-9-dropout-0.1-comb_type-add-bs-1024
Experiment time: 2024-08-06 23:00:28.324501
+------------------------------+---------------+---------------+---------------+-------+
| Metric                       | Training      | Validation    | Test          | Epoch |
+------------------------------+---------------+---------------+---------------+-------+
| Train RMSE                   | 163.4051      | 528.5628      | 594.7827      | 16    |
| Val RMSE                     | 663.4468      | 556.8915      | 502.4927      | 1     |
| Test RMSE                    | 663.4468      | 556.8915      | 502.4927      | 1     |
| Best Train Custom Accuracy   | 72.7594       | 38.4692       | 26.7762       | 16    |
| Best Val Custom Accuracy     | -30.5929      | -24.1840      | 6.8904        | 1     |
| Best Test Custom Accuracy    | -30.5929      | -24.1840      | 6.8904        | 1     |
+------------------------------+---------------+---------------+---------------+-------+

Exp: 11

Experiment Settings: seq_len-16-lr-0.001-d-512-hid_d-1024-last_d-2048-time_d-64-e_layers-4-token_conv_kernel-9-dropout-0.1-comb_type-add-bs-256
Experiment time: 2024-08-06 23:01:17.283056
+------------------------------+---------------+---------------+---------------+-------+
| Metric                       | Training      | Validation    | Test          | Epoch |
+------------------------------+---------------+---------------+---------------+-------+
| Train RMSE                   | 45.3888       | 443.0513      | 523.6891      | 30    |
| Val RMSE                     | 413.1322      | 462.0110      | 431.9695      | 1     |
| Test RMSE                    | 115.8210      | 385.9362      | 416.2315      | 16    |
| Best Train Custom Accuracy   | 91.9987       | 47.9728       | 44.6091       | 30    |
| Best Val Custom Accuracy     | 55.3428       | 48.6696       | 45.4413       | 1     |
| Best Test Custom Accuracy    | 74.0181       | 42.7725       | 35.8851       | 16    |
+------------------------------+---------------+---------------+---------------+-------+

Exp: 12

Experiment Settings: seq_len-16-lr-0.01-d-1024-hid_d-2048-last_d-512-time_d-64-e_layers-4-token_conv_kernel-9-dropout-0.2-comb_type-add-bs-512
Experiment time: 2024-08-06 23:05:41.696715
+------------------------------+---------------+---------------+---------------+-------+
| Metric                       | Training      | Validation    | Test          | Epoch |
+------------------------------+---------------+---------------+---------------+-------+
| Train RMSE                   | 35.3533       | 503.5563      | 591.8823      | 50    |
| Val RMSE                     | 269.0878      | 541.4623      | 600.7597      | 1     |
| Test RMSE                    | 269.0878      | 541.4623      | 600.7597      | 1     |
| Best Train Custom Accuracy   | 93.4914       | 41.5493       | 27.2616       | 50    |
| Best Val Custom Accuracy     | 54.1952       | 34.7309       | 24.8013       | 1     |
| Best Test Custom Accuracy    | 54.1952       | 34.7309       | 24.8013       | 1     |
+------------------------------+---------------+---------------+---------------+-------+

Exp: 13

Experiment Settings: seq_len-16-lr-0.02-d-1024-hid_d-1024-last_d-2048-time_d-64-e_layers-4-token_conv_kernel-11-dropout-0.1-comb_type-add-bs-256
Experiment time: 2024-08-06 23:08:15.926262
+------------------------------+---------------+---------------+---------------+-------+
| Metric                       | Training      | Validation    | Test          | Epoch |
+------------------------------+---------------+---------------+---------------+-------+
| Train RMSE                   | 51.1689       | 514.9586      | 598.2887      | 46    |
| Val RMSE                     | 34746.2500    | 7551.2676     | 600.7597      | 1     |
| Test RMSE                    | 34746.2500    | 7551.2676     | 600.7597      | 1     |
| Best Train Custom Accuracy   | 90.7498       | 37.8045       | 25.5198       | 46    |
| Best Val Custom Accuracy     | -3132.6968    | -232.0838     | 24.8013       | 1     |
| Best Test Custom Accuracy    | -3132.6968    | -232.0838     | 24.8013       | 1     |
+------------------------------+---------------+---------------+---------------+-------+

Exp: 14

Experiment Settings: seq_len-16-lr-0.001-d-1024-hid_d-1024-last_d-2048-time_d-64-e_layers-4-token_conv_kernel-11-dropout-0.1-comb_type-add-bs-1024
Experiment time: 2024-08-06 23:15:51.765700
+------------------------------+---------------+---------------+---------------+-------+
| Metric                       | Training      | Validation    | Test          | Epoch |
+------------------------------+---------------+---------------+---------------+-------+
| Train RMSE                   | 243.9989      | 404.0917      | 423.0730      | 6     |
| Val RMSE                     | 315.0709      | 409.5571      | 418.5406      | 4     |
| Test RMSE                    | 315.0709      | 409.5571      | 418.5406      | 4     |
| Best Train Custom Accuracy   | 45.0683       | 30.0783       | 9.1643        | 6     |
| Best Val Custom Accuracy     | 30.1205       | 30.2730       | 28.7628       | 4     |
| Best Test Custom Accuracy    | 30.1205       | 30.2730       | 28.7628       | 4     |
+------------------------------+---------------+---------------+---------------+-------+

Exp: 15

Experiment Settings: seq_len-16-lr-0.02-d-1024-hid_d-2048-last_d-512-time_d-64-e_layers-4-token_conv_kernel-11-dropout-0.4-comb_type-add-bs-256
Experiment time: 2024-08-06 23:19:40.530617
+------------------------------+---------------+---------------+---------------+-------+
| Metric                       | Training      | Validation    | Test          | Epoch |
+------------------------------+---------------+---------------+---------------+-------+
| Train RMSE                   | 54.7118       | 488.2856      | 575.1246      | 38    |
| Val RMSE                     | 5538.6421     | 2523.7878     | 3019.9312     | 1     |
| Test RMSE                    | 5538.6421     | 2523.7878     | 3019.9312     | 1     |
| Best Train Custom Accuracy   | 89.9911       | 43.2620       | 31.9442       | 38    |
| Best Val Custom Accuracy     | -440.0223     | -467.3802     | -723.3088     | 1     |
| Best Test Custom Accuracy    | -440.0223     | -467.3802     | -723.3088     | 1     |
+------------------------------+---------------+---------------+---------------+-------+

Exp: 16

Experiment Settings: seq_len-16-lr-0.001-d-1024-hid_d-512-last_d-512-time_d-64-e_layers-4-token_conv_kernel-13-dropout-0.1-comb_type-add-bs-256
Experiment time: 2024-08-06 23:23:02.733108
+------------------------------+---------------+---------------+---------------+-------+
| Metric                       | Training      | Validation    | Test          | Epoch |
+------------------------------+---------------+---------------+---------------+-------+
| Train RMSE                   | 42.5265       | 507.2126      | 597.7487      | 25    |
| Val RMSE                     | 124.0114      | 402.0542      | 496.2755      | 10    |
| Test RMSE                    | 322.2888      | 406.3763      | 427.5775      | 1     |
| Best Train Custom Accuracy   | 90.7065       | 41.0903       | 25.5938       | 25    |
| Best Val Custom Accuracy     | 70.5149       | 49.4740       | 43.2039       | 10    |
| Best Test Custom Accuracy    | 27.3498       | 31.3757       | 23.5396       | 1     |
+------------------------------+---------------+---------------+---------------+-------+

Exp: 17

Experiment Settings: seq_len-16-lr-0.01-d-1024-hid_d-512-last_d-512-time_d-64-e_layers-4-token_conv_kernel-9-dropout-0.2-comb_type-add-bs-256
Experiment time: 2024-08-06 23:24:54.998035
+------------------------------+---------------+---------------+---------------+-------+
| Metric                       | Training      | Validation    | Test          | Epoch |
+------------------------------+---------------+---------------+---------------+-------+
| Train RMSE                   | 86.2290       | 481.2987      | 586.4871      | 16    |
| Val RMSE                     | 345.8298      | 415.4068      | 478.9108      | 1     |
| Test RMSE                    | 345.8298      | 415.4068      | 478.9108      | 1     |
| Best Train Custom Accuracy   | 84.6005       | 45.1198       | 29.1761       | 16    |
| Best Val Custom Accuracy     | 15.3840       | 34.2299       | 47.2631       | 1     |
| Best Test Custom Accuracy    | 15.3840       | 34.2299       | 47.2631       | 1     |
+------------------------------+---------------+---------------+---------------+-------+

Exp: 18

Experiment Settings: seq_len-16-lr-0.001-d-1024-hid_d-512-last_d-1024-time_d-64-e_layers-4-token_conv_kernel-13-dropout-0.4-comb_type-add-bs-512
Experiment time: 2024-08-06 23:28:30.221237
+------------------------------+---------------+---------------+---------------+-------+
| Metric                       | Training      | Validation    | Test          | Epoch |
+------------------------------+---------------+---------------+---------------+-------+
| Train RMSE                   | 61.0706       | 469.3138      | 556.7822      | 25    |
| Val RMSE                     | 366.4913      | 413.0597      | 424.9784      | 1     |
| Test RMSE                    | 366.4913      | 413.0597      | 424.9784      | 1     |
| Best Train Custom Accuracy   | 87.7561       | 46.2186       | 36.4170       | 25    |
| Best Val Custom Accuracy     | 23.3306       | 23.3633       | 16.7305       | 1     |
| Best Test Custom Accuracy    | 23.3306       | 23.3633       | 16.7305       | 1     |
+------------------------------+---------------+---------------+---------------+-------+

Exp: 19

Experiment Settings: seq_len-16-lr-0.01-d-512-hid_d-512-last_d-2048-time_d-64-e_layers-4-token_conv_kernel-13-dropout-0.4-comb_type-add-bs-256
Experiment time: 2024-08-06 23:33:37.001272
+------------------------------+---------------+---------------+---------------+-------+
| Metric                       | Training      | Validation    | Test          | Epoch |
+------------------------------+---------------+---------------+---------------+-------+
| Train RMSE                   | 60.7797       | 417.3909      | 441.1050      | 29    |
| Val RMSE                     | 63.7612       | 426.9134      | 450.4380      | 24    |
| Test RMSE                    | 63.7612       | 426.9134      | 450.4380      | 24    |
| Best Train Custom Accuracy   | 89.0926       | 46.7338       | 41.8008       | 29    |
| Best Val Custom Accuracy     | 88.0102       | 46.1712       | 40.8712       | 24    |
| Best Test Custom Accuracy    | 88.0102       | 46.1712       | 40.8712       | 24    |
+------------------------------+---------------+---------------+---------------+-------+

Exp: 20

Experiment Settings: seq_len-16-lr-0.01-d-1024-hid_d-1024-last_d-512-time_d-64-e_layers-4-token_conv_kernel-9-dropout-0.4-comb_type-add-bs-512
Experiment time: 2024-08-06 23:42:07.101913
+------------------------------+---------------+---------------+---------------+-------+
| Metric                       | Training      | Validation    | Test          | Epoch |
+------------------------------+---------------+---------------+---------------+-------+
| Train RMSE                   | 135.4645      | 538.7637      | 600.7597      | 15    |
| Val RMSE                     | 260.2135      | 520.7719      | 593.2052      | 1     |
| Test RMSE                    | 260.2135      | 520.7719      | 593.2052      | 1     |
| Best Train Custom Accuracy   | 77.3328       | 34.7988       | 24.8013       | 15    |
| Best Val Custom Accuracy     | 45.9811       | 38.1070       | 26.8747       | 1     |
| Best Test Custom Accuracy    | 45.9811       | 38.1070       | 26.8747       | 1     |
+------------------------------+---------------+---------------+---------------+-------+

Exp: 21

Experiment Settings: seq_len-16-lr-0.001-d-1024-hid_d-2048-last_d-512-time_d-64-e_layers-4-token_conv_kernel-13-dropout-0.2-comb_type-add-bs-512
Experiment time: 2024-08-06 23:45:20.030987
+------------------------------+---------------+---------------+---------------+-------+
| Metric                       | Training      | Validation    | Test          | Epoch |
+------------------------------+---------------+---------------+---------------+-------+
| Train RMSE                   | 52.3017       | 518.5101      | 598.9970      | 20    |
| Val RMSE                     | 181.8997      | 415.5173      | 529.7047      | 6     |
| Test RMSE                    | 331.2364      | 420.6793      | 427.0366      | 1     |
| Best Train Custom Accuracy   | 90.0363       | 38.8521       | 25.1818       | 20    |
| Best Val Custom Accuracy     | 62.4232       | 18.3123       | -30.9323      | 6     |
| Best Test Custom Accuracy    | 32.9186       | 35.0613       | 31.7811       | 1     |
+------------------------------+---------------+---------------+---------------+-------+

Exp: 22

Experiment Settings: seq_len-16-lr-0.001-d-1024-hid_d-512-last_d-512-time_d-64-e_layers-4-token_conv_kernel-11-dropout-0.1-comb_type-add-bs-256
Experiment time: 2024-08-06 23:47:41.777493
+------------------------------+---------------+---------------+---------------+-------+
| Metric                       | Training      | Validation    | Test          | Epoch |
+------------------------------+---------------+---------------+---------------+-------+
| Train RMSE                   | 39.0033       | 484.7043      | 581.3630      | 23    |
| Val RMSE                     | 340.8095      | 430.9519      | 447.3299      | 1     |
| Test RMSE                    | 340.8095      | 430.9519      | 447.3299      | 1     |
| Best Train Custom Accuracy   | 92.9304       | 43.7777       | 30.8623       | 23    |
| Best Val Custom Accuracy     | 39.0340       | 40.6596       | 49.1181       | 1     |
| Best Test Custom Accuracy    | 39.0340       | 40.6596       | 49.1181       | 1     |
+------------------------------+---------------+---------------+---------------+-------+

Exp: 23

Experiment Settings: seq_len-16-lr-0.02-d-512-hid_d-1024-last_d-1024-time_d-64-e_layers-4-token_conv_kernel-11-dropout-0.1-comb_type-add-bs-1024
Experiment time: 2024-08-06 23:56:07.538984
+------------------------------+---------------+---------------+---------------+-------+
| Metric                       | Training      | Validation    | Test          | Epoch |
+------------------------------+---------------+---------------+---------------+-------+
| Train RMSE                   | 93.8949       | 426.8921      | 452.5095      | 29    |
| Val RMSE                     | 19448.7734    | 3735.5872     | 600.7597      | 1     |
| Test RMSE                    | 19448.7734    | 3735.5872     | 600.7597      | 1     |
| Best Train Custom Accuracy   | 82.2397       | 40.2567       | 13.6278       | 29    |
| Best Val Custom Accuracy     | -1890.9355    | -119.7832     | 24.8013       | 1     |
| Best Test Custom Accuracy    | -1890.9355    | -119.7832     | 24.8013       | 1     |
+------------------------------+---------------+---------------+---------------+-------+

Exp: 24

Experiment Settings: seq_len-16-lr-0.001-d-1024-hid_d-2048-last_d-512-time_d-64-e_layers-4-token_conv_kernel-9-dropout-0.2-comb_type-add-bs-512
Experiment time: 2024-08-07 00:01:24.185307
+------------------------------+---------------+---------------+---------------+-------+
| Metric                       | Training      | Validation    | Test          | Epoch |
+------------------------------+---------------+---------------+---------------+-------+
| Train RMSE                   | 91.0999       | 513.4382      | 600.5798      | 5     |
| Val RMSE                     | 296.1854      | 413.9454      | 457.7198      | 2     |
| Test RMSE                    | 367.4885      | 417.8435      | 419.0570      | 1     |
| Best Train Custom Accuracy   | 82.2993       | 39.3033       | 24.8544       | 5     |
| Best Val Custom Accuracy     | 27.2992       | 39.7797       | 49.8292       | 2     |
| Best Test Custom Accuracy    | 10.5628       | 18.9171       | 22.6933       | 1     |
+------------------------------+---------------+---------------+---------------+-------+

Exp: 25

Experiment Settings: seq_len-16-lr-0.02-d-512-hid_d-512-last_d-2048-time_d-64-e_layers-4-token_conv_kernel-9-dropout-0.1-comb_type-add-bs-1024
Experiment time: 2024-08-07 00:06:53.727922
+------------------------------+---------------+---------------+---------------+-------+
| Metric                       | Training      | Validation    | Test          | Epoch |
+------------------------------+---------------+---------------+---------------+-------+
| Train RMSE                   | 79.2489       | 446.2002      | 433.5489      | 30    |
| Val RMSE                     | 26289.2168    | 7868.3979     | 8499.0488     | 1     |
| Test RMSE                    | 26289.2168    | 7868.3979     | 8499.0488     | 1     |
| Best Train Custom Accuracy   | 84.9137       | 41.7001       | 47.3618       | 30    |
| Best Val Custom Accuracy     | -2623.3286    | -1212.5084    | -2101.5073    | 1     |
| Best Test Custom Accuracy    | -2623.3286    | -1212.5084    | -2101.5073    | 1     |
+------------------------------+---------------+---------------+---------------+-------+

Exp: 26

Experiment Settings: seq_len-16-lr-0.001-d-512-hid_d-2048-last_d-1024-time_d-64-e_layers-4-token_conv_kernel-9-dropout-0.2-comb_type-add-bs-256
Experiment time: 2024-08-07 00:08:47.137003
+------------------------------+---------------+---------------+---------------+-------+
| Metric                       | Training      | Validation    | Test          | Epoch |
+------------------------------+---------------+---------------+---------------+-------+
| Train RMSE                   | 88.1437       | 443.4372      | 516.4191      | 17    |
| Val RMSE                     | 211.3885      | 398.7904      | 449.7251      | 2     |
| Test RMSE                    | 309.1029      | 400.2943      | 438.9638      | 1     |
| Best Train Custom Accuracy   | 86.0773       | 48.9834       | 44.6364       | 17    |
| Best Val Custom Accuracy     | 50.6340       | 36.0664       | 29.2780       | 2     |
| Best Test Custom Accuracy    | 21.7840       | 31.8400       | 35.2545       | 1     |
+------------------------------+---------------+---------------+---------------+-------+

Exp: 27

Experiment Settings: seq_len-16-lr-0.001-d-1024-hid_d-1024-last_d-2048-time_d-64-e_layers-4-token_conv_kernel-9-dropout-0.4-comb_type-add-bs-1024
Experiment time: 2024-08-07 00:11:33.469287
+------------------------------+---------------+---------------+---------------+-------+
| Metric                       | Training      | Validation    | Test          | Epoch |
+------------------------------+---------------+---------------+---------------+-------+
| Train RMSE                   | 155.6203      | 537.0137      | 600.7285      | 17    |
| Val RMSE                     | 374.0685      | 411.5521      | 428.1842      | 3     |
| Test RMSE                    | 374.0685      | 411.5521      | 428.1842      | 3     |
| Best Train Custom Accuracy   | 67.1329       | 35.4749       | 24.8133       | 17    |
| Best Val Custom Accuracy     | -1.2483       | 23.5565       | 36.9733       | 3     |
| Best Test Custom Accuracy    | -1.2483       | 23.5565       | 36.9733       | 3     |
+------------------------------+---------------+---------------+---------------+-------+

Exp: 28

Experiment Settings: seq_len-16-lr-0.005-d-512-hid_d-512-last_d-512-time_d-64-e_layers-4-token_conv_kernel-13-dropout-0.2-comb_type-add-bs-1024
Experiment time: 2024-08-07 00:13:44.011461
+------------------------------+---------------+---------------+---------------+-------+
| Metric                       | Training      | Validation    | Test          | Epoch |
+------------------------------+---------------+---------------+---------------+-------+
| Train RMSE                   | 233.4261      | 534.4529      | 598.1808      | 15    |
| Val RMSE                     | 384.3091      | 435.1973      | 439.1750      | 1     |
| Test RMSE                    | 384.3091      | 435.1973      | 439.1750      | 1     |
| Best Train Custom Accuracy   | 64.6418       | 34.5214       | 25.3865       | 15    |
| Best Val Custom Accuracy     | 5.5989        | 5.5974        | 2.7042        | 1     |
| Best Test Custom Accuracy    | 5.5989        | 5.5974        | 2.7042        | 1     |
+------------------------------+---------------+---------------+---------------+-------+

Exp: 29

Experiment Settings: seq_len-16-lr-0.001-d-256-hid_d-512-last_d-512-time_d-64-e_layers-4-token_conv_kernel-13-dropout-0.4-comb_type-add-bs-256
Experiment time: 2024-08-07 00:15:52.065621
+------------------------------+---------------+---------------+---------------+-------+
| Metric                       | Training      | Validation    | Test          | Epoch |
+------------------------------+---------------+---------------+---------------+-------+
| Train RMSE                   | 42.9732       | 434.5816      | 555.2871      | 32    |
| Val RMSE                     | 88.6094       | 437.3045      | 537.5432      | 18    |
| Test RMSE                    | 205.4583      | 396.6585      | 458.4870      | 10    |
| Best Train Custom Accuracy   | 92.0365       | 49.3682       | 37.1516       | 32    |
| Best Val Custom Accuracy     | 84.5730       | 48.6092       | 40.9909       | 18    |
| Best Test Custom Accuracy    | 58.6271       | 37.0368       | 11.4669       | 10    |
+------------------------------+---------------+---------------+---------------+-------+

Exp: 30

Experiment Settings: seq_len-16-lr-0.005-d-512-hid_d-512-last_d-1024-time_d-64-e_layers-4-token_conv_kernel-11-dropout-0.1-comb_type-add-bs-256
Experiment time: 2024-08-07 00:19:22.190008
+------------------------------+---------------+---------------+---------------+-------+
| Metric                       | Training      | Validation    | Test          | Epoch |
+------------------------------+---------------+---------------+---------------+-------+
| Train RMSE                   | 60.3458       | 489.1564      | 594.9109      | 23    |
| Val RMSE                     | 369.1326      | 562.3462      | 600.6772      | 1     |
| Test RMSE                    | 369.1326      | 562.3462      | 600.6772      | 1     |
| Best Train Custom Accuracy   | 89.3180       | 43.2881       | 27.0853       | 23    |
| Best Val Custom Accuracy     | 58.5798       | 36.6458       | 24.8132       | 1     |
| Best Test Custom Accuracy    | 58.5798       | 36.6458       | 24.8132       | 1     |
+------------------------------+---------------+---------------+---------------+-------+

Exp: 31

Experiment Settings: seq_len-16-lr-0.001-d-512-hid_d-1024-last_d-512-time_d-64-e_layers-4-token_conv_kernel-11-dropout-0.4-comb_type-add-bs-512
Experiment time: 2024-08-07 00:19:37.678878
+------------------------------+---------------+---------------+---------------+-------+
| Metric                       | Training      | Validation    | Test          | Epoch |
+------------------------------+---------------+---------------+---------------+-------+
| Train RMSE                   | 68.7776       | 492.3179      | 595.5200      | 14    |
| Val RMSE                     | 335.1458      | 412.6990      | 462.4115      | 1     |
| Test RMSE                    | 335.1458      | 412.6990      | 462.4115      | 1     |
| Best Train Custom Accuracy   | 87.3240       | 42.9067       | 26.8805       | 14    |
| Best Val Custom Accuracy     | 17.8056       | 38.9313       | 50.0472       | 1     |
| Best Test Custom Accuracy    | 17.8056       | 38.9313       | 50.0472       | 1     |
+------------------------------+---------------+---------------+---------------+-------+

Exp: 32

Experiment Settings: seq_len-16-lr-0.001-d-512-hid_d-512-last_d-1024-time_d-64-e_layers-4-token_conv_kernel-9-dropout-0.1-comb_type-add-bs-1024
Experiment time: 2024-08-07 00:22:59.971013
+------------------------------+---------------+---------------+---------------+-------+
| Metric                       | Training      | Validation    | Test          | Epoch |
+------------------------------+---------------+---------------+---------------+-------+
| Train RMSE                   | 89.1341       | 493.9969      | 581.6002      | 24    |
| Val RMSE                     | 223.9195      | 399.8382      | 455.2949      | 6     |
| Test RMSE                    | 292.4771      | 401.2768      | 421.8132      | 5     |
| Best Train Custom Accuracy   | 81.2068       | 42.3729       | 30.8407       | 24    |
| Best Val Custom Accuracy     | 47.6942       | 46.1087       | 46.0721       | 6     |
| Best Test Custom Accuracy    | 33.1885       | 34.1819       | 35.4635       | 5     |
+------------------------------+---------------+---------------+---------------+-------+

Exp: 33

Experiment Settings: seq_len-16-lr-0.01-d-512-hid_d-512-last_d-1024-time_d-64-e_layers-4-token_conv_kernel-11-dropout-0.1-comb_type-add-bs-1024
Experiment time: 2024-08-07 00:32:08.437034
+------------------------------+---------------+---------------+---------------+-------+
| Metric                       | Training      | Validation    | Test          | Epoch |
+------------------------------+---------------+---------------+---------------+-------+
| Train RMSE                   | 626.5656      | 672.8798      | 600.7597      | 9     |
| Val RMSE                     | 426.8452      | 551.0286      | 597.1144      | 1     |
| Test RMSE                    | 426.8452      | 551.0286      | 597.1144      | 1     |
| Best Train Custom Accuracy   | 20.4978       | 19.8926       | 24.8013       | 9     |
| Best Val Custom Accuracy     | 45.0388       | 39.2257       | 25.3061       | 1     |
| Best Test Custom Accuracy    | 45.0388       | 39.2257       | 25.3061       | 1     |
+------------------------------+---------------+---------------+---------------+-------+

Exp: 34

Experiment Settings: seq_len-16-lr-0.01-d-1024-hid_d-2048-last_d-512-time_d-64-e_layers-4-token_conv_kernel-11-dropout-0.2-comb_type-add-bs-1024
Experiment time: 2024-08-07 00:32:45.375719
+------------------------------+---------------+---------------+---------------+-------+
| Metric                       | Training      | Validation    | Test          | Epoch |
+------------------------------+---------------+---------------+---------------+-------+
| Train RMSE                   | 89.2998       | 427.0272      | 409.5918      | 30    |
| Val RMSE                     | 628.7145      | 625.2465      | 600.7597      | 1     |
| Test RMSE                    | 628.7145      | 625.2465      | 600.7597      | 1     |
| Best Train Custom Accuracy   | 82.9627       | 39.1245       | 23.0354       | 30    |
| Best Val Custom Accuracy     | 15.8335       | 25.8877       | 24.8013       | 1     |
| Best Test Custom Accuracy    | 15.8335       | 25.8877       | 24.8013       | 1     |
+------------------------------+---------------+---------------+---------------+-------+

Exp: 35

Experiment Settings: seq_len-16-lr-0.005-d-512-hid_d-2048-last_d-2048-time_d-64-e_layers-4-token_conv_kernel-13-dropout-0.2-comb_type-add-bs-1024
Experiment time: 2024-08-07 00:34:14.208732
+------------------------------+---------------+---------------+---------------+-------+
| Metric                       | Training      | Validation    | Test          | Epoch |
+------------------------------+---------------+---------------+---------------+-------+
| Train RMSE                   | 736.3293      | 675.3752      | 600.7597      | 8     |
| Val RMSE                     | 529.9451      | 819.3263      | 944.0133      | 1     |
| Test RMSE                    | 588.0787      | 590.0040      | 598.3775      | 11    |
| Best Train Custom Accuracy   | 12.8065       | 22.5773       | 24.8013       | 8     |
| Best Val Custom Accuracy     | -31.7778      | -102.8971     | -168.7514     | 1     |
| Best Test Custom Accuracy    | 39.2102       | 31.6676       | 25.0885       | 11    |
+------------------------------+---------------+---------------+---------------+-------+

Exp: 36

Experiment Settings: seq_len-16-lr-0.001-d-1024-hid_d-512-last_d-2048-time_d-64-e_layers-4-token_conv_kernel-13-dropout-0.4-comb_type-add-bs-512
Experiment time: 2024-08-07 00:37:37.017421
+------------------------------+---------------+---------------+---------------+-------+
| Metric                       | Training      | Validation    | Test          | Epoch |
+------------------------------+---------------+---------------+---------------+-------+
| Train RMSE                   | 103.2667      | 510.8841      | 599.1368      | 15    |
| Val RMSE                     | 389.8256      | 423.8075      | 422.3025      | 1     |
| Test RMSE                    | 389.8256      | 423.8075      | 422.3025      | 1     |
| Best Train Custom Accuracy   | 81.0172       | 39.8900       | 25.0839       | 15    |
| Best Val Custom Accuracy     | 3.3522        | 13.6510       | 22.8844       | 1     |
| Best Test Custom Accuracy    | 3.3522        | 13.6510       | 22.8844       | 1     |
+------------------------------+---------------+---------------+---------------+-------+

Exp: 37

Experiment Settings: seq_len-16-lr-0.001-d-512-hid_d-1024-last_d-512-time_d-64-e_layers-4-token_conv_kernel-11-dropout-0.1-comb_type-add-bs-512
Experiment time: 2024-08-07 00:47:49.733989
+------------------------------+---------------+---------------+---------------+-------+
| Metric                       | Training      | Validation    | Test          | Epoch |
+------------------------------+---------------+---------------+---------------+-------+
| Train RMSE                   | 47.9930       | 503.4161      | 595.6558      | 20    |
| Val RMSE                     | 304.3674      | 405.3046      | 436.8147      | 2     |
| Test RMSE                    | 375.7462      | 411.5780      | 421.1802      | 1     |
| Best Train Custom Accuracy   | 90.6235       | 41.6868       | 26.7574       | 20    |
| Best Val Custom Accuracy     | 24.2540       | 35.5910       | 43.6554       | 2     |
| Best Test Custom Accuracy    | 9.0267        | 22.6227       | 30.2132       | 1     |
+------------------------------+---------------+---------------+---------------+-------+

Exp: 38

Experiment Settings: seq_len-16-lr-0.001-d-512-hid_d-1024-last_d-1024-time_d-64-e_layers-4-token_conv_kernel-9-dropout-0.2-comb_type-add-bs-1024
Experiment time: 2024-08-07 00:50:58.335839
+------------------------------+---------------+---------------+---------------+-------+
| Metric                       | Training      | Validation    | Test          | Epoch |
+------------------------------+---------------+---------------+---------------+-------+
| Train RMSE                   | 46.3693       | 416.3316      | 474.8809      | 35    |
| Val RMSE                     | 431.3690      | 460.4761      | 435.7730      | 1     |
| Test RMSE                    | 431.3690      | 460.4761      | 435.7730      | 1     |
| Best Train Custom Accuracy   | 91.1401       | 49.8964       | 45.8899       | 35    |
| Best Val Custom Accuracy     | 49.2779       | 46.7209       | 48.1856       | 1     |
| Best Test Custom Accuracy    | 49.2779       | 46.7209       | 48.1856       | 1     |
+------------------------------+---------------+---------------+---------------+-------+

Exp: 39

Experiment Settings: seq_len-16-lr-0.02-d-512-hid_d-512-last_d-1024-time_d-64-e_layers-4-token_conv_kernel-13-dropout-0.2-comb_type-add-bs-256
Experiment time: 2024-08-07 00:54:50.995864
+------------------------------+---------------+---------------+---------------+-------+
| Metric                       | Training      | Validation    | Test          | Epoch |
+------------------------------+---------------+---------------+---------------+-------+
| Train RMSE                   | 45.6481       | 387.1271      | 427.8158      | 55    |
| Val RMSE                     | 49234.6641    | 45562.3555    | 60875.2305    | 1     |
| Test RMSE                    | 70.9279       | 386.5063      | 415.7108      | 32    |
| Best Train Custom Accuracy   | 91.8726       | 37.4747       | 30.3455       | 55    |
| Best Val Custom Accuracy     | -5363.2983    | -10000.0596   | -15556.1016   | 1     |
| Best Test Custom Accuracy    | 86.0149       | 41.7587       | 30.5685       | 32    |
+------------------------------+---------------+---------------+---------------+-------+

Exp: 40

Experiment Settings: seq_len-16-lr-0.01-d-512-hid_d-1024-last_d-2048-time_d-64-e_layers-4-token_conv_kernel-13-dropout-0.4-comb_type-add-bs-256
Experiment time: 2024-08-07 00:59:04.950067
+------------------------------+---------------+---------------+---------------+-------+
| Metric                       | Training      | Validation    | Test          | Epoch |
+------------------------------+---------------+---------------+---------------+-------+
| Train RMSE                   | 66.9197       | 446.1593      | 507.6346      | 23    |
| Val RMSE                     | 54789.7852    | 16209.6816    | 14903.7588    | 1     |
| Test RMSE                    | 54789.7852    | 16209.6816    | 14903.7588    | 1     |
| Best Train Custom Accuracy   | 87.6636       | 43.7458       | 35.9863       | 23    |
| Best Val Custom Accuracy     | -5286.3267    | -2396.7478    | -3702.6929    | 1     |
| Best Test Custom Accuracy    | -5286.3267    | -2396.7478    | -3702.6929    | 1     |
+------------------------------+---------------+---------------+---------------+-------+

Exp: 41

Experiment Settings: seq_len-16-lr-0.02-d-512-hid_d-2048-last_d-2048-time_d-64-e_layers-4-token_conv_kernel-11-dropout-0.2-comb_type-add-bs-512
Experiment time: 2024-08-07 01:03:00.545991
+------------------------------+---------------+---------------+---------------+-------+
| Metric                       | Training      | Validation    | Test          | Epoch |
+------------------------------+---------------+---------------+---------------+-------+
| Train RMSE                   | 86.7977       | 508.4093      | 600.0772      | 26    |
| Val RMSE                     | 135.6258      | 458.4150      | 539.7135      | 12    |
| Test RMSE                    | 135.6258      | 458.4150      | 539.7135      | 12    |
| Best Train Custom Accuracy   | 82.2198       | 41.1868       | 24.9442       | 26    |
| Best Val Custom Accuracy     | 70.4890       | 49.0495       | 41.6988       | 12    |
| Best Test Custom Accuracy    | 70.4890       | 49.0495       | 41.6988       | 12    |
+------------------------------+---------------+---------------+---------------+-------+

Exp: 42

Experiment Settings: seq_len-16-lr-0.001-d-512-hid_d-512-last_d-512-time_d-64-e_layers-4-token_conv_kernel-9-dropout-0.4-comb_type-add-bs-1024
Experiment time: 2024-08-07 01:07:16.271773
+------------------------------+---------------+---------------+---------------+-------+
| Metric                       | Training      | Validation    | Test          | Epoch |
+------------------------------+---------------+---------------+---------------+-------+
| Train RMSE                   | 110.4166      | 454.0602      | 532.8622      | 10    |
| Val RMSE                     | 365.7304      | 420.0326      | 410.6971      | 1     |
| Test RMSE                    | 365.7304      | 420.0326      | 410.6971      | 1     |
| Best Train Custom Accuracy   | 79.1170       | 48.6165       | 40.7401       | 10    |
| Best Val Custom Accuracy     | 29.6104       | 31.0105       | 29.2171       | 1     |
| Best Test Custom Accuracy    | 29.6104       | 31.0105       | 29.2171       | 1     |
+------------------------------+---------------+---------------+---------------+-------+

Exp: 43

Experiment Settings: seq_len-16-lr-0.001-d-512-hid_d-1024-last_d-1024-time_d-64-e_layers-4-token_conv_kernel-9-dropout-0.1-comb_type-add-bs-1024
Experiment time: 2024-08-07 01:12:05.558236
+------------------------------+---------------+---------------+---------------+-------+
| Metric                       | Training      | Validation    | Test          | Epoch |
+------------------------------+---------------+---------------+---------------+-------+
| Train RMSE                   | 129.3132      | 398.9879      | 433.4082      | 9     |
| Val RMSE                     | 441.2639      | 457.4881      | 427.3382      | 1     |
| Test RMSE                    | 441.2639      | 457.4881      | 427.3382      | 1     |
| Best Train Custom Accuracy   | 81.9204       | 48.0342       | 30.9631       | 9     |
| Best Val Custom Accuracy     | 47.5385       | 44.3980       | 44.6943       | 1     |
| Best Test Custom Accuracy    | 47.5385       | 44.3980       | 44.6943       | 1     |
+------------------------------+---------------+---------------+---------------+-------+

Exp: 44

Experiment Settings: seq_len-16-lr-0.001-d-256-hid_d-512-last_d-512-time_d-64-e_layers-4-token_conv_kernel-13-dropout-0.4-comb_type-add-bs-1024
Experiment time: 2024-08-07 01:17:09.576491
+------------------------------+---------------+---------------+---------------+-------+
| Metric                       | Training      | Validation    | Test          | Epoch |
+------------------------------+---------------+---------------+---------------+-------+
| Train RMSE                   | 75.0515       | 394.9265      | 454.0588      | 42    |
| Val RMSE                     | 128.4055      | 369.2706      | 411.4987      | 27    |
| Test RMSE                    | 128.4055      | 369.2706      | 411.4987      | 27    |
| Best Train Custom Accuracy   | 85.9705       | 52.1932       | 50.0085       | 42    |
| Best Val Custom Accuracy     | 77.9762       | 45.0291       | 28.7024       | 27    |
| Best Test Custom Accuracy    | 77.9762       | 45.0291       | 28.7024       | 27    |
+------------------------------+---------------+---------------+---------------+-------+

Exp: 45

Experiment Settings: seq_len-16-lr-0.01-d-512-hid_d-512-last_d-512-time_d-64-e_layers-4-token_conv_kernel-11-dropout-0.4-comb_type-add-bs-256
Experiment time: 2024-08-07 01:30:01.622193
+------------------------------+---------------+---------------+---------------+-------+
| Metric                       | Training      | Validation    | Test          | Epoch |
+------------------------------+---------------+---------------+---------------+-------+
| Train RMSE                   | 76.4687       | 476.4581      | 578.6819      | 16    |
| Val RMSE                     | 273.7700      | 466.3764      | 550.6320      | 1     |
| Test RMSE                    | 273.7700      | 466.3764      | 550.6320      | 1     |
| Best Train Custom Accuracy   | 83.7879       | 43.7292       | 31.2159       | 16    |
| Best Val Custom Accuracy     | 32.2763       | 41.1011       | 37.3993       | 1     |
| Best Test Custom Accuracy    | 32.2763       | 41.1011       | 37.3993       | 1     |
+------------------------------+---------------+---------------+---------------+-------+

Exp: 46

Experiment Settings: seq_len-16-lr-0.005-d-256-hid_d-512-last_d-1024-time_d-64-e_layers-4-token_conv_kernel-13-dropout-0.1-comb_type-add-bs-256
Experiment time: 2024-08-07 01:33:55.419592
+------------------------------+---------------+---------------+---------------+-------+
| Metric                       | Training      | Validation    | Test          | Epoch |
+------------------------------+---------------+---------------+---------------+-------+
| Train RMSE                   | 66.2417       | 468.3508      | 582.4666      | 22    |
| Val RMSE                     | 105.8919      | 361.0296      | 426.8970      | 11    |
| Test RMSE                    | 297.3251      | 404.4047      | 419.6276      | 1     |
| Best Train Custom Accuracy   | 87.3132       | 44.9045       | 29.6059       | 22    |
| Best Val Custom Accuracy     | 74.8343       | 35.2993       | 24.7366       | 11    |
| Best Test Custom Accuracy    | 27.2391       | 35.4482       | 23.6361       | 1     |
+------------------------------+---------------+---------------+---------------+-------+

Exp: 47

Experiment Settings: seq_len-16-lr-0.001-d-256-hid_d-1024-last_d-512-time_d-64-e_layers-4-token_conv_kernel-9-dropout-0.4-comb_type-add-bs-256
Experiment time: 2024-08-07 01:44:57.343642
+------------------------------+---------------+---------------+---------------+-------+
| Metric                       | Training      | Validation    | Test          | Epoch |
+------------------------------+---------------+---------------+---------------+-------+
| Train RMSE                   | 47.1247       | 427.8288      | 508.1749      | 27    |
| Val RMSE                     | 88.9966       | 396.1428      | 457.9950      | 14    |
| Test RMSE                    | 284.1272      | 418.2379      | 441.1017      | 1     |
| Best Train Custom Accuracy   | 91.0821       | 49.6361       | 47.0041       | 27    |
| Best Val Custom Accuracy     | 83.2012       | 48.4257       | 46.8378       | 14    |
| Best Test Custom Accuracy    | 38.1711       | 46.1317       | 45.7809       | 1     |
+------------------------------+---------------+---------------+---------------+-------+

Exp: 48

Experiment Settings: seq_len-16-lr-0.001-d-256-hid_d-512-last_d-512-time_d-64-e_layers-4-token_conv_kernel-11-dropout-0.1-comb_type-add-bs-256
Experiment time: 2024-08-07 01:51:24.414270
+------------------------------+---------------+---------------+---------------+-------+
| Metric                       | Training      | Validation    | Test          | Epoch |
+------------------------------+---------------+---------------+---------------+-------+
| Train RMSE                   | 56.0906       | 507.6024      | 591.9060      | 16    |
| Val RMSE                     | 346.1031      | 418.4929      | 422.4966      | 1     |
| Test RMSE                    | 346.1031      | 418.4929      | 422.4966      | 1     |
| Best Train Custom Accuracy   | 88.2340       | 39.7122       | 28.6903       | 16    |
| Best Val Custom Accuracy     | 24.8782       | 32.1505       | 37.4580       | 1     |
| Best Test Custom Accuracy    | 24.8782       | 32.1505       | 37.4580       | 1     |
+------------------------------+---------------+---------------+---------------+-------+

Exp: 49

Experiment Settings: seq_len-16-lr-0.001-d-256-hid_d-1024-last_d-1024-time_d-64-e_layers-4-token_conv_kernel-9-dropout-0.1-comb_type-add-bs-256
Experiment time: 2024-08-07 01:55:19.326685
+------------------------------+---------------+---------------+---------------+-------+
| Metric                       | Training      | Validation    | Test          | Epoch |
+------------------------------+---------------+---------------+---------------+-------+
| Train RMSE                   | 26.0259       | 447.5327      | 545.5322      | 24    |
| Val RMSE                     | 103.4028      | 379.1848      | 450.3495      | 10    |
| Test RMSE                    | 319.6469      | 420.4033      | 434.7548      | 1     |
| Best Train Custom Accuracy   | 95.0844       | 48.3757       | 41.1872       | 24    |
| Best Val Custom Accuracy     | 82.1901       | 49.7441       | 42.2746       | 10    |
| Best Test Custom Accuracy    | 44.4579       | 44.9908       | 45.8515       | 1     |
+------------------------------+---------------+---------------+---------------+-------+

Exp: 50

Experiment Settings: seq_len-16-lr-0.005-d-512-hid_d-512-last_d-2048-time_d-64-e_layers-4-token_conv_kernel-11-dropout-0.2-comb_type-add-bs-256
Experiment time: 2024-08-07 02:11:34.703971
+------------------------------+---------------+---------------+---------------+-------+
| Metric                       | Training      | Validation    | Test          | Epoch |
+------------------------------+---------------+---------------+---------------+-------+
| Train RMSE                   | 83.8608       | 534.4781      | 600.7597      | 22    |
| Val RMSE                     | 343.4106      | 618.1754      | 600.7597      | 1     |
| Test RMSE                    | 202.3583      | 405.2715      | 465.3434      | 7     |
| Best Train Custom Accuracy   | 83.1818       | 36.3268       | 24.8013       | 22    |
| Best Val Custom Accuracy     | 44.5325       | 27.3681       | 24.8013       | 1     |
| Best Test Custom Accuracy    | 51.4490       | 39.4738       | 46.8859       | 7     |
+------------------------------+---------------+---------------+---------------+-------+

Exp: 51

Experiment Settings: seq_len-16-lr-0.005-d-512-hid_d-512-last_d-1024-time_d-64-e_layers-4-token_conv_kernel-9-dropout-0.2-comb_type-add-bs-256
Experiment time: 2024-08-07 02:14:28.282764
+------------------------------+---------------+---------------+---------------+-------+
| Metric                       | Training      | Validation    | Test          | Epoch |
+------------------------------+---------------+---------------+---------------+-------+
| Train RMSE                   | 44.7183       | 423.5817      | 506.0252      | 24    |
| Val RMSE                     | 124.4855      | 381.6130      | 426.0265      | 11    |
| Test RMSE                    | 124.4855      | 381.6130      | 426.0265      | 11    |
| Best Train Custom Accuracy   | 90.6863       | 50.3657       | 45.5996       | 24    |
| Best Val Custom Accuracy     | 75.9354       | 38.7878       | 32.8429       | 11    |
| Best Test Custom Accuracy    | 75.9354       | 38.7878       | 32.8429       | 11    |
+------------------------------+---------------+---------------+---------------+-------+

Exp: 52

Experiment Settings: seq_len-16-lr-0.001-d-256-hid_d-512-last_d-1024-time_d-64-e_layers-4-token_conv_kernel-13-dropout-0.2-comb_type-add-bs-512
Experiment time: 2024-08-07 02:16:21.076151
+------------------------------+---------------+---------------+---------------+-------+
| Metric                       | Training      | Validation    | Test          | Epoch |
+------------------------------+---------------+---------------+---------------+-------+
| Train RMSE                   | 82.4104       | 465.8968      | 580.9896      | 16    |
| Val RMSE                     | 335.0403      | 401.7448      | 416.5214      | 2     |
| Test RMSE                    | 335.0403      | 401.7448      | 416.5214      | 2     |
| Best Train Custom Accuracy   | 83.3001       | 46.8952       | 31.2797       | 16    |
| Best Val Custom Accuracy     | 11.9837       | 20.3156       | 12.8258       | 2     |
| Best Test Custom Accuracy    | 11.9837       | 20.3156       | 12.8258       | 2     |
+------------------------------+---------------+---------------+---------------+-------+

Exp: 53

Experiment Settings: seq_len-16-lr-0.001-d-1024-hid_d-2048-last_d-512-time_d-64-e_layers-4-token_conv_kernel-11-dropout-0.4-comb_type-add-bs-512
Experiment time: 2024-08-07 02:19:42.929929
+------------------------------+---------------+---------------+---------------+-------+
| Metric                       | Training      | Validation    | Test          | Epoch |
+------------------------------+---------------+---------------+---------------+-------+
| Train RMSE                   | 72.5033       | 451.2638      | 531.1671      | 25    |
| Val RMSE                     | 365.2304      | 474.9741      | 485.6544      | 1     |
| Test RMSE                    | 365.2304      | 474.9741      | 485.6544      | 1     |
| Best Train Custom Accuracy   | 85.4862       | 46.5405       | 41.5425       | 25    |
| Best Val Custom Accuracy     | 54.5131       | 47.7273       | 49.0161       | 1     |
| Best Test Custom Accuracy    | 54.5131       | 47.7273       | 49.0161       | 1     |
+------------------------------+---------------+---------------+---------------+-------+

Exp: 54

Experiment Settings: seq_len-16-lr-0.001-d-1024-hid_d-512-last_d-2048-time_d-64-e_layers-4-token_conv_kernel-9-dropout-0.4-comb_type-add-bs-512
Experiment time: 2024-08-07 02:21:26.360287
+------------------------------+---------------+---------------+---------------+-------+
| Metric                       | Training      | Validation    | Test          | Epoch |
+------------------------------+---------------+---------------+---------------+-------+
| Train RMSE                   | 73.4134       | 516.5707      | 600.0538      | 21    |
| Val RMSE                     | 359.3429      | 438.6208      | 458.2828      | 1     |
| Test RMSE                    | 359.3429      | 438.6208      | 458.2828      | 1     |
| Best Train Custom Accuracy   | 85.6547       | 40.5083       | 25.0192       | 21    |
| Best Val Custom Accuracy     | 34.8614       | 40.1208       | 48.2230       | 1     |
| Best Test Custom Accuracy    | 34.8614       | 40.1208       | 48.2230       | 1     |
+------------------------------+---------------+---------------+---------------+-------+

Exp: 55

Experiment Settings: seq_len-16-lr-0.001-d-256-hid_d-1024-last_d-1024-time_d-64-e_layers-4-token_conv_kernel-13-dropout-0.4-comb_type-add-bs-512
Experiment time: 2024-08-07 02:24:44.428893
+------------------------------+---------------+---------------+---------------+-------+
| Metric                       | Training      | Validation    | Test          | Epoch |
+------------------------------+---------------+---------------+---------------+-------+
| Train RMSE                   | 58.9931       | 395.5417      | 490.5859      | 31    |
| Val RMSE                     | 156.5891      | 351.2122      | 430.9689      | 20    |
| Test RMSE                    | 417.8509      | 564.9214      | 589.2220      | 1     |
| Best Train Custom Accuracy   | 89.2887       | 52.1570       | 46.9572       | 31    |
| Best Val Custom Accuracy     | 76.9855       | 46.4727       | 22.5809       | 20    |
| Best Test Custom Accuracy    | 55.6637       | 38.7180       | 29.3048       | 1     |
+------------------------------+---------------+---------------+---------------+-------+

Exp: 56

Experiment Settings: seq_len-16-lr-0.02-d-256-hid_d-1024-last_d-512-time_d-64-e_layers-4-token_conv_kernel-13-dropout-0.4-comb_type-add-bs-256
Experiment time: 2024-08-07 02:27:21.913588
+------------------------------+---------------+---------------+---------------+-------+
| Metric                       | Training      | Validation    | Test          | Epoch |
+------------------------------+---------------+---------------+---------------+-------+
| Train RMSE                   | 87.3113       | 427.8240      | 486.0428      | 21    |
| Val RMSE                     | 3373.5298     | 5429.6006     | 7951.5610     | 1     |
| Test RMSE                    | 149.3071      | 427.8669      | 488.8230      | 24    |
| Best Train Custom Accuracy   | 84.7670       | 47.9791       | 45.5870       | 21    |
| Best Val Custom Accuracy     | -537.7363     | -1149.7729    | -1969.8375    | 1     |
| Best Test Custom Accuracy    | 80.6502       | 46.9684       | 45.7828       | 24    |
+------------------------------+---------------+---------------+---------------+-------+

