Exp: 1

Experiment Settings: seq_len-42-lr-0.0001-hid_d-1048-last_d-1072-tok_conv_k-9-bs-256-norm_type-layer-use_pos_enc-True-num_heads-96-fc_layer_type-mha
Experiment time: 2024-08-10 15:37:16.080881
+------------------------------+---------------+---------------+---------------+-------+
| Metric                       | Training      | Validation    | Test          | Epoch |
+------------------------------+---------------+---------------+---------------+-------+
| Train RMSE                   | 88.0763       | 405.8170      | 364.7141      | 21    |
| Val RMSE                     | 332.4068      | 371.3535      | 354.1042      | 1     |
| Test RMSE                    | 120.8113      | 402.9004      | 353.2876      | 20    |
| Best Train Custom Accuracy   | 82.8293       | 43.2402       | 43.1283       | 21    |
| Best Val Custom Accuracy     | 33.1492       | 39.6829       | 22.5425       | 1     |
| Best Test Custom Accuracy    | 73.6182       | 45.6034       | 37.3348       | 20    |
+------------------------------+---------------+---------------+---------------+-------+

Exp: 2

Experiment Settings: seq_len-54-lr-0.0004-hid_d-1288-last_d-1264-tok_conv_k-9-bs-256-norm_type-batch-use_pos_enc-True-num_heads-96-fc_layer_type-mha
Experiment time: 2024-08-10 15:38:38.458097
+------------------------------+---------------+---------------+---------------+-------+
| Metric                       | Training      | Validation    | Test          | Epoch |
+------------------------------+---------------+---------------+---------------+-------+
| Train RMSE                   | 49.1815       | 401.8598      | 368.5081      | 33    |
| Val RMSE                     | 122.3269      | 405.3945      | 371.4001      | 14    |
| Test RMSE                    | 54.1742       | 382.3227      | 351.2344      | 31    |
| Best Train Custom Accuracy   | 90.7597       | 48.4629       | 42.5323       | 33    |
| Best Val Custom Accuracy     | 78.0976       | 34.6447       | 25.9174       | 14    |
| Best Test Custom Accuracy    | 88.1763       | 45.4698       | 37.7650       | 31    |
+------------------------------+---------------+---------------+---------------+-------+

Exp: 3

Experiment Settings: seq_len-60-lr-0.0004-hid_d-1144-last_d-1120-tok_conv_k-11-bs-256-norm_type-batch-use_pos_enc-True-num_heads-96-fc_layer_type-mha
Experiment time: 2024-08-10 15:39:56.439140
+------------------------------+---------------+---------------+---------------+-------+
| Metric                       | Training      | Validation    | Test          | Epoch |
+------------------------------+---------------+---------------+---------------+-------+
| Train RMSE                   | 31.4993       | 379.7938      | 354.9214      | 43    |
| Val RMSE                     | 91.9455       | 373.3090      | 355.6743      | 16    |
| Test RMSE                    | 91.9455       | 373.3090      | 355.6743      | 16    |
| Best Train Custom Accuracy   | 93.8210       | 47.0943       | 41.3577       | 43    |
| Best Val Custom Accuracy     | 83.7205       | 41.7922       | 41.0232       | 16    |
| Best Test Custom Accuracy    | 83.7205       | 41.7922       | 41.0232       | 16    |
+------------------------------+---------------+---------------+---------------+-------+

Exp: 4

Experiment Settings: seq_len-48-lr-0.0003-hid_d-1144-last_d-1288-tok_conv_k-9-bs-256-norm_type-layer-use_pos_enc-True-num_heads-96-fc_layer_type-mha
Experiment time: 2024-08-10 15:41:14.281896
+------------------------------+---------------+---------------+---------------+-------+
| Metric                       | Training      | Validation    | Test          | Epoch |
+------------------------------+---------------+---------------+---------------+-------+
| Train RMSE                   | 36.4347       | 377.5804      | 373.4510      | 37    |
| Val RMSE                     | 101.7587      | 391.6173      | 362.9857      | 16    |
| Test RMSE                    | 101.7587      | 391.6173      | 362.9857      | 16    |
| Best Train Custom Accuracy   | 93.0116       | 49.2268       | 44.4424       | 37    |
| Best Val Custom Accuracy     | 81.3824       | 35.6871       | 26.7138       | 16    |
| Best Test Custom Accuracy    | 81.3824       | 35.6871       | 26.7138       | 16    |
+------------------------------+---------------+---------------+---------------+-------+

Exp: 5

Experiment Settings: seq_len-42-lr-0.0003-hid_d-1168-last_d-1048-tok_conv_k-11-bs-256-norm_type-batch-use_pos_enc-True-num_heads-96-fc_layer_type-mha
Experiment time: 2024-08-10 15:42:18.136026
+------------------------------+---------------+---------------+---------------+-------+
| Metric                       | Training      | Validation    | Test          | Epoch |
+------------------------------+---------------+---------------+---------------+-------+
| Train RMSE                   | 28.6471       | 413.5693      | 365.9511      | 50    |
| Val RMSE                     | 38.2085       | 413.0137      | 362.9734      | 34    |
| Test RMSE                    | 180.7897      | 731.6381      | 348.6384      | 9     |
| Best Train Custom Accuracy   | 94.5051       | 41.0195       | 41.6500       | 50    |
| Best Val Custom Accuracy     | 92.6964       | 38.7679       | 38.2581       | 34    |
| Best Test Custom Accuracy    | 66.6509       | 11.8729       | 41.7918       | 9     |
+------------------------------+---------------+---------------+---------------+-------+

Exp: 6

Experiment Settings: seq_len-48-lr-0.0002-hid_d-1048-last_d-1096-tok_conv_k-9-bs-256-norm_type-layer-use_pos_enc-True-num_heads-96-fc_layer_type-mha
Experiment time: 2024-08-10 15:43:55.046429
+------------------------------+---------------+---------------+---------------+-------+
| Metric                       | Training      | Validation    | Test          | Epoch |
+------------------------------+---------------+---------------+---------------+-------+
| Train RMSE                   | 38.6304       | 376.3660      | 363.7167      | 40    |
| Val RMSE                     | 88.1101       | 364.4658      | 353.6817      | 21    |
| Test RMSE                    | 235.3951      | 425.0575      | 347.1262      | 4     |
| Best Train Custom Accuracy   | 92.7077       | 47.1145       | 41.3323       | 40    |
| Best Val Custom Accuracy     | 80.5507       | 47.4820       | 39.7715       | 21    |
| Best Test Custom Accuracy    | 54.6614       | 36.4100       | 37.0674       | 4     |
+------------------------------+---------------+---------------+---------------+-------+

Exp: 7

Experiment Settings: seq_len-48-lr-0.0003-hid_d-1240-last_d-1120-tok_conv_k-9-bs-256-norm_type-batch-use_pos_enc-True-num_heads-96-fc_layer_type-mha
Experiment time: 2024-08-10 15:44:45.645926
+------------------------------+---------------+---------------+---------------+-------+
| Metric                       | Training      | Validation    | Test          | Epoch |
+------------------------------+---------------+---------------+---------------+-------+
| Train RMSE                   | 39.2532       | 375.0908      | 378.3757      | 37    |
| Val RMSE                     | 92.1428       | 382.8558      | 387.9413      | 19    |
| Test RMSE                    | 127.6779      | 393.6533      | 357.3789      | 13    |
| Best Train Custom Accuracy   | 92.5085       | 46.3260       | 35.6674       | 37    |
| Best Val Custom Accuracy     | 81.4860       | 31.5002       | 26.2856       | 19    |
| Best Test Custom Accuracy    | 74.1223       | 35.2144       | 31.7756       | 13    |
+------------------------------+---------------+---------------+---------------+-------+

Exp: 8

Experiment Settings: seq_len-48-lr-0.0003-hid_d-1264-last_d-1120-tok_conv_k-11-bs-256-norm_type-layer-use_pos_enc-True-num_heads-96-fc_layer_type-mha
Experiment time: 2024-08-10 15:45:51.616070
+------------------------------+---------------+---------------+---------------+-------+
| Metric                       | Training      | Validation    | Test          | Epoch |
+------------------------------+---------------+---------------+---------------+-------+
| Train RMSE                   | 77.6995       | 384.3954      | 375.7487      | 20    |
| Val RMSE                     | 302.9315      | 365.8972      | 381.2682      | 1     |
| Test RMSE                    | 285.1848      | 396.5826      | 371.2529      | 2     |
| Best Train Custom Accuracy   | 82.7377       | 47.4713       | 46.4284       | 20    |
| Best Val Custom Accuracy     | 44.6016       | 46.3846       | 50.6755       | 1     |
| Best Test Custom Accuracy    | 37.0119       | 35.3393       | 38.3722       | 2     |
+------------------------------+---------------+---------------+---------------+-------+

Exp: 9

Experiment Settings: seq_len-60-lr-0.0002-hid_d-1264-last_d-1144-tok_conv_k-9-bs-256-norm_type-layer-use_pos_enc-True-num_heads-96-fc_layer_type-mha
Experiment time: 2024-08-10 15:45:57.023195
+------------------------------+---------------+---------------+---------------+-------+
| Metric                       | Training      | Validation    | Test          | Epoch |
+------------------------------+---------------+---------------+---------------+-------+
| Train RMSE                   | 91.1309       | 387.6458      | 340.8867      | 20    |
| Val RMSE                     | 91.5691       | 367.9500      | 346.3386      | 18    |
| Test RMSE                    | 91.1309       | 387.6458      | 340.8867      | 20    |
| Best Train Custom Accuracy   | 82.2765       | 41.1663       | 33.7329       | 20    |
| Best Val Custom Accuracy     | 80.4000       | 47.5438       | 36.6830       | 18    |
| Best Test Custom Accuracy    | 82.2765       | 41.1663       | 33.7329       | 20    |
+------------------------------+---------------+---------------+---------------+-------+

Exp: 10

Experiment Settings: seq_len-42-lr-0.0003-hid_d-1096-last_d-1096-tok_conv_k-9-bs-256-norm_type-batch-use_pos_enc-True-num_heads-96-fc_layer_type-mha
Experiment time: 2024-08-10 15:49:08.677189
+------------------------------+---------------+---------------+---------------+-------+
| Metric                       | Training      | Validation    | Test          | Epoch |
+------------------------------+---------------+---------------+---------------+-------+
| Train RMSE                   | 31.4711       | 379.3265      | 375.3282      | 50    |
| Val RMSE                     | 43.2899       | 368.9666      | 377.3003      | 33    |
| Test RMSE                    | 52.6527       | 370.7776      | 368.4084      | 31    |
| Best Train Custom Accuracy   | 94.1247       | 44.9786       | 35.9451       | 50    |
| Best Val Custom Accuracy     | 91.9194       | 40.3839       | 27.4697       | 33    |
| Best Test Custom Accuracy    | 88.6210       | 47.1115       | 37.1879       | 31    |
+------------------------------+---------------+---------------+---------------+-------+

Exp: 11

Experiment Settings: seq_len-54-lr-0.0002-hid_d-1072-last_d-1024-tok_conv_k-9-bs-256-norm_type-batch-use_pos_enc-True-num_heads-96-fc_layer_type-mha
Experiment time: 2024-08-10 15:50:13.701027
+------------------------------+---------------+---------------+---------------+-------+
| Metric                       | Training      | Validation    | Test          | Epoch |
+------------------------------+---------------+---------------+---------------+-------+
| Train RMSE                   | 39.9396       | 405.4235      | 353.1585      | 50    |
| Val RMSE                     | 52.0379       | 403.4427      | 355.0244      | 36    |
| Test RMSE                    | 124.7460      | 533.8936      | 349.3746      | 15    |
| Best Train Custom Accuracy   | 92.5707       | 32.0861       | 32.0469       | 50    |
| Best Val Custom Accuracy     | 90.8836       | 32.1171       | 31.0023       | 36    |
| Best Test Custom Accuracy    | 76.7113       | 23.8916       | 44.9207       | 15    |
+------------------------------+---------------+---------------+---------------+-------+

Exp: 12

Experiment Settings: seq_len-48-lr-0.0003-hid_d-1240-last_d-1120-tok_conv_k-9-bs-256-norm_type-layer-use_pos_enc-True-num_heads-96-fc_layer_type-mha
Experiment time: 2024-08-10 15:50:34.154569
+------------------------------+---------------+---------------+---------------+-------+
| Metric                       | Training      | Validation    | Test          | Epoch |
+------------------------------+---------------+---------------+---------------+-------+
| Train RMSE                   | 79.0641       | 394.6397      | 396.2380      | 21    |
| Val RMSE                     | 313.1910      | 377.3155      | 352.5711      | 1     |
| Test RMSE                    | 116.3545      | 392.6089      | 342.5592      | 15    |
| Best Train Custom Accuracy   | 85.4052       | 51.6487       | 50.8188       | 21    |
| Best Val Custom Accuracy     | 44.1450       | 41.1639       | 44.9664       | 1     |
| Best Test Custom Accuracy    | 75.8498       | 47.5951       | 46.7617       | 15    |
+------------------------------+---------------+---------------+---------------+-------+

Exp: 13

Experiment Settings: seq_len-54-lr-0.0003-hid_d-1240-last_d-1192-tok_conv_k-11-bs-256-norm_type-batch-use_pos_enc-True-num_heads-96-fc_layer_type-mha
Experiment time: 2024-08-10 15:53:26.972058
+------------------------------+---------------+---------------+---------------+-------+
| Metric                       | Training      | Validation    | Test          | Epoch |
+------------------------------+---------------+---------------+---------------+-------+
| Train RMSE                   | 32.3632       | 364.5938      | 366.4280      | 44    |
| Val RMSE                     | 48.1934       | 362.1001      | 367.6347      | 32    |
| Test RMSE                    | 64.9060       | 380.9460      | 359.3885      | 25    |
| Best Train Custom Accuracy   | 93.7924       | 45.1976       | 33.6222       | 44    |
| Best Val Custom Accuracy     | 90.1953       | 48.7908       | 35.8435       | 32    |
| Best Test Custom Accuracy    | 87.7091       | 40.5557       | 37.4579       | 25    |
+------------------------------+---------------+---------------+---------------+-------+

Exp: 14

Experiment Settings: seq_len-54-lr-0.0003-hid_d-1240-last_d-1216-tok_conv_k-9-bs-256-norm_type-batch-use_pos_enc-True-num_heads-96-fc_layer_type-mha
Experiment time: 2024-08-10 15:53:47.331174
+------------------------------+---------------+---------------+---------------+-------+
| Metric                       | Training      | Validation    | Test          | Epoch |
+------------------------------+---------------+---------------+---------------+-------+
| Train RMSE                   | 37.5863       | 372.0100      | 344.9169      | 42    |
| Val RMSE                     | 78.9050       | 379.8538      | 365.3699      | 23    |
| Test RMSE                    | 39.6663       | 374.2126      | 342.3232      | 39    |
| Best Train Custom Accuracy   | 92.4219       | 40.1644       | 35.0071       | 42    |
| Best Val Custom Accuracy     | 85.8392       | 36.7435       | 32.3500       | 23    |
| Best Test Custom Accuracy    | 92.1230       | 42.3973       | 37.0894       | 39    |
+------------------------------+---------------+---------------+---------------+-------+

Exp: 15

Experiment Settings: seq_len-48-lr-0.0006-hid_d-1048-last_d-1192-tok_conv_k-9-bs-256-norm_type-layer-use_pos_enc-True-num_heads-96-fc_layer_type-mha
Experiment time: 2024-08-10 15:56:50.656280
+------------------------------+---------------+---------------+---------------+-------+
| Metric                       | Training      | Validation    | Test          | Epoch |
+------------------------------+---------------+---------------+---------------+-------+
| Train RMSE                   | 29.2803       | 382.6107      | 353.3915      | 45    |
| Val RMSE                     | 64.4282       | 377.1875      | 350.3018      | 22    |
| Test RMSE                    | 64.4282       | 377.1875      | 350.3018      | 22    |
| Best Train Custom Accuracy   | 94.5285       | 47.0054       | 43.0480       | 45    |
| Best Val Custom Accuracy     | 87.5195       | 44.1936       | 39.8031       | 22    |
| Best Test Custom Accuracy    | 87.5195       | 44.1936       | 39.8031       | 22    |
+------------------------------+---------------+---------------+---------------+-------+

Exp: 16

Experiment Settings: seq_len-48-lr-0.0007-hid_d-1240-last_d-1288-tok_conv_k-11-bs-256-norm_type-layer-use_pos_enc-True-num_heads-96-fc_layer_type-mha
Experiment time: 2024-08-10 15:57:55.914884
+------------------------------+---------------+---------------+---------------+-------+
| Metric                       | Training      | Validation    | Test          | Epoch |
+------------------------------+---------------+---------------+---------------+-------+
| Train RMSE                   | 34.7247       | 375.2653      | 361.9489      | 35    |
| Val RMSE                     | 102.9239      | 359.8315      | 353.0303      | 16    |
| Test RMSE                    | 102.9239      | 359.8315      | 353.0303      | 16    |
| Best Train Custom Accuracy   | 93.4160       | 49.9681       | 45.5155       | 35    |
| Best Val Custom Accuracy     | 79.8147       | 44.7463       | 42.7424       | 16    |
| Best Test Custom Accuracy    | 79.8147       | 44.7463       | 42.7424       | 16    |
+------------------------------+---------------+---------------+---------------+-------+

