Exp: 1

Experiment Settings: seq_len-42-lr-0.0003-hid_d-1072-last_d-1192-tok_conv_k-11-dropout-0.21817219528160886-bs-256-norm_type-batch-use_pos_enc-True-num_heads-96-fc_layer_type-mha
Experiment time: 2024-08-10 16:02:15.820087
+------------------------------+---------------+---------------+---------------+-------+
| Metric                       | Training      | Validation    | Test          | Epoch |
+------------------------------+---------------+---------------+---------------+-------+
| Train RMSE                   | 83.2640       | 522.5554      | 383.2331      | 21    |
| Val RMSE                     | 304.8737      | 524.3939      | 385.4724      | 1     |
| Test RMSE                    | 136.6849      | 681.1948      | 354.8047      | 15    |
| Best Train Custom Accuracy   | 85.4528       | 28.1561       | 42.6616       | 21    |
| Best Val Custom Accuracy     | 45.3026       | 24.4816       | 46.1227       | 1     |
| Best Test Custom Accuracy    | 73.4606       | 12.0864       | 37.2169       | 15    |
+------------------------------+---------------+---------------+---------------+-------+

Exp: 2

Experiment Settings: seq_len-60-lr-0.0002-hid_d-1288-last_d-1168-tok_conv_k-9-dropout-0.11699941441012465-bs-256-norm_type-batch-use_pos_enc-True-num_heads-96-fc_layer_type-mha
Experiment time: 2024-08-10 16:05:54.254135
+------------------------------+---------------+---------------+---------------+-------+
| Metric                       | Training      | Validation    | Test          | Epoch |
+------------------------------+---------------+---------------+---------------+-------+
| Train RMSE                   | 40.9081       | 396.1265      | 352.0439      | 53    |
| Val RMSE                     | 43.3321       | 386.5190      | 346.5260      | 48    |
| Test RMSE                    | 72.1413       | 394.4732      | 342.9679      | 34    |
| Best Train Custom Accuracy   | 92.3713       | 38.8736       | 32.0995       | 53    |
| Best Val Custom Accuracy     | 91.5234       | 42.4306       | 33.9165       | 48    |
| Best Test Custom Accuracy    | 88.2166       | 41.2248       | 34.6159       | 34    |
+------------------------------+---------------+---------------+---------------+-------+

Exp: 3

Experiment Settings: seq_len-60-lr-0.0003-hid_d-1072-last_d-1288-tok_conv_k-9-dropout-0.28577399150252486-bs-256-norm_type-batch-use_pos_enc-True-num_heads-96-fc_layer_type-mha
Experiment time: 2024-08-10 16:07:00.658091
+------------------------------+---------------+---------------+---------------+-------+
| Metric                       | Training      | Validation    | Test          | Epoch |
+------------------------------+---------------+---------------+---------------+-------+
| Train RMSE                   | 41.3254       | 389.1415      | 356.6266      | 54    |
| Val RMSE                     | 66.4312       | 390.6564      | 361.3340      | 36    |
| Test RMSE                    | 92.0824       | 468.6686      | 340.6822      | 21    |
| Best Train Custom Accuracy   | 92.3252       | 47.7255       | 41.0737       | 54    |
| Best Val Custom Accuracy     | 87.9671       | 47.4506       | 37.7357       | 36    |
| Best Test Custom Accuracy    | 82.4535       | 35.2630       | 43.2853       | 21    |
+------------------------------+---------------+---------------+---------------+-------+

Exp: 4

Experiment Settings: seq_len-48-lr-0.0003-hid_d-1144-last_d-1072-tok_conv_k-11-dropout-0.18897627358373553-bs-256-norm_type-batch-use_pos_enc-True-num_heads-96-fc_layer_type-mha
Experiment time: 2024-08-10 16:09:04.495813
+------------------------------+---------------+---------------+---------------+-------+
| Metric                       | Training      | Validation    | Test          | Epoch |
+------------------------------+---------------+---------------+---------------+-------+
| Train RMSE                   | 24.4060       | 374.0686      | 362.6212      | 62    |
| Val RMSE                     | 43.2844       | 366.4299      | 366.0584      | 44    |
| Test RMSE                    | 47.6195       | 379.9019      | 364.2093      | 40    |
| Best Train Custom Accuracy   | 95.1503       | 49.1950       | 44.3784       | 62    |
| Best Val Custom Accuracy     | 91.4302       | 45.5830       | 42.5324       | 44    |
| Best Test Custom Accuracy    | 91.3494       | 48.9922       | 43.8861       | 40    |
+------------------------------+---------------+---------------+---------------+-------+

Exp: 5

Experiment Settings: seq_len-54-lr-0.0002-hid_d-1264-last_d-1264-tok_conv_k-11-dropout-0.2617400208686368-bs-256-norm_type-layer-use_pos_enc-True-num_heads-96-fc_layer_type-mha
Experiment time: 2024-08-10 16:10:15.506484
+------------------------------+---------------+---------------+---------------+-------+
| Metric                       | Training      | Validation    | Test          | Epoch |
+------------------------------+---------------+---------------+---------------+-------+
| Train RMSE                   | 88.9380       | 394.1322      | 391.4336      | 21    |
| Val RMSE                     | 307.2353      | 381.2829      | 373.8773      | 1     |
| Test RMSE                    | 254.9032      | 388.5966      | 366.1027      | 3     |
| Best Train Custom Accuracy   | 83.0655       | 45.4003       | 44.1487       | 21    |
| Best Val Custom Accuracy     | 41.3595       | 43.2368       | 46.9545       | 1     |
| Best Test Custom Accuracy    | 45.8065       | 35.8356       | 40.9404       | 3     |
+------------------------------+---------------+---------------+---------------+-------+

Exp: 6

Experiment Settings: seq_len-60-lr-0.0002-hid_d-1096-last_d-1120-tok_conv_k-11-dropout-0.27964061288645325-bs-256-norm_type-batch-use_pos_enc-True-num_heads-96-fc_layer_type-mha
Experiment time: 2024-08-10 16:10:45.439055
+------------------------------+---------------+---------------+---------------+-------+
| Metric                       | Training      | Validation    | Test          | Epoch |
+------------------------------+---------------+---------------+---------------+-------+
| Train RMSE                   | 31.0774       | 370.0551      | 349.2139      | 61    |
| Val RMSE                     | 57.7248       | 370.2624      | 343.9698      | 41    |
| Test RMSE                    | 88.7774       | 377.4750      | 342.7300      | 25    |
| Best Train Custom Accuracy   | 94.2663       | 42.5819       | 35.8215       | 61    |
| Best Val Custom Accuracy     | 89.1801       | 38.8912       | 33.2692       | 41    |
| Best Test Custom Accuracy    | 84.0888       | 44.1523       | 40.9238       | 25    |
+------------------------------+---------------+---------------+---------------+-------+

Exp: 7

Experiment Settings: seq_len-48-lr-0.0003-hid_d-1240-last_d-1024-tok_conv_k-11-dropout-0.1875876589967116-bs-256-norm_type-batch-use_pos_enc-True-num_heads-96-fc_layer_type-mha
Experiment time: 2024-08-10 16:12:42.614074
+------------------------------+---------------+---------------+---------------+-------+
| Metric                       | Training      | Validation    | Test          | Epoch |
+------------------------------+---------------+---------------+---------------+-------+
| Train RMSE                   | 39.2547       | 367.9692      | 358.9426      | 45    |
| Val RMSE                     | 40.8376       | 360.3235      | 357.6932      | 46    |
| Test RMSE                    | 101.2836      | 385.2926      | 357.7246      | 18    |
| Best Train Custom Accuracy   | 92.5648       | 50.6879       | 45.5656       | 45    |
| Best Val Custom Accuracy     | 92.2009       | 49.3145       | 40.7979       | 46    |
| Best Test Custom Accuracy    | 80.1222       | 45.1813       | 40.4517       | 18    |
+------------------------------+---------------+---------------+---------------+-------+

Exp: 8

Experiment Settings: seq_len-48-lr-0.0004-hid_d-1168-last_d-1048-tok_conv_k-9-dropout-0.299779597251228-bs-256-norm_type-layer-use_pos_enc-True-num_heads-96-fc_layer_type-mha
Experiment time: 2024-08-10 16:13:52.983945
+------------------------------+---------------+---------------+---------------+-------+
| Metric                       | Training      | Validation    | Test          | Epoch |
+------------------------------+---------------+---------------+---------------+-------+
| Train RMSE                   | 37.3283       | 379.0076      | 353.4088      | 48    |
| Val RMSE                     | 82.1045       | 372.9037      | 350.6889      | 25    |
| Test RMSE                    | 78.6322       | 385.3960      | 349.9089      | 22    |
| Best Train Custom Accuracy   | 93.1460       | 46.1808       | 40.3660       | 48    |
| Best Val Custom Accuracy     | 81.4208       | 43.5128       | 37.1439       | 25    |
| Best Test Custom Accuracy    | 83.6607       | 42.9698       | 37.2431       | 22    |
+------------------------------+---------------+---------------+---------------+-------+

Exp: 9

Experiment Settings: seq_len-60-lr-0.0005-hid_d-1048-last_d-1240-tok_conv_k-9-dropout-0.312764131861339-bs-256-norm_type-batch-use_pos_enc-True-num_heads-96-fc_layer_type-mha
Experiment time: 2024-08-10 16:18:02.370562
+------------------------------+---------------+---------------+---------------+-------+
| Metric                       | Training      | Validation    | Test          | Epoch |
+------------------------------+---------------+---------------+---------------+-------+
| Train RMSE                   | 37.3593       | 376.5487      | 354.8314      | 59    |
| Val RMSE                     | 84.1646       | 363.4527      | 351.3871      | 40    |
| Test RMSE                    | 82.0207       | 383.6396      | 350.6227      | 31    |
| Best Train Custom Accuracy   | 93.0294       | 44.3745       | 38.0098       | 59    |
| Best Val Custom Accuracy     | 86.7063       | 47.6486       | 43.8869       | 40    |
| Best Test Custom Accuracy    | 83.5747       | 41.7529       | 38.7458       | 31    |
+------------------------------+---------------+---------------+---------------+-------+

Exp: 10

Experiment Settings: seq_len-60-lr-0.0003-hid_d-1240-last_d-1288-tok_conv_k-9-dropout-0.23542509120328092-bs-256-norm_type-batch-use_pos_enc-True-num_heads-96-fc_layer_type-mha
Experiment time: 2024-08-10 16:19:41.066854
+------------------------------+---------------+---------------+---------------+-------+
| Metric                       | Training      | Validation    | Test          | Epoch |
+------------------------------+---------------+---------------+---------------+-------+
| Train RMSE                   | 29.3302       | 392.2564      | 352.5009      | 64    |
| Val RMSE                     | 53.1331       | 397.6039      | 354.7507      | 46    |
| Test RMSE                    | 112.9141      | 440.7835      | 343.0441      | 15    |
| Best Train Custom Accuracy   | 94.2537       | 46.1867       | 36.6775       | 64    |
| Best Val Custom Accuracy     | 88.6335       | 49.1390       | 43.3176       | 46    |
| Best Test Custom Accuracy    | 78.0901       | 38.4285       | 36.1814       | 15    |
+------------------------------+---------------+---------------+---------------+-------+

Exp: 11

Experiment Settings: seq_len-42-lr-0.0003-hid_d-1240-last_d-1168-tok_conv_k-9-dropout-0.25932782899219375-bs-256-norm_type-layer-use_pos_enc-True-num_heads-96-fc_layer_type-mha
Experiment time: 2024-08-10 16:20:38.247502
+------------------------------+---------------+---------------+---------------+-------+
| Metric                       | Training      | Validation    | Test          | Epoch |
+------------------------------+---------------+---------------+---------------+-------+
| Train RMSE                   | 45.5577       | 373.5477      | 368.7545      | 40    |
| Val RMSE                     | 91.7914       | 372.3810      | 363.4477      | 20    |
| Test RMSE                    | 114.4207      | 381.2193      | 345.0096      | 17    |
| Best Train Custom Accuracy   | 91.1895       | 48.1995       | 40.8747       | 40    |
| Best Val Custom Accuracy     | 82.5425       | 41.3140       | 31.4271       | 20    |
| Best Test Custom Accuracy    | 75.6922       | 42.9283       | 38.2006       | 17    |
+------------------------------+---------------+---------------+---------------+-------+

Exp: 12

Experiment Settings: seq_len-54-lr-0.0003-hid_d-1120-last_d-1216-tok_conv_k-11-dropout-0.22875507966100506-bs-256-norm_type-layer-use_pos_enc-True-num_heads-96-fc_layer_type-mha
Experiment time: 2024-08-10 16:20:59.238811
+------------------------------+---------------+---------------+---------------+-------+
| Metric                       | Training      | Validation    | Test          | Epoch |
+------------------------------+---------------+---------------+---------------+-------+
| Train RMSE                   | 97.4677       | 382.5904      | 378.3492      | 19    |
| Val RMSE                     | 100.6792      | 385.1872      | 362.7217      | 18    |
| Test RMSE                    | 100.6792      | 385.1872      | 362.7217      | 18    |
| Best Train Custom Accuracy   | 80.7086       | 38.9294       | 38.7812       | 19    |
| Best Val Custom Accuracy     | 78.7210       | 47.7112       | 47.5199       | 18    |
| Best Test Custom Accuracy    | 78.7210       | 47.7112       | 47.5199       | 18    |
+------------------------------+---------------+---------------+---------------+-------+

Exp: 13

Experiment Settings: seq_len-54-lr-0.0003-hid_d-1144-last_d-1096-tok_conv_k-11-dropout-0.23276814621113176-bs-256-norm_type-layer-use_pos_enc-True-num_heads-96-fc_layer_type-mha
Experiment time: 2024-08-10 16:21:52.044540
+------------------------------+---------------+---------------+---------------+-------+
| Metric                       | Training      | Validation    | Test          | Epoch |
+------------------------------+---------------+---------------+---------------+-------+
| Train RMSE                   | 93.6802       | 386.8132      | 359.7302      | 21    |
| Val RMSE                     | 310.6544      | 365.9772      | 371.7514      | 1     |
| Test RMSE                    | 276.5253      | 392.9583      | 356.5500      | 2     |
| Best Train Custom Accuracy   | 81.5024       | 42.6003       | 43.4546       | 21    |
| Best Val Custom Accuracy     | 42.6327       | 37.3771       | 42.0227       | 1     |
| Best Test Custom Accuracy    | 41.2458       | 33.3462       | 39.8673       | 2     |
+------------------------------+---------------+---------------+---------------+-------+

Exp: 14

Experiment Settings: seq_len-42-lr-0.0004-hid_d-1168-last_d-1072-tok_conv_k-9-dropout-0.1977743295427718-bs-256-norm_type-layer-use_pos_enc-True-num_heads-96-fc_layer_type-mha
Experiment time: 2024-08-10 16:25:42.696649
+------------------------------+---------------+---------------+---------------+-------+
| Metric                       | Training      | Validation    | Test          | Epoch |
+------------------------------+---------------+---------------+---------------+-------+
| Train RMSE                   | 41.2393       | 388.4081      | 365.4902      | 41    |
| Val RMSE                     | 87.4216       | 369.5855      | 367.5574      | 23    |
| Test RMSE                    | 147.2751      | 404.5643      | 345.1981      | 15    |
| Best Train Custom Accuracy   | 92.1737       | 48.4217       | 39.5062       | 41    |
| Best Val Custom Accuracy     | 82.5602       | 46.9456       | 43.2649       | 23    |
| Best Test Custom Accuracy    | 70.4033       | 45.0801       | 39.5560       | 15    |
+------------------------------+---------------+---------------+---------------+-------+

Exp: 15

Experiment Settings: seq_len-42-lr-0.0003-hid_d-1144-last_d-1024-tok_conv_k-11-dropout-0.21610734190219277-bs-256-norm_type-layer-use_pos_enc-True-num_heads-96-fc_layer_type-mha
Experiment time: 2024-08-10 16:25:56.684952
+------------------------------+---------------+---------------+---------------+-------+
| Metric                       | Training      | Validation    | Test          | Epoch |
+------------------------------+---------------+---------------+---------------+-------+
| Train RMSE                   | 88.3410       | 398.2819      | 383.6548      | 22    |
| Val RMSE                     | 279.2238      | 381.9902      | 373.9044      | 2     |
| Test RMSE                    | 279.2238      | 381.9902      | 373.9044      | 2     |
| Best Train Custom Accuracy   | 81.5082       | 43.3325       | 46.0578       | 22    |
| Best Val Custom Accuracy     | 47.9264       | 38.3661       | 45.1683       | 2     |
| Best Test Custom Accuracy    | 47.9264       | 38.3661       | 45.1683       | 2     |
+------------------------------+---------------+---------------+---------------+-------+

Exp: 16

Experiment Settings: seq_len-54-lr-0.0004-hid_d-1240-last_d-1096-tok_conv_k-9-dropout-0.2043428579210906-bs-256-norm_type-batch-use_pos_enc-True-num_heads-96-fc_layer_type-mha
Experiment time: 2024-08-10 16:30:29.488425
+------------------------------+---------------+---------------+---------------+-------+
| Metric                       | Training      | Validation    | Test          | Epoch |
+------------------------------+---------------+---------------+---------------+-------+
| Train RMSE                   | 60.2548       | 380.3848      | 357.9027      | 36    |
| Val RMSE                     | 66.0708       | 372.9447      | 370.3132      | 35    |
| Test RMSE                    | 60.5308       | 384.9681      | 355.4601      | 37    |
| Best Train Custom Accuracy   | 88.3287       | 35.5198       | 26.7197       | 36    |
| Best Val Custom Accuracy     | 88.4697       | 42.4654       | 30.6166       | 35    |
| Best Test Custom Accuracy    | 88.8749       | 44.0420       | 34.3634       | 37    |
+------------------------------+---------------+---------------+---------------+-------+

Exp: 17

Experiment Settings: seq_len-60-lr-0.0005-hid_d-1168-last_d-1216-tok_conv_k-11-dropout-0.15022695330680053-bs-256-norm_type-batch-use_pos_enc-True-num_heads-96-fc_layer_type-mha
Experiment time: 2024-08-10 16:32:36.108270
+------------------------------+---------------+---------------+---------------+-------+
| Metric                       | Training      | Validation    | Test          | Epoch |
+------------------------------+---------------+---------------+---------------+-------+
| Train RMSE                   | 21.3124       | 376.4395      | 337.7000      | 67    |
| Val RMSE                     | 45.4922       | 367.4321      | 338.6581      | 47    |
| Test RMSE                    | 85.0819       | 383.0129      | 338.4644      | 22    |
| Best Train Custom Accuracy   | 95.6948       | 47.3526       | 45.8303       | 67    |
| Best Val Custom Accuracy     | 92.0184       | 48.6596       | 43.9094       | 47    |
| Best Test Custom Accuracy    | 83.6020       | 48.2057       | 38.5862       | 22    |
+------------------------------+---------------+---------------+---------------+-------+

Exp: 18

Experiment Settings: seq_len-60-lr-0.0003-hid_d-1216-last_d-1120-tok_conv_k-9-dropout-0.14349285182806468-bs-256-norm_type-layer-use_pos_enc-True-num_heads-96-fc_layer_type-mha
Experiment time: 2024-08-10 16:34:52.473310
+------------------------------+---------------+---------------+---------------+-------+
| Metric                       | Training      | Validation    | Test          | Epoch |
+------------------------------+---------------+---------------+---------------+-------+
| Train RMSE                   | 101.1048      | 373.6269      | 338.1867      | 20    |
| Val RMSE                     | 287.0659      | 380.2360      | 352.5336      | 1     |
| Test RMSE                    | 101.1048      | 373.6269      | 338.1867      | 20    |
| Best Train Custom Accuracy   | 79.3005       | 47.2871       | 38.1704       | 20    |
| Best Val Custom Accuracy     | 39.0040       | 36.3427       | 44.8578       | 1     |
| Best Test Custom Accuracy    | 79.3005       | 47.2871       | 38.1704       | 20    |
+------------------------------+---------------+---------------+---------------+-------+

Exp: 19

Experiment Settings: seq_len-42-lr-0.0002-hid_d-1168-last_d-1216-tok_conv_k-11-dropout-0.16283067580816563-bs-256-norm_type-layer-use_pos_enc-True-num_heads-96-fc_layer_type-mha
Experiment time: 2024-08-10 16:35:22.618965
+------------------------------+---------------+---------------+---------------+-------+
| Metric                       | Training      | Validation    | Test          | Epoch |
+------------------------------+---------------+---------------+---------------+-------+
| Train RMSE                   | 50.6291       | 388.4387      | 375.2278      | 34    |
| Val RMSE                     | 67.6408       | 373.9149      | 383.6152      | 29    |
| Test RMSE                    | 312.1136      | 428.4103      | 368.1393      | 1     |
| Best Train Custom Accuracy   | 90.4227       | 48.1332       | 47.8353       | 34    |
| Best Val Custom Accuracy     | 86.3632       | 48.7917       | 47.0106       | 29    |
| Best Test Custom Accuracy    | 43.9360       | 47.9823       | 48.7306       | 1     |
+------------------------------+---------------+---------------+---------------+-------+

Exp: 20

Experiment Settings: seq_len-54-lr-0.0004-hid_d-1264-last_d-1072-tok_conv_k-11-dropout-0.19616665135580397-bs-256-norm_type-layer-use_pos_enc-True-num_heads-96-fc_layer_type-mha
Experiment time: 2024-08-10 16:36:59.518755
+------------------------------+---------------+---------------+---------------+-------+
| Metric                       | Training      | Validation    | Test          | Epoch |
+------------------------------+---------------+---------------+---------------+-------+
| Train RMSE                   | 54.5655       | 397.2329      | 360.8486      | 33    |
| Val RMSE                     | 102.4498      | 377.1883      | 356.7585      | 18    |
| Test RMSE                    | 105.2560      | 393.7285      | 346.0920      | 19    |
| Best Train Custom Accuracy   | 89.7556       | 47.0803       | 39.5564       | 33    |
| Best Val Custom Accuracy     | 76.7413       | 41.7296       | 38.7197       | 18    |
| Best Test Custom Accuracy    | 82.7363       | 43.0333       | 42.0070       | 19    |
+------------------------------+---------------+---------------+---------------+-------+

Exp: 21

Experiment Settings: seq_len-42-lr-0.0005-hid_d-1024-last_d-1288-tok_conv_k-11-dropout-0.2070127631495584-bs-256-norm_type-layer-use_pos_enc-True-num_heads-96-fc_layer_type-mha
Experiment time: 2024-08-10 16:39:23.393719
+------------------------------+---------------+---------------+---------------+-------+
| Metric                       | Training      | Validation    | Test          | Epoch |
+------------------------------+---------------+---------------+---------------+-------+
| Train RMSE                   | 82.9782       | 400.8745      | 379.9740      | 21    |
| Val RMSE                     | 295.1619      | 370.3088      | 378.9028      | 1     |
| Test RMSE                    | 105.6367      | 406.2760      | 363.0934      | 18    |
| Best Train Custom Accuracy   | 83.4775       | 44.4620       | 47.0564       | 21    |
| Best Val Custom Accuracy     | 40.1986       | 41.2723       | 46.8499       | 1     |
| Best Test Custom Accuracy    | 80.4159       | 43.8641       | 44.3335       | 18    |
+------------------------------+---------------+---------------+---------------+-------+

Exp: 22

Experiment Settings: seq_len-60-lr-0.0002-hid_d-1048-last_d-1120-tok_conv_k-9-dropout-0.24198934990991686-bs-256-norm_type-layer-use_pos_enc-True-num_heads-96-fc_layer_type-mha
Experiment time: 2024-08-10 16:42:14.638669
+------------------------------+---------------+---------------+---------------+-------+
| Metric                       | Training      | Validation    | Test          | Epoch |
+------------------------------+---------------+---------------+---------------+-------+
| Train RMSE                   | 41.8160       | 384.6344      | 349.1385      | 50    |
| Val RMSE                     | 292.9487      | 385.3017      | 353.0585      | 1     |
| Test RMSE                    | 151.9618      | 385.3944      | 337.2798      | 13    |
| Best Train Custom Accuracy   | 92.1097       | 41.4055       | 32.3897       | 50    |
| Best Val Custom Accuracy     | 40.6407       | 43.0070       | 49.7947       | 1     |
| Best Test Custom Accuracy    | 72.5092       | 47.7768       | 43.5359       | 13    |
+------------------------------+---------------+---------------+---------------+-------+

Exp: 23

Experiment Settings: seq_len-60-lr-0.0002-hid_d-1192-last_d-1024-tok_conv_k-11-dropout-0.15291500641122524-bs-256-norm_type-layer-use_pos_enc-True-num_heads-96-fc_layer_type-mha
Experiment time: 2024-08-10 16:43:43.208144
+------------------------------+---------------+---------------+---------------+-------+
| Metric                       | Training      | Validation    | Test          | Epoch |
+------------------------------+---------------+---------------+---------------+-------+
| Train RMSE                   | 97.4473       | 398.3726      | 337.2588      | 21    |
| Val RMSE                     | 314.5707      | 377.9835      | 364.4805      | 1     |
| Test RMSE                    | 97.4473       | 398.3726      | 337.2588      | 21    |
| Best Train Custom Accuracy   | 81.5745       | 42.6133       | 42.8823       | 21    |
| Best Val Custom Accuracy     | 42.2223       | 34.1908       | 34.3870       | 1     |
| Best Test Custom Accuracy    | 81.5745       | 42.6133       | 42.8823       | 21    |
+------------------------------+---------------+---------------+---------------+-------+

Exp: 24

Experiment Settings: seq_len-54-lr-0.0003-hid_d-1024-last_d-1144-tok_conv_k-9-dropout-0.14162829496851986-bs-256-norm_type-layer-use_pos_enc-True-num_heads-96-fc_layer_type-mha
Experiment time: 2024-08-10 16:45:51.595419
+------------------------------+---------------+---------------+---------------+-------+
| Metric                       | Training      | Validation    | Test          | Epoch |
+------------------------------+---------------+---------------+---------------+-------+
| Train RMSE                   | 42.4444       | 379.1160      | 357.6074      | 45    |
| Val RMSE                     | 57.0884       | 375.3721      | 357.9876      | 39    |
| Test RMSE                    | 111.3968      | 382.1914      | 340.3598      | 20    |
| Best Train Custom Accuracy   | 92.2401       | 46.3561       | 43.7007       | 45    |
| Best Val Custom Accuracy     | 89.1657       | 48.3629       | 45.7094       | 39    |
| Best Test Custom Accuracy    | 77.4338       | 44.2999       | 37.5207       | 20    |
+------------------------------+---------------+---------------+---------------+-------+

Exp: 25

Experiment Settings: seq_len-48-lr-0.0002-hid_d-1264-last_d-1216-tok_conv_k-11-dropout-0.21700824394721663-bs-256-norm_type-layer-use_pos_enc-True-num_heads-96-fc_layer_type-mha
Experiment time: 2024-08-10 16:47:41.250247
+------------------------------+---------------+---------------+---------------+-------+
| Metric                       | Training      | Validation    | Test          | Epoch |
+------------------------------+---------------+---------------+---------------+-------+
| Train RMSE                   | 70.1714       | 394.9905      | 367.8186      | 27    |
| Val RMSE                     | 315.2864      | 409.7552      | 407.4158      | 1     |
| Test RMSE                    | 100.9149      | 422.4436      | 353.1099      | 21    |
| Best Train Custom Accuracy   | 86.7151       | 49.6936       | 43.3631       | 27    |
| Best Val Custom Accuracy     | 48.9579       | 49.2813       | 53.6691       | 1     |
| Best Test Custom Accuracy    | 80.8726       | 39.8644       | 44.5611       | 21    |
+------------------------------+---------------+---------------+---------------+-------+

Exp: 26

Experiment Settings: seq_len-54-lr-0.0002-hid_d-1144-last_d-1192-tok_conv_k-9-dropout-0.24537287900507693-bs-256-norm_type-batch-use_pos_enc-True-num_heads-96-fc_layer_type-mha
Experiment time: 2024-08-10 16:47:56.141404
+------------------------------+---------------+---------------+---------------+-------+
| Metric                       | Training      | Validation    | Test          | Epoch |
+------------------------------+---------------+---------------+---------------+-------+
| Train RMSE                   | 55.8462       | 382.7274      | 350.7026      | 40    |
| Val RMSE                     | 108.3715      | 545.4610      | 356.1032      | 21    |
| Test RMSE                    | 85.6353       | 410.9885      | 358.0813      | 23    |
| Best Train Custom Accuracy   | 89.7495       | 42.7730       | 33.7898       | 40    |
| Best Val Custom Accuracy     | 80.7818       | 19.2133       | 32.5185       | 21    |
| Best Test Custom Accuracy    | 84.0561       | 38.5477       | 35.5270       | 23    |
+------------------------------+---------------+---------------+---------------+-------+

Exp: 27

Experiment Settings: seq_len-60-lr-0.0003-hid_d-1144-last_d-1168-tok_conv_k-11-dropout-0.22278303106395891-bs-256-norm_type-batch-use_pos_enc-True-num_heads-96-fc_layer_type-mha
Experiment time: 2024-08-10 16:50:20.660062
+------------------------------+---------------+---------------+---------------+-------+
| Metric                       | Training      | Validation    | Test          | Epoch |
+------------------------------+---------------+---------------+---------------+-------+
| Train RMSE                   | 43.3554       | 374.3379      | 361.6527      | 39    |
| Val RMSE                     | 99.6387       | 372.8361      | 353.0729      | 22    |
| Test RMSE                    | 75.6264       | 391.3357      | 343.4635      | 23    |
| Best Train Custom Accuracy   | 91.6916       | 45.5192       | 36.4761       | 39    |
| Best Val Custom Accuracy     | 82.9508       | 43.2044       | 35.8262       | 22    |
| Best Test Custom Accuracy    | 85.1084       | 50.1385       | 41.2814       | 23    |
+------------------------------+---------------+---------------+---------------+-------+

Exp: 28

Experiment Settings: seq_len-60-lr-0.0004-hid_d-1024-last_d-1120-tok_conv_k-11-dropout-0.20557758664836184-bs-256-norm_type-layer-use_pos_enc-True-num_heads-96-fc_layer_type-mha
Experiment time: 2024-08-10 16:52:13.904552
+------------------------------+---------------+---------------+---------------+-------+
| Metric                       | Training      | Validation    | Test          | Epoch |
+------------------------------+---------------+---------------+---------------+-------+
| Train RMSE                   | 68.3526       | 386.9833      | 336.2670      | 30    |
| Val RMSE                     | 74.5549       | 368.2552      | 347.2177      | 29    |
| Test RMSE                    | 68.3526       | 386.9833      | 336.2670      | 30    |
| Best Train Custom Accuracy   | 86.8393       | 44.2758       | 39.8510       | 30    |
| Best Val Custom Accuracy     | 83.0515       | 38.2462       | 33.8542       | 29    |
| Best Test Custom Accuracy    | 86.8393       | 44.2758       | 39.8510       | 30    |
+------------------------------+---------------+---------------+---------------+-------+

Exp: 29

Experiment Settings: seq_len-42-lr-0.0002-hid_d-1264-last_d-1240-tok_conv_k-11-dropout-0.15184690847101628-bs-256-norm_type-layer-use_pos_enc-True-num_heads-96-fc_layer_type-mha
Experiment time: 2024-08-10 16:58:05.551531
+------------------------------+---------------+---------------+---------------+-------+
| Metric                       | Training      | Validation    | Test          | Epoch |
+------------------------------+---------------+---------------+---------------+-------+
| Train RMSE                   | 72.4916       | 400.6425      | 404.2268      | 28    |
| Val RMSE                     | 175.5078      | 377.4497      | 404.9524      | 8     |
| Test RMSE                    | 92.3147       | 402.9496      | 386.9391      | 22    |
| Best Train Custom Accuracy   | 87.1734       | 45.5784       | 45.0957       | 28    |
| Best Val Custom Accuracy     | 63.6800       | 39.9800       | 44.1659       | 8     |
| Best Test Custom Accuracy    | 80.3754       | 45.1895       | 47.7529       | 22    |
+------------------------------+---------------+---------------+---------------+-------+

Exp: 30

Experiment Settings: seq_len-60-lr-0.0003-hid_d-1288-last_d-1240-tok_conv_k-11-dropout-0.14621676416348914-bs-256-norm_type-layer-use_pos_enc-True-num_heads-96-fc_layer_type-mha
Experiment time: 2024-08-10 16:59:30.142390
+------------------------------+---------------+---------------+---------------+-------+
| Metric                       | Training      | Validation    | Test          | Epoch |
+------------------------------+---------------+---------------+---------------+-------+
| Train RMSE                   | 86.6902       | 383.7182      | 347.9686      | 20    |
| Val RMSE                     | 90.4332       | 382.2711      | 338.8709      | 21    |
| Test RMSE                    | 90.4332       | 382.2711      | 338.8709      | 21    |
| Best Train Custom Accuracy   | 82.4436       | 48.4444       | 43.3399       | 20    |
| Best Val Custom Accuracy     | 83.5202       | 46.6945       | 49.3827       | 21    |
| Best Test Custom Accuracy    | 83.5202       | 46.6945       | 49.3827       | 21    |
+------------------------------+---------------+---------------+---------------+-------+

Exp: 31

Experiment Settings: seq_len-60-lr-0.0002-hid_d-1072-last_d-1168-tok_conv_k-9-dropout-0.16383641668317367-bs-256-norm_type-batch-use_pos_enc-True-num_heads-96-fc_layer_type-mha
Experiment time: 2024-08-10 17:01:04.230158
+------------------------------+---------------+---------------+---------------+-------+
| Metric                       | Training      | Validation    | Test          | Epoch |
+------------------------------+---------------+---------------+---------------+-------+
| Train RMSE                   | 59.2416       | 395.6827      | 361.9295      | 37    |
| Val RMSE                     | 101.6374      | 518.3823      | 412.4189      | 19    |
| Test RMSE                    | 96.6574       | 400.3823      | 338.1533      | 23    |
| Best Train Custom Accuracy   | 89.4430       | 31.6806       | 18.0495       | 37    |
| Best Val Custom Accuracy     | 80.2846       | 10.5590       | -4.4869       | 19    |
| Best Test Custom Accuracy    | 82.6652       | 48.9276       | 41.0808       | 23    |
+------------------------------+---------------+---------------+---------------+-------+

Exp: 32

Experiment Settings: seq_len-48-lr-0.0002-hid_d-1240-last_d-1144-tok_conv_k-11-dropout-0.1628501086126237-bs-256-norm_type-layer-use_pos_enc-True-num_heads-96-fc_layer_type-mha
Experiment time: 2024-08-10 17:01:15.570032
+------------------------------+---------------+---------------+---------------+-------+
| Metric                       | Training      | Validation    | Test          | Epoch |
+------------------------------+---------------+---------------+---------------+-------+
| Train RMSE                   | 83.3101       | 411.0405      | 385.5128      | 24    |
| Val RMSE                     | 305.5699      | 382.7096      | 373.0974      | 1     |
| Test RMSE                    | 106.4062      | 379.2535      | 372.1065      | 22    |
| Best Train Custom Accuracy   | 84.8053       | 46.7806       | 46.7018       | 24    |
| Best Val Custom Accuracy     | 41.7391       | 42.7235       | 44.3153       | 1     |
| Best Test Custom Accuracy    | 80.3685       | 49.2479       | 52.2154       | 22    |
+------------------------------+---------------+---------------+---------------+-------+

Exp: 33

Experiment Settings: seq_len-42-lr-0.0003-hid_d-1216-last_d-1048-tok_conv_k-9-dropout-0.19482385179981365-bs-256-norm_type-layer-use_pos_enc-True-num_heads-96-fc_layer_type-mha
Experiment time: 2024-08-10 17:02:41.389196
+------------------------------+---------------+---------------+---------------+-------+
| Metric                       | Training      | Validation    | Test          | Epoch |
+------------------------------+---------------+---------------+---------------+-------+
| Train RMSE                   | 87.7991       | 396.8764      | 356.1680      | 19    |
| Val RMSE                     | 110.3622      | 383.1069      | 373.8309      | 20    |
| Test RMSE                    | 114.2672      | 421.8895      | 348.3182      | 18    |
| Best Train Custom Accuracy   | 82.9397       | 50.0790       | 43.9772       | 19    |
| Best Val Custom Accuracy     | 79.1648       | 51.7533       | 43.5792       | 20    |
| Best Test Custom Accuracy    | 79.9686       | 46.9521       | 41.9797       | 18    |
+------------------------------+---------------+---------------+---------------+-------+

Exp: 34

Experiment Settings: seq_len-60-lr-0.0003-hid_d-1192-last_d-1216-tok_conv_k-11-dropout-0.15361242407071057-bs-256-norm_type-batch-use_pos_enc-True-num_heads-96-fc_layer_type-mha
Experiment time: 2024-08-10 17:04:57.359228
+------------------------------+---------------+---------------+---------------+-------+
| Metric                       | Training      | Validation    | Test          | Epoch |
+------------------------------+---------------+---------------+---------------+-------+
| Train RMSE                   | 50.8030       | 381.8142      | 346.4389      | 39    |
| Val RMSE                     | 71.0328       | 390.3094      | 363.1328      | 27    |
| Test RMSE                    | 130.8105      | 421.4301      | 359.6052      | 12    |
| Best Train Custom Accuracy   | 89.6186       | 46.4496       | 38.0995       | 39    |
| Best Val Custom Accuracy     | 86.7054       | 48.0029       | 44.0014       | 27    |
| Best Test Custom Accuracy    | 75.7508       | 41.5585       | 42.2824       | 12    |
+------------------------------+---------------+---------------+---------------+-------+

Exp: 35

Experiment Settings: seq_len-42-lr-0.0001-hid_d-1216-last_d-1240-tok_conv_k-11-dropout-0.20499455668855646-bs-256-norm_type-layer-use_pos_enc-True-num_heads-96-fc_layer_type-mha
Experiment time: 2024-08-10 17:06:28.411514
+------------------------------+---------------+---------------+---------------+-------+
| Metric                       | Training      | Validation    | Test          | Epoch |
+------------------------------+---------------+---------------+---------------+-------+
| Train RMSE                   | 98.6673       | 408.0654      | 395.7248      | 21    |
| Val RMSE                     | 291.8760      | 377.6255      | 377.6974      | 2     |
| Test RMSE                    | 321.0281      | 402.5482      | 354.1953      | 1     |
| Best Train Custom Accuracy   | 81.6558       | 41.3281       | 42.7175       | 21    |
| Best Val Custom Accuracy     | 47.3691       | 43.4996       | 47.1236       | 2     |
| Best Test Custom Accuracy    | 37.0235       | 44.7264       | 40.4296       | 1     |
+------------------------------+---------------+---------------+---------------+-------+

Exp: 36

Experiment Settings: seq_len-60-lr-0.0003-hid_d-1048-last_d-1168-tok_conv_k-9-dropout-0.14118267435052517-bs-256-norm_type-layer-use_pos_enc-True-num_heads-96-fc_layer_type-mha
Experiment time: 2024-08-10 17:08:27.132700
+------------------------------+---------------+---------------+---------------+-------+
| Metric                       | Training      | Validation    | Test          | Epoch |
+------------------------------+---------------+---------------+---------------+-------+
| Train RMSE                   | 95.1291       | 395.0194      | 346.1937      | 21    |
| Val RMSE                     | 288.9451      | 390.0556      | 362.2057      | 1     |
| Test RMSE                    | 121.0987      | 410.1074      | 339.9222      | 15    |
| Best Train Custom Accuracy   | 81.9323       | 46.8484       | 45.5477       | 21    |
| Best Val Custom Accuracy     | 42.7329       | 43.0244       | 51.8619       | 1     |
| Best Test Custom Accuracy    | 76.3531       | 39.6761       | 40.5889       | 15    |
+------------------------------+---------------+---------------+---------------+-------+

Exp: 37

Experiment Settings: seq_len-60-lr-0.0003-hid_d-1168-last_d-1024-tok_conv_k-11-dropout-0.13857501627954677-bs-256-norm_type-layer-use_pos_enc-True-num_heads-96-fc_layer_type-mha
Experiment time: 2024-08-10 17:08:58.714201
+------------------------------+---------------+---------------+---------------+-------+
| Metric                       | Training      | Validation    | Test          | Epoch |
+------------------------------+---------------+---------------+---------------+-------+
| Train RMSE                   | 29.5319       | 366.0235      | 343.3962      | 55    |
| Val RMSE                     | 300.4381      | 392.3984      | 392.8747      | 1     |
| Test RMSE                    | 49.2837       | 364.7456      | 332.4478      | 36    |
| Best Train Custom Accuracy   | 94.3621       | 44.7445       | 40.6401       | 55    |
| Best Val Custom Accuracy     | 42.0779       | 41.1032       | 47.2960       | 1     |
| Best Test Custom Accuracy    | 90.7728       | 46.2283       | 42.2913       | 36    |
+------------------------------+---------------+---------------+---------------+-------+

Exp: 38

Experiment Settings: seq_len-54-lr-0.0003-hid_d-1024-last_d-1048-tok_conv_k-11-dropout-0.1113297490506207-bs-256-norm_type-layer-use_pos_enc-True-num_heads-96-fc_layer_type-mha
Experiment time: 2024-08-10 17:10:12.813074
+------------------------------+---------------+---------------+---------------+-------+
| Metric                       | Training      | Validation    | Test          | Epoch |
+------------------------------+---------------+---------------+---------------+-------+
| Train RMSE                   | 92.5967       | 383.4028      | 358.9405      | 20    |
| Val RMSE                     | 300.4525      | 387.5551      | 362.1383      | 1     |
| Test RMSE                    | 112.7237      | 401.8430      | 346.2798      | 19    |
| Best Train Custom Accuracy   | 82.3420       | 44.0183       | 37.9543       | 20    |
| Best Val Custom Accuracy     | 42.6063       | 30.8628       | 35.5213       | 1     |
| Best Test Custom Accuracy    | 80.9121       | 49.5711       | 49.1587       | 19    |
+------------------------------+---------------+---------------+---------------+-------+

Exp: 39

Experiment Settings: seq_len-60-lr-0.0003-hid_d-1072-last_d-1120-tok_conv_k-11-dropout-0.17421209870403473-bs-256-norm_type-layer-use_pos_enc-True-num_heads-96-fc_layer_type-mha
Experiment time: 2024-08-10 17:11:30.130685
+------------------------------+---------------+---------------+---------------+-------+
| Metric                       | Training      | Validation    | Test          | Epoch |
+------------------------------+---------------+---------------+---------------+-------+
| Train RMSE                   | 92.7549       | 393.7175      | 352.0367      | 20    |
| Val RMSE                     | 298.1615      | 387.1711      | 373.6686      | 1     |
| Test RMSE                    | 98.6349       | 388.4655      | 340.6439      | 19    |
| Best Train Custom Accuracy   | 82.7896       | 43.6239       | 42.3689       | 20    |
| Best Val Custom Accuracy     | 38.6216       | 25.2942       | 31.1709       | 1     |
| Best Test Custom Accuracy    | 79.4002       | 44.4317       | 44.8947       | 19    |
+------------------------------+---------------+---------------+---------------+-------+

Exp: 40

Experiment Settings: seq_len-42-lr-0.0003-hid_d-1168-last_d-1288-tok_conv_k-9-dropout-0.16911325277247177-bs-256-norm_type-layer-use_pos_enc-True-num_heads-96-fc_layer_type-mha
Experiment time: 2024-08-10 17:13:51.614453
+------------------------------+---------------+---------------+---------------+-------+
| Metric                       | Training      | Validation    | Test          | Epoch |
+------------------------------+---------------+---------------+---------------+-------+
| Train RMSE                   | 52.5910       | 381.3950      | 369.4392      | 35    |
| Val RMSE                     | 143.0173      | 366.8859      | 354.4055      | 16    |
| Test RMSE                    | 299.2930      | 375.4891      | 347.9705      | 1     |
| Best Train Custom Accuracy   | 89.9282       | 44.4007       | 38.0618       | 35    |
| Best Val Custom Accuracy     | 66.9293       | 35.4480       | 28.4839       | 16    |
| Best Test Custom Accuracy    | 43.9483       | 41.1515       | 44.0651       | 1     |
+------------------------------+---------------+---------------+---------------+-------+

