Exp: 1

Experiment Settings: seq_len-16-lr-0.01-d-256-hid_d-512-last_d-1024-time_d-64-e_layers-4-token_emb_kernel_size-5-dropout-0.4-comb_type-add-bs-256
Experiment time: 2024-08-05 23:13:12.415240
+------------------------------+---------------+---------------+---------------+-------+
| Metric                       | Training      | Validation    | Test          | Epoch |
+------------------------------+---------------+---------------+---------------+-------+
| Train RMSE                   | 51.9339       | 3900013109313536.0000 | 854451799719936.0000 | 34    |
| Val RMSE                     | 115.6753      | 1142270443126784.0000 | 263530452353024.0000 | 17    |
| Test RMSE                    | 183.4908      | 122310526763008.0000 | 33226546479104.0000 | 14    |
| Best Train Custom Accuracy   | 90.3605       | -232653932462080.0000 | -85371694088192.0000 | 34    |
| Best Val Custom Accuracy     | 81.0596       | -76168862629888.0000 | -27745104953344.0000 | 17    |
| Best Test Custom Accuracy    | 72.1316       | -7399437500416.0000 | -3159366828032.0000 | 14    |
+------------------------------+---------------+---------------+---------------+-------+

Exp: 2

Experiment Settings: seq_len-16-lr-0.01-d-256-hid_d-512-last_d-1024-time_d-64-e_layers-4-token_emb_kernel_size-5-dropout-0.4-comb_type-add-bs-256
Experiment time: 2024-08-05 23:13:25.067495
+------------------------------+---------------+---------------+---------------+-------+
| Metric                       | Training      | Validation    | Test          | Epoch |
+------------------------------+---------------+---------------+---------------+-------+
| Train RMSE                   | 40.5269       | 2747656740798464.0000 | 631646546034688.0000 | 39    |
| Val RMSE                     | 157.3876      | 342339495133184.0000 | 77950602969088.0000 | 8     |
| Test RMSE                    | 157.3876      | 342339495133184.0000 | 77950602969088.0000 | 8     |
| Best Train Custom Accuracy   | 92.7100       | -173808149331968.0000 | -67610582450176.0000 | 39    |
| Best Val Custom Accuracy     | 72.9496       | -21462190653440.0000 | -7196485091328.0000 | 8     |
| Best Test Custom Accuracy    | 72.9496       | -21462190653440.0000 | -7196485091328.0000 | 8     |
+------------------------------+---------------+---------------+---------------+-------+

Exp: 3

Experiment Settings: seq_len-16-lr-0.01-d-256-hid_d-512-last_d-1024-time_d-64-e_layers-4-token_emb_kernel_size-5-dropout-0.4-comb_type-add-bs-256
Experiment time: 2024-08-05 23:15:37.334355
+------------------------------+---------------+---------------+---------------+-------+
| Metric                       | Training      | Validation    | Test          | Epoch |
+------------------------------+---------------+---------------+---------------+-------+
| Train RMSE                   | 50.2814       | 1664071791280128.0000 | 393031651950592.0000 | 27    |
| Val RMSE                     | 133.4890      | 573.7441      | 600.7597      | 9     |
| Test RMSE                    | 133.4890      | 573.7441      | 600.7597      | 9     |
| Best Train Custom Accuracy   | 90.5670       | -107579518746624.0000 | -43283728302080.0000 | 27    |
| Best Val Custom Accuracy     | 75.5752       | 30.7181       | 24.8013       | 9     |
| Best Test Custom Accuracy    | 75.5752       | 30.7181       | 24.8013       | 9     |
+------------------------------+---------------+---------------+---------------+-------+

Exp: 4

Experiment Settings: seq_len-16-lr-0.01-d-256-hid_d-512-last_d-1024-time_d-64-e_layers-4-token_emb_kernel_size-5-dropout-0.4-comb_type-add-bs-256
Experiment time: 2024-08-05 23:16:45.417111
+------------------------------+---------------+---------------+---------------+-------+
| Metric                       | Training      | Validation    | Test          | Epoch |
+------------------------------+---------------+---------------+---------------+-------+
| Train RMSE                   | 52.6933       | 2174300752707584.0000 | 494705339006976.0000 | 29    |
| Val RMSE                     | 238.1300      | 580.0049      | 600.7597      | 8     |
| Test RMSE                    | 238.1300      | 580.0049      | 600.7597      | 8     |
| Best Train Custom Accuracy   | 90.6181       | -134730104176640.0000 | -51905652850688.0000 | 29    |
| Best Val Custom Accuracy     | 64.2752       | 29.1809       | 24.8013       | 8     |
| Best Test Custom Accuracy    | 64.2752       | 29.1809       | 24.8013       | 8     |
+------------------------------+---------------+---------------+---------------+-------+

Exp: 5

Experiment Settings: seq_len-16-lr-0.01-d-256-hid_d-512-last_d-1024-time_d-64-e_layers-4-token_emb_kernel_size-11-dropout-0.4-comb_type-add-bs-256
Experiment time: 2024-08-05 23:19:16.112354
+------------------------------+---------------+---------------+---------------+-------+
| Metric                       | Training      | Validation    | Test          | Epoch |
+------------------------------+---------------+---------------+---------------+-------+
| Train RMSE                   | 45.7499       | 609.4097      | 1004.7133     | 29    |
| Val RMSE                     | 55.5761       | 522.3568      | 633.5137      | 22    |
| Test RMSE                    | 57.7728       | 528.3108      | 584.0110      | 21    |
| Best Train Custom Accuracy   | 91.2681       | 0.6444        | -121.6745     | 29    |
| Best Val Custom Accuracy     | 89.2130       | 26.6181       | -33.1903      | 22    |
| Best Test Custom Accuracy    | 89.6342       | 28.3951       | -13.7733      | 21    |
+------------------------------+---------------+---------------+---------------+-------+

