Exp: 1

Experiment Settings: seq_len-8-lr-0.01-d-16-hid_d-32-last_d-16-time_d-128-e_layers-2-token_conv_kernel-7-dropout-0.1-comb_type-add-bs-1100
Experiment time: 2024-07-24 22:20:55.977838
+------------------------------+---------------+---------------+---------------+-------+
| Metric                       | Training      | Validation    | Test          | Epoch |
+------------------------------+---------------+---------------+---------------+-------+
| Train RMSE                   | 287.8180      | 411.6569      | 369.7874      | 2     |
| Val RMSE                     | 287.8180      | 411.6569      | 369.7874      | 2     |
| Test RMSE                    | 287.8180      | 411.6569      | 369.7874      | 2     |
| Best Train Custom Accuracy   | -11.0102      | -24.3618      | -56.3547      | 2     |
| Best Val Custom Accuracy     | -11.0102      | -24.3618      | -56.3547      | 2     |
| Best Test Custom Accuracy    | -11.0102      | -24.3618      | -56.3547      | 2     |
+------------------------------+---------------+---------------+---------------+-------+

Exp: 2

Experiment Settings: seq_len-8-lr-0.01-d-16-hid_d-32-last_d-16-time_d-128-e_layers-2-token_conv_kernel-7-dropout-0.1-comb_type-add-bs-1100
Experiment time: 2024-07-24 22:21:10.324145
+------------------------------+---------------+---------------+---------------+-------+
| Metric                       | Training      | Validation    | Test          | Epoch |
+------------------------------+---------------+---------------+---------------+-------+
| Train RMSE                   | 287.8180      | 411.6569      | 369.7874      | 2     |
| Val RMSE                     | 287.8180      | 411.6569      | 369.7874      | 2     |
| Test RMSE                    | 287.8180      | 411.6569      | 369.7874      | 2     |
| Best Train Custom Accuracy   | -11.0102      | -24.3618      | -56.3547      | 2     |
| Best Val Custom Accuracy     | -11.0102      | -24.3618      | -56.3547      | 2     |
| Best Test Custom Accuracy    | -11.0102      | -24.3618      | -56.3547      | 2     |
+------------------------------+---------------+---------------+---------------+-------+

Exp: 3

Experiment Settings: seq_len-8-lr-0.01-d-16-hid_d-32-last_d-16-time_d-128-e_layers-2-token_conv_kernel-3-dropout-0.1-comb_type-add-bs-1100
Experiment time: 2024-07-24 23:10:17.870822
+------------------------------+---------------+---------------+---------------+-------+
| Metric                       | Training      | Validation    | Test          | Epoch |
+------------------------------+---------------+---------------+---------------+-------+
| Train RMSE                   | 145.8879      | 449.1030      | 425.0399      | 19    |
| Val RMSE                     | 283.5285      | 379.8394      | 376.9408      | 6     |
| Test RMSE                    | 268.4156      | 381.3314      | 379.7514      | 7     |
| Best Train Custom Accuracy   | 51.9318       | -69.0337      | -85.8545      | 19    |
| Best Val Custom Accuracy     | -4.2974       | -38.6165      | -80.0824      | 6     |
| Best Test Custom Accuracy    | -2.4080       | -47.0789      | -98.4780      | 7     |
+------------------------------+---------------+---------------+---------------+-------+

