Exp: 1

Experiment Settings: seq_len-20-lr-0.063-d-466-hid_d-554-last_d-938-time_d-64-e_layers-9-token_emb_kernel_size-8-dropout-0.67-comb_type-add-bs-1024
Experiment time: 2024-08-02 10:42:59.364624
+------------------------------+---------------+---------------+---------------+-------+
| Metric                       | Training      | Validation    | Test          | Epoch |
+------------------------------+---------------+---------------+---------------+-------+
| Train RMSE                   | 32508.1348    | 76378.7969    | 82386.4844    | 19    |
| Val RMSE                     | 43071.8555    | 101194.2734   | 106782.2891   | 20    |
| Test RMSE                    | 50764.5430    | 85779.5625    | 84767.8750    | 10    |
| Best Train Custom Accuracy   | 66.1469       | 27.5346       | 5.8909        | 19    |
| Best Val Custom Accuracy     | 58.0908       | -24.1543      | -37.5151      | 20    |
| Best Test Custom Accuracy    | 47.9046       | 15.1492       | -7.6429       | 10    |
+------------------------------+---------------+---------------+---------------+-------+

Exp: 2

Experiment Settings: seq_len-20-lr-0.041-d-382-hid_d-1026-last_d-680-time_d-64-e_layers-12-token_emb_kernel_size-9-dropout-0.45-comb_type-add-bs-128
Experiment time: 2024-08-02 10:43:13.331936
+------------------------------+---------------+---------------+---------------+-------+
| Metric                       | Training      | Validation    | Test          | Epoch |
+------------------------------+---------------+---------------+---------------+-------+
| Train RMSE                   | 29185.5957    | 72408.7656    | 73805.2031    | 15    |
| Val RMSE                     | 51588.8125    | 71475.0000    | 68443.1797    | 1     |
| Test RMSE                    | 41931.3906    | 74067.4219    | 64531.5781    | 2     |
| Best Train Custom Accuracy   | 67.3240       | 28.1447       | 22.9623       | 15    |
| Best Val Custom Accuracy     | 46.0133       | 49.6693       | 51.2878       | 1     |
| Best Test Custom Accuracy    | 54.7270       | 32.8530       | 31.9261       | 2     |
+------------------------------+---------------+---------------+---------------+-------+

Exp: 3

Experiment Settings: seq_len-28-lr-0.072-d-442-hid_d-778-last_d-656-time_d-128-e_layers-11-token_emb_kernel_size-14-dropout-0.5900000000000001-comb_type-add-bs-128
Experiment time: 2024-08-02 10:46:22.242036
+------------------------------+---------------+---------------+---------------+-------+
| Metric                       | Training      | Validation    | Test          | Epoch |
+------------------------------+---------------+---------------+---------------+-------+
| Train RMSE                   | 26275.1934    | 81158.5547    | 78898.2422    | 13    |
| Val RMSE                     | 65756.8438    | 101634.3359   | 94350.8594    | 1     |
| Test RMSE                    | 37030.4453    | 78022.6797    | 71401.5469    | 4     |
| Best Train Custom Accuracy   | 73.2620       | 21.7487       | 24.8100       | 13    |
| Best Val Custom Accuracy     | 41.1551       | 1.6337        | -21.0654      | 1     |
| Best Test Custom Accuracy    | 62.7803       | 38.0340       | 35.1960       | 4     |
+------------------------------+---------------+---------------+---------------+-------+

Exp: 4

Experiment Settings: seq_len-16-lr-0.032-d-400-hid_d-722-last_d-854-time_d-128-e_layers-14-token_emb_kernel_size-8-dropout-0.5700000000000001-comb_type-add-bs-128
Experiment time: 2024-08-02 10:46:25.837675
+------------------------------+---------------+---------------+---------------+-------+
| Metric                       | Training      | Validation    | Test          | Epoch |
+------------------------------+---------------+---------------+---------------+-------+
| Train RMSE                   | 29882.0918    | 74999.2812    | 73807.9219    | 10    |
| Val RMSE                     | 62862.2578    | 91751.3750    | 96799.7188    | 1     |
| Test RMSE                    | 35628.7852    | 76489.3281    | 68351.8203    | 3     |
| Best Train Custom Accuracy   | 66.6791       | 34.8489       | 31.1078       | 10    |
| Best Val Custom Accuracy     | 37.4847       | 37.0165       | 30.5520       | 1     |
| Best Test Custom Accuracy    | 64.0171       | 39.8814       | 22.9496       | 3     |
+------------------------------+---------------+---------------+---------------+-------+

Exp: 5

Experiment Settings: seq_len-16-lr-0.028-d-274-hid_d-734-last_d-722-time_d-256-e_layers-12-token_emb_kernel_size-8-dropout-0.55-comb_type-add-bs-128
Experiment time: 2024-08-02 10:50:51.614896
+------------------------------+---------------+---------------+---------------+-------+
| Metric                       | Training      | Validation    | Test          | Epoch |
+------------------------------+---------------+---------------+---------------+-------+
| Train RMSE                   | 28138.2637    | 77577.3281    | 94121.8672    | 8     |
| Val RMSE                     | 49718.1328    | 78835.6484    | 73256.8516    | 1     |
| Test RMSE                    | 49718.1328    | 78835.6484    | 73256.8516    | 1     |
| Best Train Custom Accuracy   | 67.5464       | 13.4104       | -10.7627      | 8     |
| Best Val Custom Accuracy     | 51.2592       | 44.7590       | 42.5049       | 1     |
| Best Test Custom Accuracy    | 51.2592       | 44.7590       | 42.5049       | 1     |
+------------------------------+---------------+---------------+---------------+-------+

Exp: 6

Experiment Settings: seq_len-20-lr-0.092-d-200-hid_d-822-last_d-720-time_d-256-e_layers-13-token_emb_kernel_size-11-dropout-0.5900000000000001-comb_type-add-bs-128
Experiment time: 2024-08-02 10:54:30.754318
+------------------------------+---------------+---------------+---------------+-------+
| Metric                       | Training      | Validation    | Test          | Epoch |
+------------------------------+---------------+---------------+---------------+-------+
| Train RMSE                   | 33356.5039    | 74221.3281    | 75407.9453    | 10    |
| Val RMSE                     | 56783.1602    | 77141.9141    | 69462.0391    | 1     |
| Test RMSE                    | 43417.6094    | 74683.5156    | 66762.0859    | 4     |
| Best Train Custom Accuracy   | 64.3982       | 23.7173       | 10.4903       | 10    |
| Best Val Custom Accuracy     | 47.8149       | 39.3522       | 43.8913       | 1     |
| Best Test Custom Accuracy    | 55.3363       | 36.8593       | 35.6589       | 4     |
+------------------------------+---------------+---------------+---------------+-------+

Exp: 7

Experiment Settings: seq_len-24-lr-0.029-d-298-hid_d-654-last_d-868-time_d-64-e_layers-12-token_emb_kernel_size-11-dropout-0.51-comb_type-add-bs-128
Experiment time: 2024-08-02 10:57:10.834770
+------------------------------+---------------+---------------+---------------+-------+
| Metric                       | Training      | Validation    | Test          | Epoch |
+------------------------------+---------------+---------------+---------------+-------+
| Train RMSE                   | 26626.7578    | 80602.8516    | 80521.1016    | 13    |
| Val RMSE                     | 76356.4609    | 82826.9219    | 83785.9453    | 1     |
| Test RMSE                    | 39837.1016    | 74918.9688    | 67323.5859    | 5     |
| Best Train Custom Accuracy   | 72.0438       | 23.0102       | 10.8808       | 13    |
| Best Val Custom Accuracy     | 43.7211       | 44.0553       | 44.2939       | 1     |
| Best Test Custom Accuracy    | 59.1243       | 42.8791       | 36.6435       | 5     |
+------------------------------+---------------+---------------+---------------+-------+

Exp: 8

Experiment Settings: seq_len-28-lr-0.143-d-378-hid_d-834-last_d-772-time_d-128-e_layers-15-token_emb_kernel_size-8-dropout-0.5700000000000001-comb_type-add-bs-128
Experiment time: 2024-08-02 11:02:16.063359
+------------------------------+---------------+---------------+---------------+-------+
| Metric                       | Training      | Validation    | Test          | Epoch |
+------------------------------+---------------+---------------+---------------+-------+
| Train RMSE                   | 35101.3906    | 81614.3281    | 85240.4531    | 10    |
| Val RMSE                     | 88525.9531    | 83259.2422    | 83505.0312    | 1     |
| Test RMSE                    | 44688.6367    | 73524.2109    | 71632.6172    | 5     |
| Best Train Custom Accuracy   | 68.2137       | 38.5312       | 18.8700       | 10    |
| Best Val Custom Accuracy     | -2.1194       | 13.5847       | 1.8691        | 1     |
| Best Test Custom Accuracy    | 57.7706       | 41.6424       | 41.6859       | 5     |
+------------------------------+---------------+---------------+---------------+-------+

Exp: 9

Experiment Settings: seq_len-20-lr-0.015-d-186-hid_d-816-last_d-666-time_d-256-e_layers-12-token_emb_kernel_size-11-dropout-0.64-comb_type-add-bs-1024
Experiment time: 2024-08-02 11:02:47.700930
+------------------------------+---------------+---------------+---------------+-------+
| Metric                       | Training      | Validation    | Test          | Epoch |
+------------------------------+---------------+---------------+---------------+-------+
| Train RMSE                   | 34169.0664    | 86961.9141    | 96351.4688    | 19    |
| Val RMSE                     | 139622.3281   | 95462.9062    | 88472.1094    | 1     |
| Test RMSE                    | 139622.3281   | 95462.9062    | 88472.1094    | 1     |
| Best Train Custom Accuracy   | 69.3704       | 9.1541        | -7.2042       | 19    |
| Best Val Custom Accuracy     | -5.5639       | 35.0514       | 30.4368       | 1     |
| Best Test Custom Accuracy    | -5.5639       | 35.0514       | 30.4368       | 1     |
+------------------------------+---------------+---------------+---------------+-------+

Exp: 10

Experiment Settings: seq_len-28-lr-0.036-d-348-hid_d-700-last_d-722-time_d-256-e_layers-14-token_emb_kernel_size-9-dropout-0.52-comb_type-add-bs-128
Experiment time: 2024-08-02 11:09:18.901007
+------------------------------+---------------+---------------+---------------+-------+
| Metric                       | Training      | Validation    | Test          | Epoch |
+------------------------------+---------------+---------------+---------------+-------+
| Train RMSE                   | 26352.8008    | 82712.1016    | 95654.3438    | 9     |
| Val RMSE                     | 52210.8789    | 79790.6719    | 93375.6797    | 1     |
| Test RMSE                    | 52210.8789    | 79790.6719    | 93375.6797    | 1     |
| Best Train Custom Accuracy   | 71.4889       | -4.5561       | -25.9162      | 9     |
| Best Val Custom Accuracy     | 39.1974       | 8.9770        | -31.9023      | 1     |
| Best Test Custom Accuracy    | 39.1974       | 8.9770        | -31.9023      | 1     |
+------------------------------+---------------+---------------+---------------+-------+

Exp: 11

Experiment Settings: seq_len-24-lr-0.028-d-424-hid_d-704-last_d-726-time_d-256-e_layers-13-token_emb_kernel_size-8-dropout-0.54-comb_type-add-bs-128
Experiment time: 2024-08-02 11:09:51.198536
+------------------------------+---------------+---------------+---------------+-------+
| Metric                       | Training      | Validation    | Test          | Epoch |
+------------------------------+---------------+---------------+---------------+-------+
| Train RMSE                   | 28440.7188    | 83428.1250    | 82141.9922    | 8     |
| Val RMSE                     | 89046.1484    | 80792.2734    | 70383.7812    | 1     |
| Test RMSE                    | 89046.1484    | 80792.2734    | 70383.7812    | 1     |
| Best Train Custom Accuracy   | 71.4867       | 22.1267       | 23.6139       | 8     |
| Best Val Custom Accuracy     | 30.0638       | 37.0011       | 35.7122       | 1     |
| Best Test Custom Accuracy    | 30.0638       | 37.0011       | 35.7122       | 1     |
+------------------------------+---------------+---------------+---------------+-------+

Exp: 12

Experiment Settings: seq_len-28-lr-0.05-d-340-hid_d-702-last_d-776-time_d-128-e_layers-12-token_emb_kernel_size-10-dropout-0.48000000000000004-comb_type-add-bs-512
Experiment time: 2024-08-02 11:13:56.972832
+------------------------------+---------------+---------------+---------------+-------+
| Metric                       | Training      | Validation    | Test          | Epoch |
+------------------------------+---------------+---------------+---------------+-------+
| Train RMSE                   | 30815.4297    | 100052.5547   | 94294.9844    | 14    |
| Val RMSE                     | 43153.8867    | 93518.5156    | 83869.4062    | 6     |
| Test RMSE                    | 43153.8867    | 93518.5156    | 83869.4062    | 6     |
| Best Train Custom Accuracy   | 67.5617       | -13.6838      | -9.9138       | 14    |
| Best Val Custom Accuracy     | 57.0294       | 31.8385       | 33.9918       | 6     |
| Best Test Custom Accuracy    | 57.0294       | 31.8385       | 33.9918       | 6     |
+------------------------------+---------------+---------------+---------------+-------+

Exp: 13

Experiment Settings: seq_len-16-lr-0.05-d-324-hid_d-694-last_d-690-time_d-64-e_layers-9-token_emb_kernel_size-9-dropout-0.56-comb_type-add-bs-256
Experiment time: 2024-08-02 11:18:04.358042
+------------------------------+---------------+---------------+---------------+-------+
| Metric                       | Training      | Validation    | Test          | Epoch |
+------------------------------+---------------+---------------+---------------+-------+
| Train RMSE                   | 20251.4395    | 74485.2031    | 75454.2969    | 22    |
| Val RMSE                     | 134782.8906   | 107446.6562   | 75409.0156    | 1     |
| Test RMSE                    | 37577.0703    | 72712.7344    | 67940.4609    | 4     |
| Best Train Custom Accuracy   | 79.1920       | 47.5824       | 41.3133       | 22    |
| Best Val Custom Accuracy     | 9.9910        | 18.8957       | 28.0689       | 1     |
| Best Test Custom Accuracy    | 61.0252       | 41.9163       | 38.5744       | 4     |
+------------------------------+---------------+---------------+---------------+-------+

Exp: 14

Experiment Settings: seq_len-24-lr-0.03-d-192-hid_d-906-last_d-670-time_d-128-e_layers-15-token_emb_kernel_size-10-dropout-0.47000000000000003-comb_type-add-bs-128
Experiment time: 2024-08-02 11:29:39.103062
+------------------------------+---------------+---------------+---------------+-------+
| Metric                       | Training      | Validation    | Test          | Epoch |
+------------------------------+---------------+---------------+---------------+-------+
| Train RMSE                   | 33294.0195    | 81171.7500    | 83297.2734    | 8     |
| Val RMSE                     | 50621.2578    | 73003.5469    | 71154.9453    | 1     |
| Test RMSE                    | 50621.2578    | 73003.5469    | 71154.9453    | 1     |
| Best Train Custom Accuracy   | 64.3845       | 9.9029        | -2.2728       | 8     |
| Best Val Custom Accuracy     | 51.0161       | 39.4725       | 34.5854       | 1     |
| Best Test Custom Accuracy    | 51.0161       | 39.4725       | 34.5854       | 1     |
+------------------------------+---------------+---------------+---------------+-------+

Exp: 15

Experiment Settings: seq_len-16-lr-0.03-d-276-hid_d-756-last_d-820-time_d-128-e_layers-17-token_emb_kernel_size-9-dropout-0.55-comb_type-add-bs-512
Experiment time: 2024-08-02 11:33:17.243407
+------------------------------+---------------+---------------+---------------+-------+
| Metric                       | Training      | Validation    | Test          | Epoch |
+------------------------------+---------------+---------------+---------------+-------+
| Train RMSE                   | 19263.1953    | 82938.6250    | 88972.3672    | 26    |
| Val RMSE                     | 3988703.5000  | 959980.3750   | 732724.7500   | 1     |
| Test RMSE                    | 3988703.5000  | 959980.3750   | 732724.7500   | 1     |
| Best Train Custom Accuracy   | 80.8046       | 26.9941       | 17.5307       | 26    |
| Best Val Custom Accuracy     | -2678.8386    | -491.3131     | -488.8377     | 1     |
| Best Test Custom Accuracy    | -2678.8386    | -491.3131     | -488.8377     | 1     |
+------------------------------+---------------+---------------+---------------+-------+

Exp: 16

Experiment Settings: seq_len-20-lr-0.03-d-222-hid_d-766-last_d-848-time_d-64-e_layers-13-token_emb_kernel_size-12-dropout-0.43000000000000005-comb_type-add-bs-512
Experiment time: 2024-08-02 11:34:34.622936
+------------------------------+---------------+---------------+---------------+-------+
| Metric                       | Training      | Validation    | Test          | Epoch |
+------------------------------+---------------+---------------+---------------+-------+
| Train RMSE                   | 18516.8438    | 86594.5938    | 106441.7812   | 30    |
| Val RMSE                     | 26470.5039    | 85842.4922    | 98477.6406    | 21    |
| Test RMSE                    | 26470.5039    | 85842.4922    | 98477.6406    | 21    |
| Best Train Custom Accuracy   | 80.6860       | -10.0003      | -48.7714      | 30    |
| Best Val Custom Accuracy     | 72.4250       | 2.7434        | -30.7500      | 21    |
| Best Test Custom Accuracy    | 72.4250       | 2.7434        | -30.7500      | 21    |
+------------------------------+---------------+---------------+---------------+-------+

Exp: 17

Experiment Settings: seq_len-24-lr-0.08-d-244-hid_d-1018-last_d-1008-time_d-128-e_layers-16-token_emb_kernel_size-15-dropout-0.79-comb_type-add-bs-256
Experiment time: 2024-08-02 11:37:35.885387
+------------------------------+---------------+---------------+---------------+-------+
| Metric                       | Training      | Validation    | Test          | Epoch |
+------------------------------+---------------+---------------+---------------+-------+
| Train RMSE                   | 39373.5117    | 76687.6172    | 79201.9219    | 8     |
| Val RMSE                     | 109973.1406   | 86938.4609    | 78256.8516    | 15    |
| Test RMSE                    | 56127.5703    | 69865.7969    | 71696.5781    | 14    |
| Best Train Custom Accuracy   | 59.3387       | 37.9668       | 32.4030       | 8     |
| Best Val Custom Accuracy     | 16.6134       | 10.1652       | 17.0521       | 15    |
| Best Test Custom Accuracy    | 36.6756       | 30.9254       | 19.9332       | 14    |
+------------------------------+---------------+---------------+---------------+-------+

Exp: 18

Experiment Settings: seq_len-24-lr-0.153-d-354-hid_d-928-last_d-570-time_d-128-e_layers-13-token_emb_kernel_size-12-dropout-0.75-comb_type-add-bs-128
Experiment time: 2024-08-02 11:41:12.078499
+------------------------------+---------------+---------------+---------------+-------+
| Metric                       | Training      | Validation    | Test          | Epoch |
+------------------------------+---------------+---------------+---------------+-------+
| Train RMSE                   | 37667.5117    | 80094.4219    | 76833.9922    | 5     |
| Val RMSE                     | 55458.8125    | 77473.2578    | 81624.8281    | 1     |
| Test RMSE                    | 42060.6953    | 71989.5938    | 64825.9062    | 4     |
| Best Train Custom Accuracy   | 61.7524       | 39.8934       | 37.2747       | 5     |
| Best Val Custom Accuracy     | 53.4534       | 51.9143       | 48.2147       | 1     |
| Best Test Custom Accuracy    | 56.3324       | 42.6187       | 36.6363       | 4     |
+------------------------------+---------------+---------------+---------------+-------+

