[I 2024-08-23 03:19:48,280] Using an existing study with name '24-08-23-test-farm_66' instead of creating a new one.
Creating study "24-08-23-test-farm_66" with storage "sqlite:////data/Pein/Pytorch/Wind-Power-Prediction/optuna_results/24-08-23-test/24-08-23-test-farm_66.db?mode=wal"...
Using sampler cma with seed 78544
Using sampler : CmaEsSampler, pruner : <optuna.pruners._median.MedianPruner object at 0x7fae7b646110>
  0%|          | 0/4 [00:00<?, ?it/s]/opt/conda/envs/Pein_310/lib/python3.10/site-packages/optuna/distributions.py:700: UserWarning: The distribution is specified by [4, 8] and step=8, but the range is not divisible by `step`. It will be replaced by [4, 4].
  warnings.warn(
Seed set to 17
GPU available: True (cuda), used: True
TPU available: False, using: 0 TPU cores
HPU available: False, using: 0 HPUs
You are using a CUDA device ('NVIDIA A100 80GB PCIe') that has Tensor Cores. To properly utilize them, you should set `torch.set_float32_matmul_precision('medium' | 'high')` which will trade-off precision for performance. For more details, read https://pytorch.org/docs/stable/generated/torch.set_float32_matmul_precision.html#torch.set_float32_matmul_precision
LOCAL_RANK: 0 - CUDA_VISIBLE_DEVICES: [1]

  | Name      | Type    | Params | Mode 
----------------------------------------------
0 | model     | Model   | 751 K  | train
1 | criterion | MSELoss | 0      | train
----------------------------------------------
751 K     Trainable params
0         Non-trainable params
751 K     Total params
3.005     Total estimated model params size (MB)
103       Modules in train mode
0         Modules in eval mode
