Running experiment with config: Namespace(seed=17, is_training=1, task_name='default', des='test', comment='debug', log_output_dir='/data3/lsf/Pein/Power-Prediction/log_output/debug', output_dir='/data3/lsf/Pein/Power-Prediction/output/debug', final_best_metrics_log_path='/data3/lsf/Pein/Power-Prediction/final_best_metrics.log', data_root_dir='/data3/lsf/Pein/Power-Prediction/data', train_path='train_data_89_withTime.csv', test_path='train_data_89_withTime.csv', train_val_split=0.2, target='power', inverse=True, num_workers=8, data='WindPower', model='SimpleMLP', input_dim=75, dec_in=75, output_dim=1, d_model=32, n_heads=4, e_layers=2, d_layers=1, hidden_dim=64, last_hidden_dim=32, top_k=5, num_kernels=6, activation='gelu', time_d_model=32, combine_type='add', seq_len=8, pred_len=1, exp_settings='seq_len-8-lr-0.3-d-32-hid_d-64-last_d-32-time_d-32-e_layers-2-comb_type-add-bs-1100', gradient_clip_val=2, train_epochs=100, batch_size=1100, early_stop_patience=15, learning_rate=0.3, loss='MSE', lradj='TST', pct_start=0.2, use_amp=False, moving_avg=25, dropout=0.1, decomp_method='moving_avg', use_norm=1, down_sampling_layers=2, down_sampling_window=2, down_sampling_method='avg', scheduler_type='OneCycleLR', T_max=20, weight_decay=0.0001, patience=5, Reduce_factor=0.2, use_gpu=True, gpu=1, use_multi_gpu=False, use_all_gpus_for_search=True, min_y_value=0.0)


min_y_value has been set to 0.0

/home/lsf/anaconda3/envs/Pein_310/lib/python3.10/site-packages/lightning_fabric/plugins/environments/slurm.py:204: The `srun` command is available on your system but is not used. HINT: If your intention is to run Lightning on SLURM, prepend your python command with `srun` like so: srun python /data3/lsf/Pein/Power-Prediction/run_scripts/run_exp ...
/home/lsf/anaconda3/envs/Pein_310/lib/python3.10/site-packages/pytorch_lightning/loops/fit_loop.py:298: The number of training batches (11) is smaller than the logging interval Trainer(log_every_n_steps=1100). Set a lower value for log_every_n_steps if you want to see logs for the training epoch.
Epoch 1:
val loss improved to 0.33148
test loss improved to 0.78171
train loss: inf | val loss: 0.33148 | test loss: 0.78171

Experiment Settings: seq_len-8-lr-0.3-d-32-hid_d-64-last_d-32-time_d-32-e_layers-2-comb_type-add-bs-1100
+------------------------------+---------------+---------------+---------------+-------+
| Metric                       | Training      | Validation    | Test          | Epoch |
+------------------------------+---------------+---------------+---------------+-------+
| Train RMSE                   | inf           | inf           | inf           | -1    |
| Val RMSE                     | 489.0008      | 624.6489      | 519.3833      | 1     |
| Test RMSE                    | 489.0008      | 624.6489      | 519.3833      | 1     |
| Best Train Custom Accuracy   | inf           |               |               | -1    |
| Best Val Custom Accuracy     |               | 14.0424       |               | 1     |
| Best Test Custom Accuracy    |               |               | 14.3746       | 1     |
+------------------------------+---------------+---------------+---------------+-------+
Epoch 2:
train loss improved to 0.19538
test loss improved to 0.36918
train loss: 0.19538 | val loss: 0.33148 | test loss: 0.36918

Experiment Settings: seq_len-8-lr-0.3-d-32-hid_d-64-last_d-32-time_d-32-e_layers-2-comb_type-add-bs-1100
+------------------------------+---------------+---------------+---------------+-------+
| Metric                       | Training      | Validation    | Test          | Epoch |
+------------------------------+---------------+---------------+---------------+-------+
| Train RMSE                   | 538.0738      | 473.7877      | 526.3043      | 2     |
| Val RMSE                     | 489.0008      | 624.6489      | 519.3833      | 1     |
| Test RMSE                    | 538.0738      | 473.7877      | 526.3043      | 2     |
| Best Train Custom Accuracy   | -54.1584      |               |               | 2     |
| Best Val Custom Accuracy     |               | 14.0424       |               | 1     |
| Best Test Custom Accuracy    |               |               | -24.5974      | 2     |
+------------------------------+---------------+---------------+---------------+-------+
Epoch 3:
train loss improved to 0.03982
val loss improved to 0.09529
test loss improved to 0.09947
train loss: 0.03982 | val loss: 0.09529 | test loss: 0.09947

Experiment Settings: seq_len-8-lr-0.3-d-32-hid_d-64-last_d-32-time_d-32-e_layers-2-comb_type-add-bs-1100
+------------------------------+---------------+---------------+---------------+-------+
| Metric                       | Training      | Validation    | Test          | Epoch |
+------------------------------+---------------+---------------+---------------+-------+
| Train RMSE                   | 523.7200      | 476.0412      | 514.9930      | 3     |
| Val RMSE                     | 523.7200      | 476.0412      | 514.9930      | 3     |
| Test RMSE                    | 523.7200      | 476.0412      | 514.9930      | 3     |
| Best Train Custom Accuracy   | -140.7581     |               |               | 3     |
| Best Val Custom Accuracy     |               | -173.2483     |               | 3     |
| Best Test Custom Accuracy    |               |               | -97.8250      | 3     |
+------------------------------+---------------+---------------+---------------+-------+
Epoch 4:
train loss improved to 0.02669
val loss improved to 0.07048
test loss improved to 0.08255
train loss: 0.02669 | val loss: 0.07048 | test loss: 0.08255

Experiment Settings: seq_len-8-lr-0.3-d-32-hid_d-64-last_d-32-time_d-32-e_layers-2-comb_type-add-bs-1100
+------------------------------+---------------+---------------+---------------+-------+
| Metric                       | Training      | Validation    | Test          | Epoch |
+------------------------------+---------------+---------------+---------------+-------+
| Train RMSE                   | 554.8628      | 486.8347      | 542.3787      | 4     |
| Val RMSE                     | 554.8628      | 486.8347      | 542.3787      | 4     |
| Test RMSE                    | 554.8628      | 486.8347      | 542.3787      | 4     |
| Best Train Custom Accuracy   | -45.2810      |               |               | 4     |
| Best Val Custom Accuracy     |               | -10.6034      |               | 4     |
| Best Test Custom Accuracy    |               |               | -18.1731      | 4     |
+------------------------------+---------------+---------------+---------------+-------+
Epoch 5:
train loss improved to 0.02308
train loss: 0.02308 | val loss: 0.07048 | test loss: 0.08255

Experiment Settings: seq_len-8-lr-0.3-d-32-hid_d-64-last_d-32-time_d-32-e_layers-2-comb_type-add-bs-1100
+------------------------------+---------------+---------------+---------------+-------+
| Metric                       | Training      | Validation    | Test          | Epoch |
+------------------------------+---------------+---------------+---------------+-------+
| Train RMSE                   | 326.4937      | 412.4546      | 346.0942      | 5     |
| Val RMSE                     | 554.8628      | 486.8347      | 542.3787      | 4     |
| Test RMSE                    | 554.8628      | 486.8347      | 542.3787      | 4     |
| Best Train Custom Accuracy   | -47.5719      |               |               | 5     |
| Best Val Custom Accuracy     |               | -10.6034      |               | 4     |
| Best Test Custom Accuracy    |               |               | -18.1731      | 4     |
+------------------------------+---------------+---------------+---------------+-------+
Epoch 6:
train loss improved to 0.02081
val loss improved to 0.05408
test loss improved to 0.04520
train loss: 0.02081 | val loss: 0.05408 | test loss: 0.04520

Experiment Settings: seq_len-8-lr-0.3-d-32-hid_d-64-last_d-32-time_d-32-e_layers-2-comb_type-add-bs-1100
+------------------------------+---------------+---------------+---------------+-------+
| Metric                       | Training      | Validation    | Test          | Epoch |
+------------------------------+---------------+---------------+---------------+-------+
| Train RMSE                   | 388.0356      | 426.7371      | 396.7307      | 6     |
| Val RMSE                     | 388.0356      | 426.7371      | 396.7307      | 6     |
| Test RMSE                    | 388.0356      | 426.7371      | 396.7307      | 6     |
| Best Train Custom Accuracy   | -17.4780      |               |               | 6     |
| Best Val Custom Accuracy     |               | -43.2430      |               | 6     |
| Best Test Custom Accuracy    |               |               | -7.0802       | 6     |
+------------------------------+---------------+---------------+---------------+-------+
Epoch 7:
train loss improved to 0.01871
train loss: 0.01871 | val loss: 0.05408 | test loss: 0.04520

Experiment Settings: seq_len-8-lr-0.3-d-32-hid_d-64-last_d-32-time_d-32-e_layers-2-comb_type-add-bs-1100
+------------------------------+---------------+---------------+---------------+-------+
| Metric                       | Training      | Validation    | Test          | Epoch |
+------------------------------+---------------+---------------+---------------+-------+
| Train RMSE                   | 254.1552      | 390.0626      | 287.2326      | 7     |
| Val RMSE                     | 388.0356      | 426.7371      | 396.7307      | 6     |
| Test RMSE                    | 388.0356      | 426.7371      | 396.7307      | 6     |
| Best Train Custom Accuracy   | -81.5979      |               |               | 7     |
| Best Val Custom Accuracy     |               | -43.2430      |               | 6     |
| Best Test Custom Accuracy    |               |               | -7.0802       | 6     |
+------------------------------+---------------+---------------+---------------+-------+
Epoch 8:
train loss improved to 0.01851
val loss improved to 0.04711
test loss improved to 0.03174
train loss: 0.01851 | val loss: 0.04711 | test loss: 0.03174

Experiment Settings: seq_len-8-lr-0.3-d-32-hid_d-64-last_d-32-time_d-32-e_layers-2-comb_type-add-bs-1100
+------------------------------+---------------+---------------+---------------+-------+
| Metric                       | Training      | Validation    | Test          | Epoch |
+------------------------------+---------------+---------------+---------------+-------+
| Train RMSE                   | 245.2341      | 384.9161      | 279.5470      | 8     |
| Val RMSE                     | 245.2341      | 384.9161      | 279.5470      | 8     |
| Test RMSE                    | 245.2341      | 384.9161      | 279.5470      | 8     |
| Best Train Custom Accuracy   | -86.9667      |               |               | 8     |
| Best Val Custom Accuracy     |               | -121.6470     |               | 8     |
| Best Test Custom Accuracy    |               |               | -51.5259      | 8     |
+------------------------------+---------------+---------------+---------------+-------+
Epoch 9:
val loss improved to 0.04539
test loss improved to 0.02988
train loss: 0.01851 | val loss: 0.04539 | test loss: 0.02988

Experiment Settings: seq_len-8-lr-0.3-d-32-hid_d-64-last_d-32-time_d-32-e_layers-2-comb_type-add-bs-1100
+------------------------------+---------------+---------------+---------------+-------+
| Metric                       | Training      | Validation    | Test          | Epoch |
+------------------------------+---------------+---------------+---------------+-------+
| Train RMSE                   | 245.2341      | 384.9161      | 279.5470      | 8     |
| Val RMSE                     | 260.3297      | 421.9206      | 300.1242      | 9     |
| Test RMSE                    | 260.3297      | 421.9206      | 300.1242      | 9     |
| Best Train Custom Accuracy   | -86.9667      |               |               | 8     |
| Best Val Custom Accuracy     |               | -238.4206     |               | 9     |
| Best Test Custom Accuracy    |               |               | -97.8014      | 9     |
+------------------------------+---------------+---------------+---------------+-------+
Epoch 10:
train loss improved to 0.01644
train loss: 0.01644 | val loss: 0.04539 | test loss: 0.02988

Experiment Settings: seq_len-8-lr-0.3-d-32-hid_d-64-last_d-32-time_d-32-e_layers-2-comb_type-add-bs-1100
+------------------------------+---------------+---------------+---------------+-------+
| Metric                       | Training      | Validation    | Test          | Epoch |
+------------------------------+---------------+---------------+---------------+-------+
| Train RMSE                   | 472.8424      | 524.5760      | 483.6023      | 10    |
| Val RMSE                     | 260.3297      | 421.9206      | 300.1242      | 9     |
| Test RMSE                    | 260.3297      | 421.9206      | 300.1242      | 9     |
| Best Train Custom Accuracy   | -383.5043     |               |               | 10    |
| Best Val Custom Accuracy     |               | -238.4206     |               | 9     |
| Best Test Custom Accuracy    |               |               | -97.8014      | 9     |
+------------------------------+---------------+---------------+---------------+-------+
Error during experiment: WindPowerExperiment.__init__() missing 1 required positional argument: 'config'
Traceback (most recent call last):
  File "/data3/lsf/Pein/Power-Prediction/run_scripts/run_exp.py", line 50, in execute_experiment_with_logging
    execute_experiment(config)
  File "/data3/lsf/Pein/Power-Prediction/run_scripts/single_exp.py", line 106, in execute_experiment
    custom_test(
  File "/data3/lsf/Pein/Power-Prediction/utils/results.py", line 103, in custom_test
    pl_module = model_class.load_from_checkpoint(best_model_path)
  File "/home/lsf/anaconda3/envs/Pein_310/lib/python3.10/site-packages/pytorch_lightning/utilities/model_helpers.py", line 125, in wrapper
    return self.method(cls, *args, **kwargs)
  File "/home/lsf/anaconda3/envs/Pein_310/lib/python3.10/site-packages/pytorch_lightning/core/module.py", line 1586, in load_from_checkpoint
    loaded = _load_from_checkpoint(
  File "/home/lsf/anaconda3/envs/Pein_310/lib/python3.10/site-packages/pytorch_lightning/core/saving.py", line 91, in _load_from_checkpoint
    model = _load_state(cls, checkpoint, strict=strict, **kwargs)
  File "/home/lsf/anaconda3/envs/Pein_310/lib/python3.10/site-packages/pytorch_lightning/core/saving.py", line 165, in _load_state
    obj = instantiator(cls, _cls_kwargs) if instantiator else cls(**_cls_kwargs)
TypeError: WindPowerExperiment.__init__() missing 1 required positional argument: 'config'
Experiment finished.
