Running experiment with config: Namespace(seed=17, is_training=1, task_name='default', des='test', comment='debug', log_output_dir='/data3/lsf/Pein/Power-Prediction/log_output/debug', output_dir='/data3/lsf/Pein/Power-Prediction/output/debug', final_best_metrics_log_path='/data3/lsf/Pein/Power-Prediction/final_best_metrics.log', data_root_dir='/data3/lsf/Pein/Power-Prediction/data', train_path='train_data_89_withTime.csv', test_path='train_data_89_withTime.csv', train_val_split=0.2, target='power', inverse=True, num_workers=8, data='WindPower', model='SimpleMLP', input_dim=75, dec_in=75, output_dim=1, d_model=32, n_heads=4, e_layers=2, d_layers=1, hidden_dim=64, last_hidden_dim=32, top_k=5, num_kernels=6, activation='gelu', time_d_model=32, combine_type='add', seq_len=8, pred_len=1, exp_settings='seq_len-8-lr-0.05-d-32-hid_d-64-last_d-32-time_d-32-e_layers-2-comb_type-add-bs-1100', gradient_clip_val=2, train_epochs=100, batch_size=1100, early_stop_patience=15, learning_rate=0.05, loss='MSE', lradj='TST', pct_start=0.2, use_amp=False, moving_avg=25, dropout=0.1, decomp_method='moving_avg', use_norm=1, down_sampling_layers=2, down_sampling_window=2, down_sampling_method='avg', scheduler_type='OneCycleLR', T_max=20, weight_decay=0.0001, patience=5, Reduce_factor=0.2, use_gpu=True, gpu=0, use_multi_gpu=False, use_all_gpus_for_search=True, min_y_value=0.0)


min_y_value has been set to 0.0

/home/lsf/anaconda3/envs/Pein_310/lib/python3.10/site-packages/lightning_fabric/plugins/environments/slurm.py:204: The `srun` command is available on your system but is not used. HINT: If your intention is to run Lightning on SLURM, prepend your python command with `srun` like so: srun python /data3/lsf/Pein/Power-Prediction/run_scripts/run_exp ...
/home/lsf/anaconda3/envs/Pein_310/lib/python3.10/site-packages/pytorch_lightning/loops/fit_loop.py:298: The number of training batches (11) is smaller than the logging interval Trainer(log_every_n_steps=1100). Set a lower value for log_every_n_steps if you want to see logs for the training epoch.
Epoch 1:
val loss improved to 0.33148
test loss improved to 0.78171
train loss: inf | val loss: 0.33148 | test loss: 0.78171

Experiment Settings: seq_len-8-lr-0.05-d-32-hid_d-64-last_d-32-time_d-32-e_layers-2-comb_type-add-bs-1100
+------------------------------+---------------+---------------+---------------+-------+
| Metric                       | Training      | Validation    | Test          | Epoch |
+------------------------------+---------------+---------------+---------------+-------+
| Train RMSE                   | inf           | inf           | inf           | -1    |
| Val RMSE                     | 654.9309      | 676.6609      | 659.6138      | 1     |
| Test RMSE                    | 654.9309      | 676.6609      | 659.6138      | 1     |
| Best Train Custom Accuracy   | inf           |               |               | -1    |
| Best Val Custom Accuracy     |               | 12.4389       |               | 1     |
| Best Test Custom Accuracy    |               |               | 10.2809       | 1     |
+------------------------------+---------------+---------------+---------------+-------+
Epoch 2:
train loss improved to 0.24212
val loss improved to 0.25776
test loss improved to 0.22633
train loss: 0.24212 | val loss: 0.25776 | test loss: 0.22633

Experiment Settings: seq_len-8-lr-0.05-d-32-hid_d-64-last_d-32-time_d-32-e_layers-2-comb_type-add-bs-1100
+------------------------------+---------------+---------------+---------------+-------+
| Metric                       | Training      | Validation    | Test          | Epoch |
+------------------------------+---------------+---------------+---------------+-------+
| Train RMSE                   | 536.8457      | 579.5035      | 546.0458      | 2     |
| Val RMSE                     | 536.8457      | 579.5035      | 546.0458      | 2     |
| Test RMSE                    | 536.8457      | 579.5035      | 546.0458      | 2     |
| Best Train Custom Accuracy   | 14.2031       |               |               | 2     |
| Best Val Custom Accuracy     |               | 17.4366       |               | 2     |
| Best Test Custom Accuracy    |               |               | 17.0036       | 2     |
+------------------------------+---------------+---------------+---------------+-------+
Epoch 3:
train loss improved to 0.12878
val loss improved to 0.17511
test loss improved to 0.15935
train loss: 0.12878 | val loss: 0.17511 | test loss: 0.15935

Experiment Settings: seq_len-8-lr-0.05-d-32-hid_d-64-last_d-32-time_d-32-e_layers-2-comb_type-add-bs-1100
+------------------------------+---------------+---------------+---------------+-------+
| Metric                       | Training      | Validation    | Test          | Epoch |
+------------------------------+---------------+---------------+---------------+-------+
| Train RMSE                   | 327.7746      | 418.4217      | 348.5280      | 3     |
| Val RMSE                     | 327.7746      | 418.4217      | 348.5280      | 3     |
| Test RMSE                    | 327.7746      | 418.4217      | 348.5280      | 3     |
| Best Train Custom Accuracy   | -82.7596      |               |               | 3     |
| Best Val Custom Accuracy     |               | -129.5895     |               | 3     |
| Best Test Custom Accuracy    |               |               | -51.3091      | 3     |
+------------------------------+---------------+---------------+---------------+-------+
Epoch 4:
train loss improved to 0.05098
val loss improved to 0.05863
test loss improved to 0.04499
train loss: 0.05098 | val loss: 0.05863 | test loss: 0.04499

Experiment Settings: seq_len-8-lr-0.05-d-32-hid_d-64-last_d-32-time_d-32-e_layers-2-comb_type-add-bs-1100
+------------------------------+---------------+---------------+---------------+-------+
| Metric                       | Training      | Validation    | Test          | Epoch |
+------------------------------+---------------+---------------+---------------+-------+
| Train RMSE                   | 500.7185      | 410.5948      | 484.2834      | 4     |
| Val RMSE                     | 500.7185      | 410.5948      | 484.2834      | 4     |
| Test RMSE                    | 500.7185      | 410.5948      | 484.2834      | 4     |
| Best Train Custom Accuracy   | -208.4328     |               |               | 4     |
| Best Val Custom Accuracy     |               | -237.6936     |               | 4     |
| Best Test Custom Accuracy    |               |               | -153.2714     | 4     |
+------------------------------+---------------+---------------+---------------+-------+
Epoch 5:
train loss improved to 0.02932
val loss improved to 0.05087
train loss: 0.02932 | val loss: 0.05087 | test loss: 0.04499

Experiment Settings: seq_len-8-lr-0.05-d-32-hid_d-64-last_d-32-time_d-32-e_layers-2-comb_type-add-bs-1100
+------------------------------+---------------+---------------+---------------+-------+
| Metric                       | Training      | Validation    | Test          | Epoch |
+------------------------------+---------------+---------------+---------------+-------+
| Train RMSE                   | 291.9976      | 394.2710      | 315.8635      | 5     |
| Val RMSE                     | 291.9976      | 394.2710      | 315.8635      | 5     |
| Test RMSE                    | 500.7185      | 410.5948      | 484.2834      | 4     |
| Best Train Custom Accuracy   | -38.4637      |               |               | 5     |
| Best Val Custom Accuracy     |               | -50.1900      |               | 5     |
| Best Test Custom Accuracy    |               |               | -153.2714     | 4     |
+------------------------------+---------------+---------------+---------------+-------+
Epoch 6:
train loss improved to 0.02182
val loss improved to 0.04945
test loss improved to 0.03783
train loss: 0.02182 | val loss: 0.04945 | test loss: 0.03783

Experiment Settings: seq_len-8-lr-0.05-d-32-hid_d-64-last_d-32-time_d-32-e_layers-2-comb_type-add-bs-1100
+------------------------------+---------------+---------------+---------------+-------+
| Metric                       | Training      | Validation    | Test          | Epoch |
+------------------------------+---------------+---------------+---------------+-------+
| Train RMSE                   | 257.2177      | 405.9919      | 293.6641      | 6     |
| Val RMSE                     | 257.2177      | 405.9919      | 293.6641      | 6     |
| Test RMSE                    | 257.2177      | 405.9919      | 293.6641      | 6     |
| Best Train Custom Accuracy   | -55.0144      |               |               | 6     |
| Best Val Custom Accuracy     |               | -85.0331      |               | 6     |
| Best Test Custom Accuracy    |               |               | -30.4017      | 6     |
+------------------------------+---------------+---------------+---------------+-------+
Epoch 7:
train loss improved to 0.01938
test loss improved to 0.03328
train loss: 0.01938 | val loss: 0.04945 | test loss: 0.03328

Experiment Settings: seq_len-8-lr-0.05-d-32-hid_d-64-last_d-32-time_d-32-e_layers-2-comb_type-add-bs-1100
+------------------------------+---------------+---------------+---------------+-------+
| Metric                       | Training      | Validation    | Test          | Epoch |
+------------------------------+---------------+---------------+---------------+-------+
| Train RMSE                   | 242.1706      | 409.7544      | 284.2357      | 7     |
| Val RMSE                     | 257.2177      | 405.9919      | 293.6641      | 6     |
| Test RMSE                    | 242.1706      | 409.7544      | 284.2357      | 7     |
| Best Train Custom Accuracy   | -78.3595      |               |               | 7     |
| Best Val Custom Accuracy     |               | -85.0331      |               | 6     |
| Best Test Custom Accuracy    |               |               | -54.1357      | 7     |
+------------------------------+---------------+---------------+---------------+-------+
Epoch 8:
train loss improved to 0.01751
test loss improved to 0.03155
train loss: 0.01751 | val loss: 0.04945 | test loss: 0.03155

Experiment Settings: seq_len-8-lr-0.05-d-32-hid_d-64-last_d-32-time_d-32-e_layers-2-comb_type-add-bs-1100
+------------------------------+---------------+---------------+---------------+-------+
| Metric                       | Training      | Validation    | Test          | Epoch |
+------------------------------+---------------+---------------+---------------+-------+
| Train RMSE                   | 237.7395      | 385.1747      | 274.0981      | 8     |
| Val RMSE                     | 257.2177      | 405.9919      | 293.6641      | 6     |
| Test RMSE                    | 237.7395      | 385.1747      | 274.0981      | 8     |
| Best Train Custom Accuracy   | -50.8565      |               |               | 8     |
| Best Val Custom Accuracy     |               | -85.0331      |               | 6     |
| Best Test Custom Accuracy    |               |               | -37.9996      | 8     |
+------------------------------+---------------+---------------+---------------+-------+
Epoch 9:
train loss improved to 0.01658
val loss improved to 0.04526
test loss improved to 0.02840
train loss: 0.01658 | val loss: 0.04526 | test loss: 0.02840

Experiment Settings: seq_len-8-lr-0.05-d-32-hid_d-64-last_d-32-time_d-32-e_layers-2-comb_type-add-bs-1100
+------------------------------+---------------+---------------+---------------+-------+
| Metric                       | Training      | Validation    | Test          | Epoch |
+------------------------------+---------------+---------------+---------------+-------+
| Train RMSE                   | 236.1832      | 402.6836      | 278.4009      | 9     |
| Val RMSE                     | 236.1832      | 402.6836      | 278.4009      | 9     |
| Test RMSE                    | 236.1832      | 402.6836      | 278.4009      | 9     |
| Best Train Custom Accuracy   | -23.2286      |               |               | 9     |
| Best Val Custom Accuracy     |               | -88.3344      |               | 9     |
| Best Test Custom Accuracy    |               |               | -14.5091      | 9     |
+------------------------------+---------------+---------------+---------------+-------+
Epoch 10:
train loss improved to 0.01565
train loss: 0.01565 | val loss: 0.04526 | test loss: 0.02840

Experiment Settings: seq_len-8-lr-0.05-d-32-hid_d-64-last_d-32-time_d-32-e_layers-2-comb_type-add-bs-1100
+------------------------------+---------------+---------------+---------------+-------+
| Metric                       | Training      | Validation    | Test          | Epoch |
+------------------------------+---------------+---------------+---------------+-------+
| Train RMSE                   | 220.7410      | 389.6086      | 264.0065      | 10    |
| Val RMSE                     | 236.1832      | 402.6836      | 278.4009      | 9     |
| Test RMSE                    | 236.1832      | 402.6836      | 278.4009      | 9     |
| Best Train Custom Accuracy   | -31.1337      |               |               | 10    |
| Best Val Custom Accuracy     |               | -88.3344      |               | 9     |
| Best Test Custom Accuracy    |               |               | -14.5091      | 9     |
+------------------------------+---------------+---------------+---------------+-------+
Epoch 11:
train loss improved to 0.01485
test loss improved to 0.02818
train loss: 0.01485 | val loss: 0.04526 | test loss: 0.02818

Experiment Settings: seq_len-8-lr-0.05-d-32-hid_d-64-last_d-32-time_d-32-e_layers-2-comb_type-add-bs-1100
+------------------------------+---------------+---------------+---------------+-------+
| Metric                       | Training      | Validation    | Test          | Epoch |
+------------------------------+---------------+---------------+---------------+-------+
| Train RMSE                   | 213.6760      | 407.2469      | 264.8313      | 11    |
| Val RMSE                     | 236.1832      | 402.6836      | 278.4009      | 9     |
| Test RMSE                    | 213.6760      | 407.2469      | 264.8313      | 11    |
| Best Train Custom Accuracy   | -15.6307      |               |               | 11    |
| Best Val Custom Accuracy     |               | -88.3344      |               | 9     |
| Best Test Custom Accuracy    |               |               | -9.2285       | 11    |
+------------------------------+---------------+---------------+---------------+-------+
Epoch 12:
train loss improved to 0.01377
train loss: 0.01377 | val loss: 0.04526 | test loss: 0.02818

Experiment Settings: seq_len-8-lr-0.05-d-32-hid_d-64-last_d-32-time_d-32-e_layers-2-comb_type-add-bs-1100
+------------------------------+---------------+---------------+---------------+-------+
| Metric                       | Training      | Validation    | Test          | Epoch |
+------------------------------+---------------+---------------+---------------+-------+
| Train RMSE                   | 219.1626      | 408.6113      | 268.5097      | 12    |
| Val RMSE                     | 236.1832      | 402.6836      | 278.4009      | 9     |
| Test RMSE                    | 213.6760      | 407.2469      | 264.8313      | 11    |
| Best Train Custom Accuracy   | -46.8269      |               |               | 12    |
| Best Val Custom Accuracy     |               | -88.3344      |               | 9     |
| Best Test Custom Accuracy    |               |               | -9.2285       | 11    |
+------------------------------+---------------+---------------+---------------+-------+
Epoch 13:
train loss improved to 0.01307
train loss: 0.01307 | val loss: 0.04526 | test loss: 0.02818

Experiment Settings: seq_len-8-lr-0.05-d-32-hid_d-64-last_d-32-time_d-32-e_layers-2-comb_type-add-bs-1100
+------------------------------+---------------+---------------+---------------+-------+
| Metric                       | Training      | Validation    | Test          | Epoch |
+------------------------------+---------------+---------------+---------------+-------+
| Train RMSE                   | 194.4304      | 440.1490      | 263.3448      | 13    |
| Val RMSE                     | 236.1832      | 402.6836      | 278.4009      | 9     |
| Test RMSE                    | 213.6760      | 407.2469      | 264.8313      | 11    |
| Best Train Custom Accuracy   | -20.1955      |               |               | 13    |
| Best Val Custom Accuracy     |               | -88.3344      |               | 9     |
| Best Test Custom Accuracy    |               |               | -9.2285       | 11    |
+------------------------------+---------------+---------------+---------------+-------+
Epoch 14:
train loss improved to 0.01193
train loss: 0.01193 | val loss: 0.04526 | test loss: 0.02818

Experiment Settings: seq_len-8-lr-0.05-d-32-hid_d-64-last_d-32-time_d-32-e_layers-2-comb_type-add-bs-1100
+------------------------------+---------------+---------------+---------------+-------+
| Metric                       | Training      | Validation    | Test          | Epoch |
+------------------------------+---------------+---------------+---------------+-------+
| Train RMSE                   | 187.6593      | 440.2934      | 259.3625      | 14    |
| Val RMSE                     | 236.1832      | 402.6836      | 278.4009      | 9     |
| Test RMSE                    | 213.6760      | 407.2469      | 264.8313      | 11    |
| Best Train Custom Accuracy   | -13.7678      |               |               | 14    |
| Best Val Custom Accuracy     |               | -88.3344      |               | 9     |
| Best Test Custom Accuracy    |               |               | -9.2285       | 11    |
+------------------------------+---------------+---------------+---------------+-------+
Epoch 15:
train loss improved to 0.01153
train loss: 0.01153 | val loss: 0.04526 | test loss: 0.02818

Experiment Settings: seq_len-8-lr-0.05-d-32-hid_d-64-last_d-32-time_d-32-e_layers-2-comb_type-add-bs-1100
+------------------------------+---------------+---------------+---------------+-------+
| Metric                       | Training      | Validation    | Test          | Epoch |
+------------------------------+---------------+---------------+---------------+-------+
| Train RMSE                   | 202.0844      | 409.8060      | 257.7153      | 15    |
| Val RMSE                     | 236.1832      | 402.6836      | 278.4009      | 9     |
| Test RMSE                    | 213.6760      | 407.2469      | 264.8313      | 11    |
| Best Train Custom Accuracy   | -36.0444      |               |               | 15    |
| Best Val Custom Accuracy     |               | -88.3344      |               | 9     |
| Best Test Custom Accuracy    |               |               | -9.2285       | 11    |
+------------------------------+---------------+---------------+---------------+-------+
Epoch 16:
train loss improved to 0.01000
test loss improved to 0.02711
train loss: 0.01000 | val loss: 0.04526 | test loss: 0.02711

Experiment Settings: seq_len-8-lr-0.05-d-32-hid_d-64-last_d-32-time_d-32-e_layers-2-comb_type-add-bs-1100
+------------------------------+---------------+---------------+---------------+-------+
| Metric                       | Training      | Validation    | Test          | Epoch |
+------------------------------+---------------+---------------+---------------+-------+
| Train RMSE                   | 216.2370      | 451.6483      | 280.1982      | 16    |
| Val RMSE                     | 236.1832      | 402.6836      | 278.4009      | 9     |
| Test RMSE                    | 216.2370      | 451.6483      | 280.1982      | 16    |
| Best Train Custom Accuracy   | 20.0851       |               |               | 16    |
| Best Val Custom Accuracy     |               | -88.3344      |               | 9     |
| Best Test Custom Accuracy    |               |               | 14.2834       | 16    |
+------------------------------+---------------+---------------+---------------+-------+
Epoch 17:
train loss improved to 0.00958
train loss: 0.00958 | val loss: 0.04526 | test loss: 0.02711

Experiment Settings: seq_len-8-lr-0.05-d-32-hid_d-64-last_d-32-time_d-32-e_layers-2-comb_type-add-bs-1100
+------------------------------+---------------+---------------+---------------+-------+
| Metric                       | Training      | Validation    | Test          | Epoch |
+------------------------------+---------------+---------------+---------------+-------+
| Train RMSE                   | 170.9846      | 411.3635      | 239.8394      | 17    |
| Val RMSE                     | 236.1832      | 402.6836      | 278.4009      | 9     |
| Test RMSE                    | 216.2370      | 451.6483      | 280.1982      | 16    |
| Best Train Custom Accuracy   | 8.1392        |               |               | 17    |
| Best Val Custom Accuracy     |               | -88.3344      |               | 9     |
| Best Test Custom Accuracy    |               |               | 14.2834       | 16    |
+------------------------------+---------------+---------------+---------------+-------+
Epoch 18:
train loss improved to 0.00950
test loss improved to 0.02491
train loss: 0.00950 | val loss: 0.04526 | test loss: 0.02491

Experiment Settings: seq_len-8-lr-0.05-d-32-hid_d-64-last_d-32-time_d-32-e_layers-2-comb_type-add-bs-1100
+------------------------------+---------------+---------------+---------------+-------+
| Metric                       | Training      | Validation    | Test          | Epoch |
+------------------------------+---------------+---------------+---------------+-------+
| Train RMSE                   | 154.9572      | 413.0602      | 231.2024      | 18    |
| Val RMSE                     | 236.1832      | 402.6836      | 278.4009      | 9     |
| Test RMSE                    | 154.9572      | 413.0602      | 231.2024      | 18    |
| Best Train Custom Accuracy   | -6.8486       |               |               | 18    |
| Best Val Custom Accuracy     |               | -88.3344      |               | 9     |
| Best Test Custom Accuracy    |               |               | -15.3636      | 18    |
+------------------------------+---------------+---------------+---------------+-------+
Epoch 19:
train loss improved to 0.00922
test loss improved to 0.02140
train loss: 0.00922 | val loss: 0.04526 | test loss: 0.02140

Experiment Settings: seq_len-8-lr-0.05-d-32-hid_d-64-last_d-32-time_d-32-e_layers-2-comb_type-add-bs-1100
+------------------------------+---------------+---------------+---------------+-------+
| Metric                       | Training      | Validation    | Test          | Epoch |
+------------------------------+---------------+---------------+---------------+-------+
| Train RMSE                   | 203.3370      | 438.4933      | 268.1620      | 19    |
| Val RMSE                     | 236.1832      | 402.6836      | 278.4009      | 9     |
| Test RMSE                    | 203.3370      | 438.4933      | 268.1620      | 19    |
| Best Train Custom Accuracy   | 26.7090       |               |               | 19    |
| Best Val Custom Accuracy     |               | -88.3344      |               | 9     |
| Best Test Custom Accuracy    |               |               | 12.5083       | 19    |
+------------------------------+---------------+---------------+---------------+-------+
Epoch 21:
train loss improved to 0.00727
test loss improved to 0.02135
train loss: 0.00727 | val loss: 0.04526 | test loss: 0.02135

Experiment Settings: seq_len-8-lr-0.05-d-32-hid_d-64-last_d-32-time_d-32-e_layers-2-comb_type-add-bs-1100
+------------------------------+---------------+---------------+---------------+-------+
| Metric                       | Training      | Validation    | Test          | Epoch |
+------------------------------+---------------+---------------+---------------+-------+
| Train RMSE                   | 140.1970      | 431.6078      | 230.5404      | 21    |
| Val RMSE                     | 236.1832      | 402.6836      | 278.4009      | 9     |
| Test RMSE                    | 140.1970      | 431.6078      | 230.5404      | 21    |
| Best Train Custom Accuracy   | 16.7079       |               |               | 21    |
| Best Val Custom Accuracy     |               | -88.3344      |               | 9     |
| Best Test Custom Accuracy    |               |               | 3.0013        | 21    |
+------------------------------+---------------+---------------+---------------+-------+
Epoch 22:
train loss improved to 0.00640
train loss: 0.00640 | val loss: 0.04526 | test loss: 0.02135

Experiment Settings: seq_len-8-lr-0.05-d-32-hid_d-64-last_d-32-time_d-32-e_layers-2-comb_type-add-bs-1100
+------------------------------+---------------+---------------+---------------+-------+
| Metric                       | Training      | Validation    | Test          | Epoch |
+------------------------------+---------------+---------------+---------------+-------+
| Train RMSE                   | 153.3468      | 417.5263      | 232.1706      | 22    |
| Val RMSE                     | 236.1832      | 402.6836      | 278.4009      | 9     |
| Test RMSE                    | 140.1970      | 431.6078      | 230.5404      | 21    |
| Best Train Custom Accuracy   | -14.2576      |               |               | 22    |
| Best Val Custom Accuracy     |               | -88.3344      |               | 9     |
| Best Test Custom Accuracy    |               |               | 3.0013        | 21    |
+------------------------------+---------------+---------------+---------------+-------+
Epoch 23:
train loss improved to 0.00559
train loss: 0.00559 | val loss: 0.04526 | test loss: 0.02135

Experiment Settings: seq_len-8-lr-0.05-d-32-hid_d-64-last_d-32-time_d-32-e_layers-2-comb_type-add-bs-1100
+------------------------------+---------------+---------------+---------------+-------+
| Metric                       | Training      | Validation    | Test          | Epoch |
+------------------------------+---------------+---------------+---------------+-------+
| Train RMSE                   | 130.1957      | 466.2572      | 238.9357      | 23    |
| Val RMSE                     | 236.1832      | 402.6836      | 278.4009      | 9     |
| Test RMSE                    | 140.1970      | 431.6078      | 230.5404      | 21    |
| Best Train Custom Accuracy   | 13.2942       |               |               | 23    |
| Best Val Custom Accuracy     |               | -88.3344      |               | 9     |
| Best Test Custom Accuracy    |               |               | 3.0013        | 21    |
+------------------------------+---------------+---------------+---------------+-------+
Error during experiment: WindPowerExperiment.__init__() missing 1 required positional argument: 'config'
Traceback (most recent call last):
  File "/data3/lsf/Pein/Power-Prediction/run_scripts/run_exp.py", line 50, in execute_experiment_with_logging
    execute_experiment(config)
  File "/data3/lsf/Pein/Power-Prediction/run_scripts/single_exp.py", line 106, in execute_experiment
    custom_test(
  File "/data3/lsf/Pein/Power-Prediction/utils/results.py", line 103, in custom_test
    pl_module = model_class.load_from_checkpoint(best_model_path)
  File "/home/lsf/anaconda3/envs/Pein_310/lib/python3.10/site-packages/pytorch_lightning/utilities/model_helpers.py", line 125, in wrapper
    return self.method(cls, *args, **kwargs)
  File "/home/lsf/anaconda3/envs/Pein_310/lib/python3.10/site-packages/pytorch_lightning/core/module.py", line 1586, in load_from_checkpoint
    loaded = _load_from_checkpoint(
  File "/home/lsf/anaconda3/envs/Pein_310/lib/python3.10/site-packages/pytorch_lightning/core/saving.py", line 91, in _load_from_checkpoint
    model = _load_state(cls, checkpoint, strict=strict, **kwargs)
  File "/home/lsf/anaconda3/envs/Pein_310/lib/python3.10/site-packages/pytorch_lightning/core/saving.py", line 165, in _load_state
    obj = instantiator(cls, _cls_kwargs) if instantiator else cls(**_cls_kwargs)
TypeError: WindPowerExperiment.__init__() missing 1 required positional argument: 'config'
Experiment finished.
