Running experiment with config: Namespace(seed=17, is_training=1, task_name='default', des='test', comment='debug', log_output_dir='/data3/lsf/Pein/Power-Prediction/log_output/debug', output_dir='/data3/lsf/Pein/Power-Prediction/output/debug', final_best_metrics_log_path='/data3/lsf/Pein/Power-Prediction/final_best_metrics.log', data_root_dir='/data3/lsf/Pein/Power-Prediction/data', train_path='train_data_89_withTime.csv', test_path='train_data_89_withTime.csv', train_val_split=0.2, target='power', inverse=True, num_workers=8, data='WindPower', model='SimpleMLP', input_dim=75, dec_in=75, output_dim=1, d_model=32, n_heads=4, e_layers=2, d_layers=1, hidden_dim=64, last_hidden_dim=32, top_k=5, num_kernels=6, activation='gelu', time_d_model=32, combine_type='add', seq_len=8, pred_len=1, exp_settings='seq_len-8-lr-0.25-d-32-hid_d-64-last_d-32-time_d-32-e_layers-2-comb_type-add-bs-1100', gradient_clip_val=2, train_epochs=100, batch_size=1100, early_stop_patience=15, learning_rate=0.25, loss='MSE', lradj='TST', pct_start=0.2, use_amp=False, moving_avg=25, dropout=0.1, decomp_method='moving_avg', use_norm=1, down_sampling_layers=2, down_sampling_window=2, down_sampling_method='avg', scheduler_type='OneCycleLR', T_max=20, weight_decay=0.0001, patience=5, Reduce_factor=0.2, use_gpu=True, gpu=0, use_multi_gpu=False, use_all_gpus_for_search=True, min_y_value=0.0)


min_y_value has been set to 0.0

/home/lsf/anaconda3/envs/Pein_310/lib/python3.10/site-packages/lightning_fabric/plugins/environments/slurm.py:204: The `srun` command is available on your system but is not used. HINT: If your intention is to run Lightning on SLURM, prepend your python command with `srun` like so: srun python /data3/lsf/Pein/Power-Prediction/run_scripts/run_exp ...
/home/lsf/anaconda3/envs/Pein_310/lib/python3.10/site-packages/pytorch_lightning/loops/fit_loop.py:298: The number of training batches (11) is smaller than the logging interval Trainer(log_every_n_steps=1100). Set a lower value for log_every_n_steps if you want to see logs for the training epoch.
Epoch 1:
val loss improved to 0.33148
test loss improved to 0.78171
train loss: inf | val loss: 0.33148 | test loss: 0.78171

Experiment Settings: seq_len-8-lr-0.25-d-32-hid_d-64-last_d-32-time_d-32-e_layers-2-comb_type-add-bs-1100
+------------------------------+---------------+---------------+---------------+-------+
| Metric                       | Training      | Validation    | Test          | Epoch |
+------------------------------+---------------+---------------+---------------+-------+
| Train RMSE                   | inf           | inf           | inf           | -1    |
| Val RMSE                     | 510.7312      | 611.0986      | 532.7224      | 1     |
| Test RMSE                    | 510.7312      | 611.0986      | 532.7224      | 1     |
| Best Train Custom Accuracy   | inf           |               |               | -1    |
| Best Val Custom Accuracy     |               | 13.9388       |               | 1     |
| Best Test Custom Accuracy    |               |               | 15.9067       | 1     |
+------------------------------+---------------+---------------+---------------+-------+
Epoch 2:
train loss improved to 0.19263
test loss improved to 0.30190
train loss: 0.19263 | val loss: 0.33148 | test loss: 0.30190

Experiment Settings: seq_len-8-lr-0.25-d-32-hid_d-64-last_d-32-time_d-32-e_layers-2-comb_type-add-bs-1100
+------------------------------+---------------+---------------+---------------+-------+
| Metric                       | Training      | Validation    | Test          | Epoch |
+------------------------------+---------------+---------------+---------------+-------+
| Train RMSE                   | 506.3618      | 455.4583      | 497.0963      | 2     |
| Val RMSE                     | 510.7312      | 611.0986      | 532.7224      | 1     |
| Test RMSE                    | 506.3618      | 455.4583      | 497.0963      | 2     |
| Best Train Custom Accuracy   | -56.2938      |               |               | 2     |
| Best Val Custom Accuracy     |               | 13.9388       |               | 1     |
| Best Test Custom Accuracy    |               |               | -27.6920      | 2     |
+------------------------------+---------------+---------------+---------------+-------+
Epoch 3:
train loss improved to 0.04074
val loss improved to 0.08149
test loss improved to 0.08702
train loss: 0.04074 | val loss: 0.08149 | test loss: 0.08702

Experiment Settings: seq_len-8-lr-0.25-d-32-hid_d-64-last_d-32-time_d-32-e_layers-2-comb_type-add-bs-1100
+------------------------------+---------------+---------------+---------------+-------+
| Metric                       | Training      | Validation    | Test          | Epoch |
+------------------------------+---------------+---------------+---------------+-------+
| Train RMSE                   | 463.6387      | 447.9070      | 461.0815      | 3     |
| Val RMSE                     | 463.6387      | 447.9070      | 461.0815      | 3     |
| Test RMSE                    | 463.6387      | 447.9070      | 461.0815      | 3     |
| Best Train Custom Accuracy   | -90.1021      |               |               | 3     |
| Best Val Custom Accuracy     |               | -104.9321     |               | 3     |
| Best Test Custom Accuracy    |               |               | -57.5342      | 3     |
+------------------------------+---------------+---------------+---------------+-------+
Epoch 4:
train loss improved to 0.02677
val loss improved to 0.06491
test loss improved to 0.06954
train loss: 0.02677 | val loss: 0.06491 | test loss: 0.06954

Experiment Settings: seq_len-8-lr-0.25-d-32-hid_d-64-last_d-32-time_d-32-e_layers-2-comb_type-add-bs-1100
+------------------------------+---------------+---------------+---------------+-------+
| Metric                       | Training      | Validation    | Test          | Epoch |
+------------------------------+---------------+---------------+---------------+-------+
| Train RMSE                   | 518.6352      | 470.3668      | 509.8254      | 4     |
| Val RMSE                     | 518.6352      | 470.3668      | 509.8254      | 4     |
| Test RMSE                    | 518.6352      | 470.3668      | 509.8254      | 4     |
| Best Train Custom Accuracy   | -36.0993      |               |               | 4     |
| Best Val Custom Accuracy     |               | -23.2079      |               | 4     |
| Best Test Custom Accuracy    |               |               | -15.9772      | 4     |
+------------------------------+---------------+---------------+---------------+-------+
Epoch 5:
train loss improved to 0.02281
train loss: 0.02281 | val loss: 0.06491 | test loss: 0.06954

Experiment Settings: seq_len-8-lr-0.25-d-32-hid_d-64-last_d-32-time_d-32-e_layers-2-comb_type-add-bs-1100
+------------------------------+---------------+---------------+---------------+-------+
| Metric                       | Training      | Validation    | Test          | Epoch |
+------------------------------+---------------+---------------+---------------+-------+
| Train RMSE                   | 337.6848      | 418.9182      | 355.9766      | 5     |
| Val RMSE                     | 518.6352      | 470.3668      | 509.8254      | 4     |
| Test RMSE                    | 518.6352      | 470.3668      | 509.8254      | 4     |
| Best Train Custom Accuracy   | -50.3593      |               |               | 5     |
| Best Val Custom Accuracy     |               | -23.2079      |               | 4     |
| Best Test Custom Accuracy    |               |               | -15.9772      | 4     |
+------------------------------+---------------+---------------+---------------+-------+
Epoch 6:
train loss improved to 0.02033
val loss improved to 0.05616
test loss improved to 0.04793
train loss: 0.02033 | val loss: 0.05616 | test loss: 0.04793

Experiment Settings: seq_len-8-lr-0.25-d-32-hid_d-64-last_d-32-time_d-32-e_layers-2-comb_type-add-bs-1100
+------------------------------+---------------+---------------+---------------+-------+
| Metric                       | Training      | Validation    | Test          | Epoch |
+------------------------------+---------------+---------------+---------------+-------+
| Train RMSE                   | 299.0763      | 406.7274      | 324.2013      | 6     |
| Val RMSE                     | 299.0763      | 406.7274      | 324.2013      | 6     |
| Test RMSE                    | 299.0763      | 406.7274      | 324.2013      | 6     |
| Best Train Custom Accuracy   | -37.5133      |               |               | 6     |
| Best Val Custom Accuracy     |               | -73.3096      |               | 6     |
| Best Test Custom Accuracy    |               |               | -22.7972      | 6     |
+------------------------------+---------------+---------------+---------------+-------+
Epoch 7:
train loss improved to 0.01837
val loss improved to 0.05212
test loss improved to 0.04032
train loss: 0.01837 | val loss: 0.05212 | test loss: 0.04032

Experiment Settings: seq_len-8-lr-0.25-d-32-hid_d-64-last_d-32-time_d-32-e_layers-2-comb_type-add-bs-1100
+------------------------------+---------------+---------------+---------------+-------+
| Metric                       | Training      | Validation    | Test          | Epoch |
+------------------------------+---------------+---------------+---------------+-------+
| Train RMSE                   | 272.5456      | 385.7493      | 299.2596      | 7     |
| Val RMSE                     | 272.5456      | 385.7493      | 299.2596      | 7     |
| Test RMSE                    | 272.5456      | 385.7493      | 299.2596      | 7     |
| Best Train Custom Accuracy   | -71.9653      |               |               | 7     |
| Best Val Custom Accuracy     |               | -111.5856     |               | 7     |
| Best Test Custom Accuracy    |               |               | -46.7277      | 7     |
+------------------------------+---------------+---------------+---------------+-------+
Epoch 8:
train loss improved to 0.01718
val loss improved to 0.04618
test loss improved to 0.03347
train loss: 0.01718 | val loss: 0.04618 | test loss: 0.03347

Experiment Settings: seq_len-8-lr-0.25-d-32-hid_d-64-last_d-32-time_d-32-e_layers-2-comb_type-add-bs-1100
+------------------------------+---------------+---------------+---------------+-------+
| Metric                       | Training      | Validation    | Test          | Epoch |
+------------------------------+---------------+---------------+---------------+-------+
| Train RMSE                   | 231.5202      | 383.6308      | 269.6709      | 8     |
| Val RMSE                     | 231.5202      | 383.6308      | 269.6709      | 8     |
| Test RMSE                    | 231.5202      | 383.6308      | 269.6709      | 8     |
| Best Train Custom Accuracy   | -36.3342      |               |               | 8     |
| Best Val Custom Accuracy     |               | -96.0119      |               | 8     |
| Best Test Custom Accuracy    |               |               | -20.5769      | 8     |
+------------------------------+---------------+---------------+---------------+-------+
Epoch 9:
train loss improved to 0.01662
val loss improved to 0.04507
test loss improved to 0.02850
train loss: 0.01662 | val loss: 0.04507 | test loss: 0.02850

Experiment Settings: seq_len-8-lr-0.25-d-32-hid_d-64-last_d-32-time_d-32-e_layers-2-comb_type-add-bs-1100
+------------------------------+---------------+---------------+---------------+-------+
| Metric                       | Training      | Validation    | Test          | Epoch |
+------------------------------+---------------+---------------+---------------+-------+
| Train RMSE                   | 230.8556      | 398.6930      | 273.3417      | 9     |
| Val RMSE                     | 230.8556      | 398.6930      | 273.3417      | 9     |
| Test RMSE                    | 230.8556      | 398.6930      | 273.3417      | 9     |
| Best Train Custom Accuracy   | -102.3324     |               |               | 9     |
| Best Val Custom Accuracy     |               | -172.6384     |               | 9     |
| Best Test Custom Accuracy    |               |               | -70.3684      | 9     |
+------------------------------+---------------+---------------+---------------+-------+
Epoch 10:
train loss improved to 0.01529
train loss: 0.01529 | val loss: 0.04507 | test loss: 0.02850

Experiment Settings: seq_len-8-lr-0.25-d-32-hid_d-64-last_d-32-time_d-32-e_layers-2-comb_type-add-bs-1100
+------------------------------+---------------+---------------+---------------+-------+
| Metric                       | Training      | Validation    | Test          | Epoch |
+------------------------------+---------------+---------------+---------------+-------+
| Train RMSE                   | 331.1878      | 525.0476      | 378.6459      | 10    |
| Val RMSE                     | 230.8556      | 398.6930      | 273.3417      | 9     |
| Test RMSE                    | 230.8556      | 398.6930      | 273.3417      | 9     |
| Best Train Custom Accuracy   | 22.1280       |               |               | 10    |
| Best Val Custom Accuracy     |               | -172.6384     |               | 9     |
| Best Test Custom Accuracy    |               |               | -70.3684      | 9     |
+------------------------------+---------------+---------------+---------------+-------+
Error during experiment: WindPowerExperiment.__init__() missing 1 required positional argument: 'config'
Traceback (most recent call last):
  File "/data3/lsf/Pein/Power-Prediction/run_scripts/run_exp.py", line 50, in execute_experiment_with_logging
    execute_experiment(config)
  File "/data3/lsf/Pein/Power-Prediction/run_scripts/single_exp.py", line 106, in execute_experiment
    custom_test(
  File "/data3/lsf/Pein/Power-Prediction/utils/results.py", line 103, in custom_test
    pl_module = model_class.load_from_checkpoint(best_model_path)
  File "/home/lsf/anaconda3/envs/Pein_310/lib/python3.10/site-packages/pytorch_lightning/utilities/model_helpers.py", line 125, in wrapper
    return self.method(cls, *args, **kwargs)
  File "/home/lsf/anaconda3/envs/Pein_310/lib/python3.10/site-packages/pytorch_lightning/core/module.py", line 1586, in load_from_checkpoint
    loaded = _load_from_checkpoint(
  File "/home/lsf/anaconda3/envs/Pein_310/lib/python3.10/site-packages/pytorch_lightning/core/saving.py", line 91, in _load_from_checkpoint
    model = _load_state(cls, checkpoint, strict=strict, **kwargs)
  File "/home/lsf/anaconda3/envs/Pein_310/lib/python3.10/site-packages/pytorch_lightning/core/saving.py", line 165, in _load_state
    obj = instantiator(cls, _cls_kwargs) if instantiator else cls(**_cls_kwargs)
TypeError: WindPowerExperiment.__init__() missing 1 required positional argument: 'config'
Experiment finished.
